# JRE version: OpenJDK Runtime Environment Temurin-21.0.11+10 (21.0.11+10) (build 21.0.11+10-LTS)
# Java VM: OpenJDK 64-Bit Server VM Temurin-21.0.11+10 (21.0.11+10-LTS, mixed mode, sharing, tiered, compressed oops, compressed class ptrs, parallel gc, windows-amd64)
GC Precious Log:
 CardTable entry size: 512
 CPUs: 8 total, 8 available
 Memory: 7914M
 Large Page Support: Disabled
 NUMA Support: Disabled
 Compressed Oops: Enabled (32-bit)
 Alignments: Space 512K, Generation 512K, Heap 2M
 Heap Min Capacity: 100M
 Heap Initial Capacity: 100M
 Heap Max Capacity: 2G
 Pre-touch: Disabled
 Parallel Workers: 8
Heap:
 PSYoungGen      total 11264K, used 9319K [0x00000000d5580000, 0x00000000d6200000, 0x0000000100000000)
  eden space 10752K, 82% used [0x00000000d5580000,0x00000000d5e31ce0,0x00000000d6000000)
  from space 512K, 81% used [0x00000000d6180000,0x00000000d61e8040,0x00000000d6200000)
  to   space 512K, 0% used [0x00000000d6000000,0x00000000d6000000,0x00000000d6080000)
 ParOldGen       total 78848K, used 78556K [0x0000000080000000, 0x0000000084d00000, 0x00000000d5580000)
  object space 78848K, 99% used [0x0000000080000000,0x0000000084cb73b0,0x0000000084d00000)
 Metaspace       used 82660K, committed 84352K, reserved 1179648K
  class space    used 9941K, committed 10752K, reserved 1048576K
GC Heap History (20 events):
Event: 499.650 GC heap before
{Heap before GC invocations=122 (full 3):
 PSYoungGen      total 11776K, used 11754K [0x00000000d5580000, 0x00000000d6400000, 0x0000000100000000)
  eden space 11264K, 100% used [0x00000000d5580000,0x00000000d6080000,0x00000000d6080000)
  from space 512K, 95% used [0x00000000d6380000,0x00000000d63fa930,0x00000000d6400000)
  to   space 1536K, 0% used [0x00000000d6100000,0x00000000d6100000,0x00000000d6280000)
 ParOldGen       total 73216K, used 73093K [0x0000000080000000, 0x0000000084780000, 0x00000000d5580000)
  object space 73216K, 99% used [0x0000000080000000,0x00000000847616b8,0x0000000084780000)
 Metaspace       used 76338K, committed 77952K, reserved 1179648K
  class space    used 9419K, committed 10176K, reserved 1048576K
}
Event: 499.652 GC heap after
{Heap after GC invocations=122 (full 3):
 PSYoungGen      total 12800K, used 352K [0x00000000d5580000, 0x00000000d6400000, 0x0000000100000000)
  eden space 11264K, 0% used [0x00000000d5580000,0x00000000d5580000,0x00000000d6080000)
  from space 1536K, 22% used [0x00000000d6100000,0x00000000d6158000,0x00000000d6280000)
  to   space 1024K, 0% used [0x00000000d6300000,0x00000000d6300000,0x00000000d6400000)
 ParOldGen       total 73728K, used 73506K [0x0000000080000000, 0x0000000084800000, 0x00000000d5580000)
  object space 73728K, 99% used [0x0000000080000000,0x00000000847c8978,0x0000000084800000)
 Metaspace       used 76338K, committed 77952K, reserved 1179648K
  class space    used 9419K, committed 10176K, reserved 1048576K
}
Event: 594.818 GC heap before
{Heap before GC invocations=123 (full 3):
 PSYoungGen      total 12800K, used 11605K [0x00000000d5580000, 0x00000000d6400000, 0x0000000100000000)
  eden space 11264K, 99% used [0x00000000d5580000,0x00000000d607d720,0x00000000d6080000)
  from space 1536K, 22% used [0x00000000d6100000,0x00000000d6158000,0x00000000d6280000)
  to   space 1024K, 0% used [0x00000000d6300000,0x00000000d6300000,0x00000000d6400000)
 ParOldGen       total 73728K, used 73506K [0x0000000080000000, 0x0000000084800000, 0x00000000d5580000)
  object space 73728K, 99% used [0x0000000080000000,0x00000000847c8978,0x0000000084800000)
 Metaspace       used 77720K, committed 79360K, reserved 1179648K
  class space    used 9528K, committed 10304K, reserved 1048576K
}
Event: 594.820 GC heap after
{Heap after GC invocations=123 (full 3):
 PSYoungGen      total 11776K, used 502K [0x00000000d5580000, 0x00000000d6380000, 0x0000000100000000)
  eden space 11264K, 0% used [0x00000000d5580000,0x00000000d5580000,0x00000000d6080000)
  from space 512K, 98% used [0x00000000d6300000,0x00000000d637d968,0x00000000d6380000)
  to   space 1024K, 0% used [0x00000000d6180000,0x00000000d6180000,0x00000000d6280000)
 ParOldGen       total 74240K, used 73730K [0x0000000080000000, 0x0000000084880000, 0x00000000d5580000)
  object space 74240K, 99% used [0x0000000080000000,0x0000000084800978,0x0000000084880000)
 Metaspace       used 77720K, committed 79360K, reserved 1179648K
  class space    used 9528K, committed 10304K, reserved 1048576K
}
Event: 594.887 GC heap before
{Heap before GC invocations=124 (full 3):
 PSYoungGen      total 11776K, used 11590K [0x00000000d5580000, 0x00000000d6380000, 0x0000000100000000)
  eden space 11264K, 98% used [0x00000000d5580000,0x00000000d6054040,0x00000000d6080000)
  from space 512K, 98% used [0x00000000d6300000,0x00000000d637d968,0x00000000d6380000)
  to   space 1024K, 0% used [0x00000000d6180000,0x00000000d6180000,0x00000000d6280000)
 ParOldGen       total 74240K, used 73730K [0x0000000080000000, 0x0000000084880000, 0x00000000d5580000)
  object space 74240K, 99% used [0x0000000080000000,0x0000000084800978,0x0000000084880000)
 Metaspace       used 77823K, committed 79424K, reserved 1179648K
  class space    used 9536K, committed 10304K, reserved 1048576K
}
Event: 594.889 GC heap after
{Heap after GC invocations=124 (full 3):
 PSYoungGen      total 12288K, used 1020K [0x00000000d5580000, 0x00000000d6680000, 0x0000000100000000)
  eden space 11264K, 0% used [0x00000000d5580000,0x00000000d5580000,0x00000000d6080000)
  from space 1024K, 99% used [0x00000000d6180000,0x00000000d627f108,0x00000000d6280000)
  to   space 3072K, 0% used [0x00000000d6380000,0x00000000d6380000,0x00000000d6680000)
 ParOldGen       total 75776K, used 75297K [0x0000000080000000, 0x0000000084a00000, 0x00000000d5580000)
  object space 75776K, 99% used [0x0000000080000000,0x0000000084988620,0x0000000084a00000)
 Metaspace       used 77823K, committed 79424K, reserved 1179648K
  class space    used 9536K, committed 10304K, reserved 1048576K
}
Event: 594.937 GC heap before
{Heap before GC invocations=125 (full 3):
 PSYoungGen      total 12288K, used 12284K [0x00000000d5580000, 0x00000000d6680000, 0x0000000100000000)
  eden space 11264K, 99% used [0x00000000d5580000,0x00000000d607fff8,0x00000000d6080000)
  from space 1024K, 99% used [0x00000000d6180000,0x00000000d627f108,0x00000000d6280000)
  to   space 3072K, 0% used [0x00000000d6380000,0x00000000d6380000,0x00000000d6680000)
 ParOldGen       total 75776K, used 75297K [0x0000000080000000, 0x0000000084a00000, 0x00000000d5580000)
  object space 75776K, 99% used [0x0000000080000000,0x0000000084988620,0x0000000084a00000)
 Metaspace       used 78014K, committed 79616K, reserved 1179648K
  class space    used 9545K, committed 10304K, reserved 1048576K
}
Event: 594.939 GC heap after
{Heap after GC invocations=125 (full 3):
 PSYoungGen      total 12800K, used 1182K [0x00000000d5580000, 0x00000000d6500000, 0x0000000100000000)
  eden space 11264K, 0% used [0x00000000d5580000,0x00000000d5580000,0x00000000d6080000)
  from space 1536K, 76% used [0x00000000d6380000,0x00000000d64a79e8,0x00000000d6500000)
  to   space 2048K, 0% used [0x00000000d6100000,0x00000000d6100000,0x00000000d6300000)
 ParOldGen       total 76800K, used 76323K [0x0000000080000000, 0x0000000084b00000, 0x00000000d5580000)
  object space 76800K, 99% used [0x0000000080000000,0x0000000084a88d50,0x0000000084b00000)
 Metaspace       used 78014K, committed 79616K, reserved 1179648K
  class space    used 9545K, committed 10304K, reserved 1048576K
}
Event: 594.994 GC heap before
{Heap before GC invocations=126 (full 3):
 PSYoungGen      total 12800K, used 12287K [0x00000000d5580000, 0x00000000d6500000, 0x0000000100000000)
  eden space 11264K, 98% used [0x00000000d5580000,0x00000000d6058418,0x00000000d6080000)
  from space 1536K, 76% used [0x00000000d6380000,0x00000000d64a79e8,0x00000000d6500000)
  to   space 2048K, 0% used [0x00000000d6100000,0x00000000d6100000,0x00000000d6300000)
 ParOldGen       total 76800K, used 76323K [0x0000000080000000, 0x0000000084b00000, 0x00000000d5580000)
  object space 76800K, 99% used [0x0000000080000000,0x0000000084a88d50,0x0000000084b00000)
 Metaspace       used 78024K, committed 79680K, reserved 1179648K
  class space    used 9545K, committed 10304K, reserved 1048576K
}
Event: 594.996 GC heap after
{Heap after GC invocations=126 (full 3):
 PSYoungGen      total 12288K, used 1001K [0x00000000d5580000, 0x00000000d6400000, 0x0000000100000000)
  eden space 11264K, 0% used [0x00000000d5580000,0x00000000d5580000,0x00000000d6080000)
  from space 1024K, 97% used [0x00000000d6100000,0x00000000d61fa730,0x00000000d6200000)
  to   space 1536K, 0% used [0x00000000d6280000,0x00000000d6280000,0x00000000d6400000)
 ParOldGen       total 76800K, used 76467K [0x0000000080000000, 0x0000000084b00000, 0x00000000d5580000)
  object space 76800K, 99% used [0x0000000080000000,0x0000000084aacd70,0x0000000084b00000)
 Metaspace       used 78024K, committed 79680K, reserved 1179648K
  class space    used 9545K, committed 10304K, reserved 1048576K
}
Event: 595.114 GC heap before
{Heap before GC invocations=127 (full 3):
 PSYoungGen      total 12288K, used 12265K [0x00000000d5580000, 0x00000000d6400000, 0x0000000100000000)
  eden space 11264K, 100% used [0x00000000d5580000,0x00000000d6080000,0x00000000d6080000)
  from space 1024K, 97% used [0x00000000d6100000,0x00000000d61fa730,0x00000000d6200000)
  to   space 1536K, 0% used [0x00000000d6280000,0x00000000d6280000,0x00000000d6400000)
 ParOldGen       total 76800K, used 76467K [0x0000000080000000, 0x0000000084b00000, 0x00000000d5580000)
  object space 76800K, 99% used [0x0000000080000000,0x0000000084aacd70,0x0000000084b00000)
 Metaspace       used 78753K, committed 80448K, reserved 1179648K
  class space    used 9613K, committed 10368K, reserved 1048576K
}
Event: 595.115 GC heap after
{Heap after GC invocations=127 (full 3):
 PSYoungGen      total 11776K, used 391K [0x00000000d5580000, 0x00000000d6300000, 0x0000000100000000)
  eden space 11264K, 0% used [0x00000000d5580000,0x00000000d5580000,0x00000000d6080000)
  from space 512K, 76% used [0x00000000d6280000,0x00000000d62e1eb0,0x00000000d6300000)
  to   space 1024K, 0% used [0x00000000d6100000,0x00000000d6100000,0x00000000d6200000)
 ParOldGen       total 76800K, used 76475K [0x0000000080000000, 0x0000000084b00000, 0x00000000d5580000)
  object space 76800K, 99% used [0x0000000080000000,0x0000000084aaed70,0x0000000084b00000)
 Metaspace       used 78753K, committed 80448K, reserved 1179648K
  class space    used 9613K, committed 10368K, reserved 1048576K
}
Event: 595.230 GC heap before
{Heap before GC invocations=128 (full 3):
 PSYoungGen      total 11776K, used 11655K [0x00000000d5580000, 0x00000000d6300000, 0x0000000100000000)
  eden space 11264K, 100% used [0x00000000d5580000,0x00000000d6080000,0x00000000d6080000)
  from space 512K, 76% used [0x00000000d6280000,0x00000000d62e1eb0,0x00000000d6300000)
  to   space 1024K, 0% used [0x00000000d6100000,0x00000000d6100000,0x00000000d6200000)
 ParOldGen       total 76800K, used 76475K [0x0000000080000000, 0x0000000084b00000, 0x00000000d5580000)
  object space 76800K, 99% used [0x0000000080000000,0x0000000084aaed70,0x0000000084b00000)
 Metaspace       used 80174K, committed 81856K, reserved 1179648K
  class space    used 9741K, committed 10496K, reserved 1048576K
}
Event: 595.231 GC heap after
{Heap after GC invocations=128 (full 3):
 PSYoungGen      total 12288K, used 771K [0x00000000d5580000, 0x00000000d6300000, 0x0000000100000000)
  eden space 11264K, 0% used [0x00000000d5580000,0x00000000d5580000,0x00000000d6080000)
  from space 1024K, 75% used [0x00000000d6100000,0x00000000d61c0d98,0x00000000d6200000)
  to   space 1024K, 0% used [0x00000000d6200000,0x00000000d6200000,0x00000000d6300000)
 ParOldGen       total 76800K, used 76652K [0x0000000080000000, 0x0000000084b00000, 0x00000000d5580000)
  object space 76800K, 99% used [0x0000000080000000,0x0000000084adb000,0x0000000084b00000)
 Metaspace       used 80174K, committed 81856K, reserved 1179648K
  class space    used 9741K, committed 10496K, reserved 1048576K
}
Event: 595.370 GC heap before
{Heap before GC invocations=129 (full 3):
 PSYoungGen      total 12288K, used 11999K [0x00000000d5580000, 0x00000000d6300000, 0x0000000100000000)
  eden space 11264K, 99% used [0x00000000d5580000,0x00000000d6077058,0x00000000d6080000)
  from space 1024K, 75% used [0x00000000d6100000,0x00000000d61c0d98,0x00000000d6200000)
  to   space 1024K, 0% used [0x00000000d6200000,0x00000000d6200000,0x00000000d6300000)
 ParOldGen       total 76800K, used 76652K [0x0000000080000000, 0x0000000084b00000, 0x00000000d5580000)
  object space 76800K, 99% used [0x0000000080000000,0x0000000084adb000,0x0000000084b00000)
 Metaspace       used 81188K, committed 82816K, reserved 1179648K
  class space    used 9829K, committed 10560K, reserved 1048576K
}
Event: 595.371 GC heap after
{Heap after GC invocations=129 (full 3):
 PSYoungGen      total 11776K, used 1024K [0x00000000d5580000, 0x00000000d6480000, 0x0000000100000000)
  eden space 10752K, 0% used [0x00000000d5580000,0x00000000d5580000,0x00000000d6000000)
  from space 1024K, 100% used [0x00000000d6200000,0x00000000d6300000,0x00000000d6300000)
  to   space 2048K, 0% used [0x00000000d6000000,0x00000000d6000000,0x00000000d6200000)
 ParOldGen       total 77824K, used 77391K [0x0000000080000000, 0x0000000084c00000, 0x00000000d5580000)
  object space 77824K, 99% used [0x0000000080000000,0x0000000084b93da0,0x0000000084c00000)
 Metaspace       used 81188K, committed 82816K, reserved 1179648K
  class space    used 9829K, committed 10560K, reserved 1048576K
}
Event: 598.656 GC heap before
{Heap before GC invocations=130 (full 3):
 PSYoungGen      total 11776K, used 11776K [0x00000000d5580000, 0x00000000d6480000, 0x0000000100000000)
  eden space 10752K, 100% used [0x00000000d5580000,0x00000000d6000000,0x00000000d6000000)
  from space 1024K, 100% used [0x00000000d6200000,0x00000000d6300000,0x00000000d6300000)
  to   space 2048K, 0% used [0x00000000d6000000,0x00000000d6000000,0x00000000d6200000)
 ParOldGen       total 77824K, used 77391K [0x0000000080000000, 0x0000000084c00000, 0x00000000d5580000)
  object space 77824K, 99% used [0x0000000080000000,0x0000000084b93da0,0x0000000084c00000)
 Metaspace       used 81645K, committed 83264K, reserved 1179648K
  class space    used 9872K, committed 10624K, reserved 1048576K
}
Event: 598.657 GC heap after
{Heap after GC invocations=130 (full 3):
 PSYoungGen      total 11264K, used 320K [0x00000000d5580000, 0x00000000d6280000, 0x0000000100000000)
  eden space 10752K, 0% used [0x00000000d5580000,0x00000000d5580000,0x00000000d6000000)
  from space 512K, 62% used [0x00000000d6000000,0x00000000d6050000,0x00000000d6080000)
  to   space 1024K, 0% used [0x00000000d6180000,0x00000000d6180000,0x00000000d6280000)
 ParOldGen       total 78848K, used 78420K [0x0000000080000000, 0x0000000084d00000, 0x00000000d5580000)
  object space 78848K, 99% used [0x0000000080000000,0x0000000084c953b0,0x0000000084d00000)
 Metaspace       used 81645K, committed 83264K, reserved 1179648K
  class space    used 9872K, committed 10624K, reserved 1048576K
}
Event: 2331.084 GC heap before
{Heap before GC invocations=131 (full 3):
 PSYoungGen      total 11264K, used 11072K [0x00000000d5580000, 0x00000000d6280000, 0x0000000100000000)
  eden space 10752K, 100% used [0x00000000d5580000,0x00000000d6000000,0x00000000d6000000)
  from space 512K, 62% used [0x00000000d6000000,0x00000000d6050000,0x00000000d6080000)
  to   space 1024K, 0% used [0x00000000d6180000,0x00000000d6180000,0x00000000d6280000)
 ParOldGen       total 78848K, used 78420K [0x0000000080000000, 0x0000000084d00000, 0x00000000d5580000)
  object space 78848K, 99% used [0x0000000080000000,0x0000000084c953b0,0x0000000084d00000)
 Metaspace       used 82040K, committed 83712K, reserved 1179648K
  class space    used 9906K, committed 10688K, reserved 1048576K
}
Event: 2331.141 GC heap after
{Heap after GC invocations=131 (full 3):
 PSYoungGen      total 11264K, used 416K [0x00000000d5580000, 0x00000000d6200000, 0x0000000100000000)
  eden space 10752K, 0% used [0x00000000d5580000,0x00000000d5580000,0x00000000d6000000)
  from space 512K, 81% used [0x00000000d6180000,0x00000000d61e8040,0x00000000d6200000)
  to   space 512K, 0% used [0x00000000d6000000,0x00000000d6000000,0x00000000d6080000)
 ParOldGen       total 78848K, used 78556K [0x0000000080000000, 0x0000000084d00000, 0x00000000d5580000)
  object space 78848K, 99% used [0x0000000080000000,0x0000000084cb73b0,0x0000000084d00000)
 Metaspace       used 82040K, committed 83712K, reserved 1179648K
  class space    used 9906K, committed 10688K, reserved 1048576K
}

