# JRE version: OpenJDK Runtime Environment Temurin-21.0.11+10 (21.0.11+10) (build 21.0.11+10-LTS)
# Java VM: OpenJDK 64-Bit Server VM Temurin-21.0.11+10 (21.0.11+10-LTS, mixed mode, sharing, tiered, compressed oops, compressed class ptrs, parallel gc, windows-amd64)
GC Precious Log:
 CardTable entry size: 512
 CPUs: 8 total, 8 available
 Memory: 7914M
 Large Page Support: Disabled
 NUMA Support: Disabled
 Compressed Oops: Enabled (32-bit)
 Alignments: Space 512K, Generation 512K, Heap 2M
 Heap Min Capacity: 100M
 Heap Initial Capacity: 100M
 Heap Max Capacity: 2G
 Pre-touch: Disabled
 Parallel Workers: 8
Heap:
 PSYoungGen      total 14848K, used 9394K [0x00000000d5580000, 0x00000000d6580000, 0x0000000100000000)
  eden space 14336K, 61% used [0x00000000d5580000,0x00000000d5e2c858,0x00000000d6380000)
  from space 512K, 100% used [0x00000000d6480000,0x00000000d6500000,0x00000000d6500000)
  to   space 1024K, 0% used [0x00000000d6380000,0x00000000d6380000,0x00000000d6480000)
 ParOldGen       total 68608K, used 68587K [0x0000000080000000, 0x0000000084300000, 0x00000000d5580000)
  object space 68608K, 99% used [0x0000000080000000,0x00000000842fae08,0x0000000084300000)
 Metaspace       used 71839K, committed 73536K, reserved 1114112K
  class space    used 8929K, committed 9728K, reserved 1048576K
GC Heap History (20 events):
Event: 93.821 GC heap before
{Heap before GC invocations=96 (full 3):
 PSYoungGen      total 14848K, used 14399K [0x00000000d5580000, 0x00000000d6600000, 0x0000000100000000)
  eden space 14336K, 99% used [0x00000000d5580000,0x00000000d637fff0,0x00000000d6380000)
  from space 512K, 12% used [0x00000000d6580000,0x00000000d6590000,0x00000000d6600000)
  to   space 512K, 0% used [0x00000000d6380000,0x00000000d6380000,0x00000000d6400000)
 ParOldGen       total 68608K, used 65497K [0x0000000080000000, 0x0000000084300000, 0x00000000d5580000)
  object space 68608K, 95% used [0x0000000080000000,0x0000000083ff6788,0x0000000084300000)
 Metaspace       used 68912K, committed 70464K, reserved 1114112K
  class space    used 8616K, committed 9280K, reserved 1048576K
}
Event: 93.822 GC heap after
{Heap after GC invocations=96 (full 3):
 PSYoungGen      total 14848K, used 512K [0x00000000d5580000, 0x00000000d6680000, 0x0000000100000000)
  eden space 14336K, 0% used [0x00000000d5580000,0x00000000d5580000,0x00000000d6380000)
  from space 512K, 100% used [0x00000000d6380000,0x00000000d6400000,0x00000000d6400000)
  to   space 1536K, 0% used [0x00000000d6500000,0x00000000d6500000,0x00000000d6680000)
 ParOldGen       total 68608K, used 65873K [0x0000000080000000, 0x0000000084300000, 0x00000000d5580000)
  object space 68608K, 96% used [0x0000000080000000,0x0000000084054788,0x0000000084300000)
 Metaspace       used 68912K, committed 70464K, reserved 1114112K
  class space    used 8616K, committed 9280K, reserved 1048576K
}
Event: 97.518 GC heap before
{Heap before GC invocations=97 (full 3):
 PSYoungGen      total 14848K, used 14848K [0x00000000d5580000, 0x00000000d6680000, 0x0000000100000000)
  eden space 14336K, 100% used [0x00000000d5580000,0x00000000d6380000,0x00000000d6380000)
  from space 512K, 100% used [0x00000000d6380000,0x00000000d6400000,0x00000000d6400000)
  to   space 1536K, 0% used [0x00000000d6500000,0x00000000d6500000,0x00000000d6680000)
 ParOldGen       total 68608K, used 65873K [0x0000000080000000, 0x0000000084300000, 0x00000000d5580000)
  object space 68608K, 96% used [0x0000000080000000,0x0000000084054788,0x0000000084300000)
 Metaspace       used 69511K, committed 71168K, reserved 1114112K
  class space    used 8687K, committed 9408K, reserved 1048576K
}
Event: 97.520 GC heap after
{Heap after GC invocations=97 (full 3):
 PSYoungGen      total 15872K, used 1361K [0x00000000d5580000, 0x00000000d6680000, 0x0000000100000000)
  eden space 14336K, 0% used [0x00000000d5580000,0x00000000d5580000,0x00000000d6380000)
  from space 1536K, 88% used [0x00000000d6500000,0x00000000d66544d8,0x00000000d6680000)
  to   space 1536K, 0% used [0x00000000d6380000,0x00000000d6380000,0x00000000d6500000)
 ParOldGen       total 68608K, used 66353K [0x0000000080000000, 0x0000000084300000, 0x00000000d5580000)
  object space 68608K, 96% used [0x0000000080000000,0x00000000840cc788,0x0000000084300000)
 Metaspace       used 69511K, committed 71168K, reserved 1114112K
  class space    used 8687K, committed 9408K, reserved 1048576K
}
Event: 98.617 GC heap before
{Heap before GC invocations=98 (full 3):
 PSYoungGen      total 15872K, used 15666K [0x00000000d5580000, 0x00000000d6680000, 0x0000000100000000)
  eden space 14336K, 99% used [0x00000000d5580000,0x00000000d6378560,0x00000000d6380000)
  from space 1536K, 88% used [0x00000000d6500000,0x00000000d66544d8,0x00000000d6680000)
  to   space 1536K, 0% used [0x00000000d6380000,0x00000000d6380000,0x00000000d6500000)
 ParOldGen       total 68608K, used 66353K [0x0000000080000000, 0x0000000084300000, 0x00000000d5580000)
  object space 68608K, 96% used [0x0000000080000000,0x00000000840cc788,0x0000000084300000)
 Metaspace       used 69756K, committed 71360K, reserved 1114112K
  class space    used 8708K, committed 9408K, reserved 1048576K
}
Event: 98.619 GC heap after
{Heap after GC invocations=98 (full 3):
 PSYoungGen      total 15360K, used 801K [0x00000000d5580000, 0x00000000d6580000, 0x0000000100000000)
  eden space 14336K, 0% used [0x00000000d5580000,0x00000000d5580000,0x00000000d6380000)
  from space 1024K, 78% used [0x00000000d6380000,0x00000000d64487d8,0x00000000d6480000)
  to   space 1024K, 0% used [0x00000000d6480000,0x00000000d6480000,0x00000000d6580000)
 ParOldGen       total 68608K, used 67021K [0x0000000080000000, 0x0000000084300000, 0x00000000d5580000)
  object space 68608K, 97% used [0x0000000080000000,0x0000000084173788,0x0000000084300000)
 Metaspace       used 69756K, committed 71360K, reserved 1114112K
  class space    used 8708K, committed 9408K, reserved 1048576K
}
Event: 2501.397 GC heap before
{Heap before GC invocations=99 (full 3):
 PSYoungGen      total 15360K, used 15137K [0x00000000d5580000, 0x00000000d6580000, 0x0000000100000000)
  eden space 14336K, 100% used [0x00000000d5580000,0x00000000d6380000,0x00000000d6380000)
  from space 1024K, 78% used [0x00000000d6380000,0x00000000d64487d8,0x00000000d6480000)
  to   space 1024K, 0% used [0x00000000d6480000,0x00000000d6480000,0x00000000d6580000)
 ParOldGen       total 68608K, used 67021K [0x0000000080000000, 0x0000000084300000, 0x00000000d5580000)
  object space 68608K, 97% used [0x0000000080000000,0x0000000084173788,0x0000000084300000)
 Metaspace       used 70824K, committed 72512K, reserved 1114112K
  class space    used 8835K, committed 9600K, reserved 1048576K
}
Event: 2501.446 GC heap after
{Heap after GC invocations=99 (full 3):
 PSYoungGen      total 15360K, used 544K [0x00000000d5580000, 0x00000000d6580000, 0x0000000100000000)
  eden space 14336K, 0% used [0x00000000d5580000,0x00000000d5580000,0x00000000d6380000)
  from space 1024K, 53% used [0x00000000d6480000,0x00000000d6508020,0x00000000d6580000)
  to   space 1024K, 0% used [0x00000000d6380000,0x00000000d6380000,0x00000000d6480000)
 ParOldGen       total 68608K, used 67627K [0x0000000080000000, 0x0000000084300000, 0x00000000d5580000)
  object space 68608K, 98% used [0x0000000080000000,0x000000008420ac38,0x0000000084300000)
 Metaspace       used 70824K, committed 72512K, reserved 1114112K
  class space    used 8835K, committed 9600K, reserved 1048576K
}
Event: 2532.762 GC heap before
{Heap before GC invocations=100 (full 3):
 PSYoungGen      total 15360K, used 14880K [0x00000000d5580000, 0x00000000d6580000, 0x0000000100000000)
  eden space 14336K, 100% used [0x00000000d5580000,0x00000000d6380000,0x00000000d6380000)
  from space 1024K, 53% used [0x00000000d6480000,0x00000000d6508020,0x00000000d6580000)
  to   space 1024K, 0% used [0x00000000d6380000,0x00000000d6380000,0x00000000d6480000)
 ParOldGen       total 68608K, used 67627K [0x0000000080000000, 0x0000000084300000, 0x00000000d5580000)
  object space 68608K, 98% used [0x0000000080000000,0x000000008420ac38,0x0000000084300000)
 Metaspace       used 71304K, committed 72960K, reserved 1114112K
  class space    used 8892K, committed 9664K, reserved 1048576K
}
Event: 2532.766 GC heap after
{Heap after GC invocations=100 (full 3):
 PSYoungGen      total 15360K, used 288K [0x00000000d5580000, 0x00000000d6500000, 0x0000000100000000)
  eden space 14336K, 0% used [0x00000000d5580000,0x00000000d5580000,0x00000000d6380000)
  from space 1024K, 28% used [0x00000000d6380000,0x00000000d63c8000,0x00000000d6480000)
  to   space 512K, 0% used [0x00000000d6480000,0x00000000d6480000,0x00000000d6500000)
 ParOldGen       total 68608K, used 68035K [0x0000000080000000, 0x0000000084300000, 0x00000000d5580000)
  object space 68608K, 99% used [0x0000000080000000,0x0000000084270e08,0x0000000084300000)
 Metaspace       used 71304K, committed 72960K, reserved 1114112K
  class space    used 8892K, committed 9664K, reserved 1048576K
}
Event: 2543.188 GC heap before
{Heap before GC invocations=101 (full 3):
 PSYoungGen      total 15360K, used 14624K [0x00000000d5580000, 0x00000000d6500000, 0x0000000100000000)
  eden space 14336K, 100% used [0x00000000d5580000,0x00000000d6380000,0x00000000d6380000)
  from space 1024K, 28% used [0x00000000d6380000,0x00000000d63c8000,0x00000000d6480000)
  to   space 512K, 0% used [0x00000000d6480000,0x00000000d6480000,0x00000000d6500000)
 ParOldGen       total 68608K, used 68035K [0x0000000080000000, 0x0000000084300000, 0x00000000d5580000)
  object space 68608K, 99% used [0x0000000080000000,0x0000000084270e08,0x0000000084300000)
 Metaspace       used 71353K, committed 73024K, reserved 1114112K
  class space    used 8892K, committed 9664K, reserved 1048576K
}
Event: 2543.194 GC heap after
{Heap after GC invocations=101 (full 3):
 PSYoungGen      total 14848K, used 368K [0x00000000d5580000, 0x00000000d6500000, 0x0000000100000000)
  eden space 14336K, 0% used [0x00000000d5580000,0x00000000d5580000,0x00000000d6380000)
  from space 512K, 71% used [0x00000000d6480000,0x00000000d64dc010,0x00000000d6500000)
  to   space 512K, 0% used [0x00000000d6400000,0x00000000d6400000,0x00000000d6480000)
 ParOldGen       total 68608K, used 68187K [0x0000000080000000, 0x0000000084300000, 0x00000000d5580000)
  object space 68608K, 99% used [0x0000000080000000,0x0000000084296e08,0x0000000084300000)
 Metaspace       used 71353K, committed 73024K, reserved 1114112K
  class space    used 8892K, committed 9664K, reserved 1048576K
}
Event: 2569.460 GC heap before
{Heap before GC invocations=102 (full 3):
 PSYoungGen      total 14848K, used 14704K [0x00000000d5580000, 0x00000000d6500000, 0x0000000100000000)
  eden space 14336K, 100% used [0x00000000d5580000,0x00000000d6380000,0x00000000d6380000)
  from space 512K, 71% used [0x00000000d6480000,0x00000000d64dc010,0x00000000d6500000)
  to   space 512K, 0% used [0x00000000d6400000,0x00000000d6400000,0x00000000d6480000)
 ParOldGen       total 68608K, used 68187K [0x0000000080000000, 0x0000000084300000, 0x00000000d5580000)
  object space 68608K, 99% used [0x0000000080000000,0x0000000084296e08,0x0000000084300000)
 Metaspace       used 71450K, committed 73088K, reserved 1114112K
  class space    used 8893K, committed 9664K, reserved 1048576K
}
Event: 2569.463 GC heap after
{Heap after GC invocations=102 (full 3):
 PSYoungGen      total 14848K, used 160K [0x00000000d5580000, 0x00000000d6500000, 0x0000000100000000)
  eden space 14336K, 0% used [0x00000000d5580000,0x00000000d5580000,0x00000000d6380000)
  from space 512K, 31% used [0x00000000d6400000,0x00000000d6428000,0x00000000d6480000)
  to   space 512K, 0% used [0x00000000d6480000,0x00000000d6480000,0x00000000d6500000)
 ParOldGen       total 68608K, used 68243K [0x0000000080000000, 0x0000000084300000, 0x00000000d5580000)
  object space 68608K, 99% used [0x0000000080000000,0x00000000842a4e08,0x0000000084300000)
 Metaspace       used 71450K, committed 73088K, reserved 1114112K
  class space    used 8893K, committed 9664K, reserved 1048576K
}
Event: 2595.291 GC heap before
{Heap before GC invocations=103 (full 3):
 PSYoungGen      total 14848K, used 14496K [0x00000000d5580000, 0x00000000d6500000, 0x0000000100000000)
  eden space 14336K, 100% used [0x00000000d5580000,0x00000000d6380000,0x00000000d6380000)
  from space 512K, 31% used [0x00000000d6400000,0x00000000d6428000,0x00000000d6480000)
  to   space 512K, 0% used [0x00000000d6480000,0x00000000d6480000,0x00000000d6500000)
 ParOldGen       total 68608K, used 68243K [0x0000000080000000, 0x0000000084300000, 0x00000000d5580000)
  object space 68608K, 99% used [0x0000000080000000,0x00000000842a4e08,0x0000000084300000)
 Metaspace       used 71529K, committed 73216K, reserved 1114112K
  class space    used 8894K, committed 9664K, reserved 1048576K
}
Event: 2595.293 GC heap after
{Heap after GC invocations=103 (full 3):
 PSYoungGen      total 14848K, used 288K [0x00000000d5580000, 0x00000000d6500000, 0x0000000100000000)
  eden space 14336K, 0% used [0x00000000d5580000,0x00000000d5580000,0x00000000d6380000)
  from space 512K, 56% used [0x00000000d6480000,0x00000000d64c8000,0x00000000d6500000)
  to   space 512K, 0% used [0x00000000d6400000,0x00000000d6400000,0x00000000d6480000)
 ParOldGen       total 68608K, used 68291K [0x0000000080000000, 0x0000000084300000, 0x00000000d5580000)
  object space 68608K, 99% used [0x0000000080000000,0x00000000842b0e08,0x0000000084300000)
 Metaspace       used 71529K, committed 73216K, reserved 1114112K
  class space    used 8894K, committed 9664K, reserved 1048576K
}
Event: 2936.721 GC heap before
{Heap before GC invocations=104 (full 3):
 PSYoungGen      total 14848K, used 14624K [0x00000000d5580000, 0x00000000d6500000, 0x0000000100000000)
  eden space 14336K, 100% used [0x00000000d5580000,0x00000000d6380000,0x00000000d6380000)
  from space 512K, 56% used [0x00000000d6480000,0x00000000d64c8000,0x00000000d6500000)
  to   space 512K, 0% used [0x00000000d6400000,0x00000000d6400000,0x00000000d6480000)
 ParOldGen       total 68608K, used 68291K [0x0000000080000000, 0x0000000084300000, 0x00000000d5580000)
  object space 68608K, 99% used [0x0000000080000000,0x00000000842b0e08,0x0000000084300000)
 Metaspace       used 71571K, committed 73216K, reserved 1114112K
  class space    used 8894K, committed 9664K, reserved 1048576K
}
Event: 2936.734 GC heap after
{Heap after GC invocations=104 (full 3):
 PSYoungGen      total 14848K, used 320K [0x00000000d5580000, 0x00000000d6500000, 0x0000000100000000)
  eden space 14336K, 0% used [0x00000000d5580000,0x00000000d5580000,0x00000000d6380000)
  from space 512K, 62% used [0x00000000d6400000,0x00000000d6450000,0x00000000d6480000)
  to   space 512K, 0% used [0x00000000d6480000,0x00000000d6480000,0x00000000d6500000)
 ParOldGen       total 68608K, used 68355K [0x0000000080000000, 0x0000000084300000, 0x00000000d5580000)
  object space 68608K, 99% used [0x0000000080000000,0x00000000842c0e08,0x0000000084300000)
 Metaspace       used 71571K, committed 73216K, reserved 1114112K
  class space    used 8894K, committed 9664K, reserved 1048576K
}
Event: 2954.008 GC heap before
{Heap before GC invocations=105 (full 3):
 PSYoungGen      total 14848K, used 14656K [0x00000000d5580000, 0x00000000d6500000, 0x0000000100000000)
  eden space 14336K, 100% used [0x00000000d5580000,0x00000000d6380000,0x00000000d6380000)
  from space 512K, 62% used [0x00000000d6400000,0x00000000d6450000,0x00000000d6480000)
  to   space 512K, 0% used [0x00000000d6480000,0x00000000d6480000,0x00000000d6500000)
 ParOldGen       total 68608K, used 68355K [0x0000000080000000, 0x0000000084300000, 0x00000000d5580000)
  object space 68608K, 99% used [0x0000000080000000,0x00000000842c0e08,0x0000000084300000)
 Metaspace       used 71819K, committed 73536K, reserved 1114112K
  class space    used 8929K, committed 9728K, reserved 1048576K
}
Event: 2954.010 GC heap after
{Heap after GC invocations=105 (full 3):
 PSYoungGen      total 14848K, used 512K [0x00000000d5580000, 0x00000000d6580000, 0x0000000100000000)
  eden space 14336K, 0% used [0x00000000d5580000,0x00000000d5580000,0x00000000d6380000)
  from space 512K, 100% used [0x00000000d6480000,0x00000000d6500000,0x00000000d6500000)
  to   space 1024K, 0% used [0x00000000d6380000,0x00000000d6380000,0x00000000d6480000)
 ParOldGen       total 68608K, used 68587K [0x0000000080000000, 0x0000000084300000, 0x00000000d5580000)
  object space 68608K, 99% used [0x0000000080000000,0x00000000842fae08,0x0000000084300000)
 Metaspace       used 71819K, committed 73536K, reserved 1114112K
  class space    used 8929K, committed 9728K, reserved 1048576K
}

