# JRE version: OpenJDK Runtime Environment Temurin-21.0.11+10 (21.0.11+10) (build 21.0.11+10-LTS)
# Java VM: OpenJDK 64-Bit Server VM Temurin-21.0.11+10 (21.0.11+10-LTS, mixed mode, sharing, tiered, compressed oops, compressed class ptrs, parallel gc, windows-amd64)
GC Precious Log:
 CardTable entry size: 512
 CPUs: 8 total, 8 available
 Memory: 7914M
 Large Page Support: Disabled
 NUMA Support: Disabled
 Compressed Oops: Enabled (32-bit)
 Alignments: Space 512K, Generation 512K, Heap 2M
 Heap Min Capacity: 100M
 Heap Initial Capacity: 100M
 Heap Max Capacity: 2G
 Pre-touch: Disabled
 Parallel Workers: 8
Heap:
 PSYoungGen      total 23040K, used 8226K [0x00000000d5580000, 0x00000000d6e80000, 0x0000000100000000)
  eden space 22016K, 34% used [0x00000000d5580000,0x00000000d5cd8b18,0x00000000d6b00000)
  from space 1024K, 68% used [0x00000000d6d80000,0x00000000d6e30020,0x00000000d6e80000)
  to   space 1024K, 0% used [0x00000000d6c80000,0x00000000d6c80000,0x00000000d6d80000)
 ParOldGen       total 68608K, used 30461K [0x0000000080000000, 0x0000000084300000, 0x00000000d5580000)
  object space 68608K, 44% used [0x0000000080000000,0x0000000081dbf7d8,0x0000000084300000)
 Metaspace       used 39604K, committed 40576K, reserved 1114112K
  class space    used 4017K, committed 4416K, reserved 1048576K
GC Heap History (20 events):
Event: 5.738 GC heap before
{Heap before GC invocations=11 (full 1):
 PSYoungGen      total 27136K, used 27003K [0x00000000d5580000, 0x00000000d7480000, 0x0000000100000000)
  eden space 22528K, 100% used [0x00000000d5580000,0x00000000d6b80000,0x00000000d6b80000)
  from space 4608K, 97% used [0x00000000d6c00000,0x00000000d705efd0,0x00000000d7080000)
  to   space 4096K, 0% used [0x00000000d7080000,0x00000000d7080000,0x00000000d7480000)
 ParOldGen       total 68608K, used 11228K [0x0000000080000000, 0x0000000084300000, 0x00000000d5580000)
  object space 68608K, 16% used [0x0000000080000000,0x0000000080af73a8,0x0000000084300000)
 Metaspace       used 31813K, committed 32832K, reserved 1114112K
  class space    used 3201K, committed 3648K, reserved 1048576K
}
Event: 5.741 GC heap after
{Heap after GC invocations=11 (full 1):
 PSYoungGen      total 24576K, used 2494K [0x00000000d5580000, 0x00000000d7300000, 0x0000000100000000)
  eden space 22016K, 0% used [0x00000000d5580000,0x00000000d5580000,0x00000000d6b00000)
  from space 2560K, 97% used [0x00000000d7080000,0x00000000d72ef838,0x00000000d7300000)
  to   space 3584K, 0% used [0x00000000d6c00000,0x00000000d6c00000,0x00000000d6f80000)
 ParOldGen       total 68608K, used 14766K [0x0000000080000000, 0x0000000084300000, 0x00000000d5580000)
  object space 68608K, 21% used [0x0000000080000000,0x0000000080e6b828,0x0000000084300000)
 Metaspace       used 31813K, committed 32832K, reserved 1114112K
  class space    used 3201K, committed 3648K, reserved 1048576K
}
Event: 5.893 GC heap before
{Heap before GC invocations=12 (full 1):
 PSYoungGen      total 24576K, used 24510K [0x00000000d5580000, 0x00000000d7300000, 0x0000000100000000)
  eden space 22016K, 100% used [0x00000000d5580000,0x00000000d6b00000,0x00000000d6b00000)
  from space 2560K, 97% used [0x00000000d7080000,0x00000000d72ef838,0x00000000d7300000)
  to   space 3584K, 0% used [0x00000000d6c00000,0x00000000d6c00000,0x00000000d6f80000)
 ParOldGen       total 68608K, used 14766K [0x0000000080000000, 0x0000000084300000, 0x00000000d5580000)
  object space 68608K, 21% used [0x0000000080000000,0x0000000080e6b828,0x0000000084300000)
 Metaspace       used 32329K, committed 33344K, reserved 1114112K
  class space    used 3281K, committed 3712K, reserved 1048576K
}
Event: 5.897 GC heap after
{Heap after GC invocations=12 (full 1):
 PSYoungGen      total 25600K, used 3554K [0x00000000d5580000, 0x00000000d7800000, 0x0000000100000000)
  eden space 22016K, 0% used [0x00000000d5580000,0x00000000d5580000,0x00000000d6b00000)
  from space 3584K, 99% used [0x00000000d6c00000,0x00000000d6f78820,0x00000000d6f80000)
  to   space 6656K, 0% used [0x00000000d7180000,0x00000000d7180000,0x00000000d7800000)
 ParOldGen       total 68608K, used 17153K [0x0000000080000000, 0x0000000084300000, 0x00000000d5580000)
  object space 68608K, 25% used [0x0000000080000000,0x00000000810c0658,0x0000000084300000)
 Metaspace       used 32329K, committed 33344K, reserved 1114112K
  class space    used 3281K, committed 3712K, reserved 1048576K
}
Event: 5.988 GC heap before
{Heap before GC invocations=13 (full 1):
 PSYoungGen      total 25600K, used 25570K [0x00000000d5580000, 0x00000000d7800000, 0x0000000100000000)
  eden space 22016K, 100% used [0x00000000d5580000,0x00000000d6b00000,0x00000000d6b00000)
  from space 3584K, 99% used [0x00000000d6c00000,0x00000000d6f78820,0x00000000d6f80000)
  to   space 6656K, 0% used [0x00000000d7180000,0x00000000d7180000,0x00000000d7800000)
 ParOldGen       total 68608K, used 17153K [0x0000000080000000, 0x0000000084300000, 0x00000000d5580000)
  object space 68608K, 25% used [0x0000000080000000,0x00000000810c0658,0x0000000084300000)
 Metaspace       used 32368K, committed 33344K, reserved 1114112K
  class space    used 3281K, committed 3712K, reserved 1048576K
}
Event: 5.995 GC heap after
{Heap after GC invocations=13 (full 1):
 PSYoungGen      total 26112K, used 3876K [0x00000000d5580000, 0x00000000d7580000, 0x0000000100000000)
  eden space 22016K, 0% used [0x00000000d5580000,0x00000000d5580000,0x00000000d6b00000)
  from space 4096K, 94% used [0x00000000d7180000,0x00000000d7549010,0x00000000d7580000)
  to   space 5120K, 0% used [0x00000000d6b80000,0x00000000d6b80000,0x00000000d7080000)
 ParOldGen       total 68608K, used 20593K [0x0000000080000000, 0x0000000084300000, 0x00000000d5580000)
  object space 68608K, 30% used [0x0000000080000000,0x000000008141c5c8,0x0000000084300000)
 Metaspace       used 32368K, committed 33344K, reserved 1114112K
  class space    used 3281K, committed 3712K, reserved 1048576K
}
Event: 6.120 GC heap before
{Heap before GC invocations=14 (full 1):
 PSYoungGen      total 26112K, used 25892K [0x00000000d5580000, 0x00000000d7580000, 0x0000000100000000)
  eden space 22016K, 100% used [0x00000000d5580000,0x00000000d6b00000,0x00000000d6b00000)
  from space 4096K, 94% used [0x00000000d7180000,0x00000000d7549010,0x00000000d7580000)
  to   space 5120K, 0% used [0x00000000d6b80000,0x00000000d6b80000,0x00000000d7080000)
 ParOldGen       total 68608K, used 20593K [0x0000000080000000, 0x0000000084300000, 0x00000000d5580000)
  object space 68608K, 30% used [0x0000000080000000,0x000000008141c5c8,0x0000000084300000)
 Metaspace       used 32481K, committed 33472K, reserved 1114112K
  class space    used 3286K, committed 3712K, reserved 1048576K
}
Event: 6.127 GC heap after
{Heap after GC invocations=14 (full 1):
 PSYoungGen      total 25600K, used 3552K [0x00000000d5580000, 0x00000000d7300000, 0x0000000100000000)
  eden space 22016K, 0% used [0x00000000d5580000,0x00000000d5580000,0x00000000d6b00000)
  from space 3584K, 99% used [0x00000000d6b80000,0x00000000d6ef8010,0x00000000d6f00000)
  to   space 4096K, 0% used [0x00000000d6f00000,0x00000000d6f00000,0x00000000d7300000)
 ParOldGen       total 68608K, used 24200K [0x0000000080000000, 0x0000000084300000, 0x00000000d5580000)
  object space 68608K, 35% used [0x0000000080000000,0x00000000817a2070,0x0000000084300000)
 Metaspace       used 32481K, committed 33472K, reserved 1114112K
  class space    used 3286K, committed 3712K, reserved 1048576K
}
Event: 6.352 GC heap before
{Heap before GC invocations=15 (full 1):
 PSYoungGen      total 25600K, used 25568K [0x00000000d5580000, 0x00000000d7300000, 0x0000000100000000)
  eden space 22016K, 100% used [0x00000000d5580000,0x00000000d6b00000,0x00000000d6b00000)
  from space 3584K, 99% used [0x00000000d6b80000,0x00000000d6ef8010,0x00000000d6f00000)
  to   space 4096K, 0% used [0x00000000d6f00000,0x00000000d6f00000,0x00000000d7300000)
 ParOldGen       total 68608K, used 24200K [0x0000000080000000, 0x0000000084300000, 0x00000000d5580000)
  object space 68608K, 35% used [0x0000000080000000,0x00000000817a2070,0x0000000084300000)
 Metaspace       used 33705K, committed 34624K, reserved 1114112K
  class space    used 3442K, committed 3840K, reserved 1048576K
}
Event: 6.359 GC heap after
{Heap after GC invocations=15 (full 1):
 PSYoungGen      total 24576K, used 2437K [0x00000000d5580000, 0x00000000d7180000, 0x0000000100000000)
  eden space 22016K, 0% used [0x00000000d5580000,0x00000000d5580000,0x00000000d6b00000)
  from space 2560K, 95% used [0x00000000d6f00000,0x00000000d7161568,0x00000000d7180000)
  to   space 3072K, 0% used [0x00000000d6b80000,0x00000000d6b80000,0x00000000d6e80000)
 ParOldGen       total 68608K, used 27725K [0x0000000080000000, 0x0000000084300000, 0x00000000d5580000)
  object space 68608K, 40% used [0x0000000080000000,0x0000000081b13798,0x0000000084300000)
 Metaspace       used 33705K, committed 34624K, reserved 1114112K
  class space    used 3442K, committed 3840K, reserved 1048576K
}
Event: 6.737 GC heap before
{Heap before GC invocations=16 (full 1):
 PSYoungGen      total 24576K, used 21166K [0x00000000d5580000, 0x00000000d7180000, 0x0000000100000000)
  eden space 22016K, 85% used [0x00000000d5580000,0x00000000d67ca640,0x00000000d6b00000)
  from space 2560K, 95% used [0x00000000d6f00000,0x00000000d7161568,0x00000000d7180000)
  to   space 3072K, 0% used [0x00000000d6b80000,0x00000000d6b80000,0x00000000d6e80000)
 ParOldGen       total 68608K, used 27725K [0x0000000080000000, 0x0000000084300000, 0x00000000d5580000)
  object space 68608K, 40% used [0x0000000080000000,0x0000000081b13798,0x0000000084300000)
 Metaspace       used 34858K, committed 35840K, reserved 1114112K
  class space    used 3598K, committed 4032K, reserved 1048576K
}
Event: 6.741 GC heap after
{Heap after GC invocations=16 (full 1):
 PSYoungGen      total 23040K, used 608K [0x00000000d5580000, 0x00000000d6f80000, 0x0000000100000000)
  eden space 22016K, 0% used [0x00000000d5580000,0x00000000d5580000,0x00000000d6b00000)
  from space 1024K, 59% used [0x00000000d6b80000,0x00000000d6c18010,0x00000000d6c80000)
  to   space 1536K, 0% used [0x00000000d6e00000,0x00000000d6e00000,0x00000000d6f80000)
 ParOldGen       total 68608K, used 29985K [0x0000000080000000, 0x0000000084300000, 0x00000000d5580000)
  object space 68608K, 43% used [0x0000000080000000,0x0000000081d487a0,0x0000000084300000)
 Metaspace       used 34858K, committed 35840K, reserved 1114112K
  class space    used 3598K, committed 4032K, reserved 1048576K
}
Event: 6.741 GC heap before
{Heap before GC invocations=17 (full 2):
 PSYoungGen      total 23040K, used 608K [0x00000000d5580000, 0x00000000d6f80000, 0x0000000100000000)
  eden space 22016K, 0% used [0x00000000d5580000,0x00000000d5580000,0x00000000d6b00000)
  from space 1024K, 59% used [0x00000000d6b80000,0x00000000d6c18010,0x00000000d6c80000)
  to   space 1536K, 0% used [0x00000000d6e00000,0x00000000d6e00000,0x00000000d6f80000)
 ParOldGen       total 68608K, used 29985K [0x0000000080000000, 0x0000000084300000, 0x00000000d5580000)
  object space 68608K, 43% used [0x0000000080000000,0x0000000081d487a0,0x0000000084300000)
 Metaspace       used 34858K, committed 35840K, reserved 1114112K
  class space    used 3598K, committed 4032K, reserved 1048576K
}
Event: 6.787 GC heap after
{Heap after GC invocations=17 (full 2):
 PSYoungGen      total 23040K, used 0K [0x00000000d5580000, 0x00000000d6f80000, 0x0000000100000000)
  eden space 22016K, 0% used [0x00000000d5580000,0x00000000d5580000,0x00000000d6b00000)
  from space 1024K, 0% used [0x00000000d6b80000,0x00000000d6b80000,0x00000000d6c80000)
  to   space 1536K, 0% used [0x00000000d6e00000,0x00000000d6e00000,0x00000000d6f80000)
 ParOldGen       total 68608K, used 29563K [0x0000000080000000, 0x0000000084300000, 0x00000000d5580000)
  object space 68608K, 43% used [0x0000000080000000,0x0000000081cdef50,0x0000000084300000)
 Metaspace       used 34858K, committed 35840K, reserved 1114112K
  class space    used 3598K, committed 4032K, reserved 1048576K
}
Event: 7.153 GC heap before
{Heap before GC invocations=18 (full 2):
 PSYoungGen      total 23040K, used 22016K [0x00000000d5580000, 0x00000000d6f80000, 0x0000000100000000)
  eden space 22016K, 100% used [0x00000000d5580000,0x00000000d6b00000,0x00000000d6b00000)
  from space 1024K, 0% used [0x00000000d6b80000,0x00000000d6b80000,0x00000000d6c80000)
  to   space 1536K, 0% used [0x00000000d6e00000,0x00000000d6e00000,0x00000000d6f80000)
 ParOldGen       total 68608K, used 29563K [0x0000000080000000, 0x0000000084300000, 0x00000000d5580000)
  object space 68608K, 43% used [0x0000000080000000,0x0000000081cdef50,0x0000000084300000)
 Metaspace       used 37257K, committed 38208K, reserved 1114112K
  class space    used 3795K, committed 4224K, reserved 1048576K
}
Event: 7.155 GC heap after
{Heap after GC invocations=18 (full 2):
 PSYoungGen      total 23552K, used 1146K [0x00000000d5580000, 0x00000000d6f80000, 0x0000000100000000)
  eden space 22016K, 0% used [0x00000000d5580000,0x00000000d5580000,0x00000000d6b00000)
  from space 1536K, 74% used [0x00000000d6e00000,0x00000000d6f1ebb0,0x00000000d6f80000)
  to   space 1536K, 0% used [0x00000000d6c80000,0x00000000d6c80000,0x00000000d6e00000)
 ParOldGen       total 68608K, used 29571K [0x0000000080000000, 0x0000000084300000, 0x00000000d5580000)
  object space 68608K, 43% used [0x0000000080000000,0x0000000081ce0f50,0x0000000084300000)
 Metaspace       used 37257K, committed 38208K, reserved 1114112K
  class space    used 3795K, committed 4224K, reserved 1048576K
}
Event: 7.253 GC heap before
{Heap before GC invocations=19 (full 2):
 PSYoungGen      total 23552K, used 23162K [0x00000000d5580000, 0x00000000d6f80000, 0x0000000100000000)
  eden space 22016K, 100% used [0x00000000d5580000,0x00000000d6b00000,0x00000000d6b00000)
  from space 1536K, 74% used [0x00000000d6e00000,0x00000000d6f1ebb0,0x00000000d6f80000)
  to   space 1536K, 0% used [0x00000000d6c80000,0x00000000d6c80000,0x00000000d6e00000)
 ParOldGen       total 68608K, used 29571K [0x0000000080000000, 0x0000000084300000, 0x00000000d5580000)
  object space 68608K, 43% used [0x0000000080000000,0x0000000081ce0f50,0x0000000084300000)
 Metaspace       used 37292K, committed 38272K, reserved 1114112K
  class space    used 3795K, committed 4224K, reserved 1048576K
}
Event: 7.255 GC heap after
{Heap after GC invocations=19 (full 2):
 PSYoungGen      total 23040K, used 822K [0x00000000d5580000, 0x00000000d6e80000, 0x0000000100000000)
  eden space 22016K, 0% used [0x00000000d5580000,0x00000000d5580000,0x00000000d6b00000)
  from space 1024K, 80% used [0x00000000d6c80000,0x00000000d6d4d9c0,0x00000000d6d80000)
  to   space 1024K, 0% used [0x00000000d6d80000,0x00000000d6d80000,0x00000000d6e80000)
 ParOldGen       total 68608K, used 30437K [0x0000000080000000, 0x0000000084300000, 0x00000000d5580000)
  object space 68608K, 44% used [0x0000000080000000,0x0000000081db97d8,0x0000000084300000)
 Metaspace       used 37292K, committed 38272K, reserved 1114112K
  class space    used 3795K, committed 4224K, reserved 1048576K
}
Event: 8.457 GC heap before
{Heap before GC invocations=20 (full 2):
 PSYoungGen      total 23040K, used 22838K [0x00000000d5580000, 0x00000000d6e80000, 0x0000000100000000)
  eden space 22016K, 100% used [0x00000000d5580000,0x00000000d6b00000,0x00000000d6b00000)
  from space 1024K, 80% used [0x00000000d6c80000,0x00000000d6d4d9c0,0x00000000d6d80000)
  to   space 1024K, 0% used [0x00000000d6d80000,0x00000000d6d80000,0x00000000d6e80000)
 ParOldGen       total 68608K, used 30437K [0x0000000080000000, 0x0000000084300000, 0x00000000d5580000)
  object space 68608K, 44% used [0x0000000080000000,0x0000000081db97d8,0x0000000084300000)
 Metaspace       used 38902K, committed 39872K, reserved 1114112K
  class space    used 3942K, committed 4352K, reserved 1048576K
}
Event: 8.459 GC heap after
{Heap after GC invocations=20 (full 2):
 PSYoungGen      total 23040K, used 704K [0x00000000d5580000, 0x00000000d6e80000, 0x0000000100000000)
  eden space 22016K, 0% used [0x00000000d5580000,0x00000000d5580000,0x00000000d6b00000)
  from space 1024K, 68% used [0x00000000d6d80000,0x00000000d6e30020,0x00000000d6e80000)
  to   space 1024K, 0% used [0x00000000d6c80000,0x00000000d6c80000,0x00000000d6d80000)
 ParOldGen       total 68608K, used 30461K [0x0000000080000000, 0x0000000084300000, 0x00000000d5580000)
  object space 68608K, 44% used [0x0000000080000000,0x0000000081dbf7d8,0x0000000084300000)
 Metaspace       used 38902K, committed 39872K, reserved 1114112K
  class space    used 3942K, committed 4352K, reserved 1048576K
}

