# JRE version: OpenJDK Runtime Environment Temurin-21.0.11+10 (21.0.11+10) (build 21.0.11+10-LTS)
# Java VM: OpenJDK 64-Bit Server VM Temurin-21.0.11+10 (21.0.11+10-LTS, mixed mode, sharing, tiered, compressed oops, compressed class ptrs, parallel gc, windows-amd64)
GC Precious Log:
 CardTable entry size: 512
 CPUs: 8 total, 8 available
 Memory: 7914M
 Large Page Support: Disabled
 NUMA Support: Disabled
 Compressed Oops: Enabled (32-bit)
 Alignments: Space 512K, Generation 512K, Heap 2M
 Heap Min Capacity: 100M
 Heap Initial Capacity: 100M
 Heap Max Capacity: 2G
 Pre-touch: Disabled
 Parallel Workers: 8
Heap:
 PSYoungGen      total 23552K, used 1507K [0x00000000d5580000, 0x00000000d6f00000, 0x0000000100000000)
  eden space 22016K, 0% used [0x00000000d5580000,0x00000000d5580000,0x00000000d6b00000)
  from space 1536K, 98% used [0x00000000d6d80000,0x00000000d6ef8f90,0x00000000d6f00000)
  to   space 2048K, 0% used [0x00000000d6b80000,0x00000000d6b80000,0x00000000d6d80000)
 ParOldGen       total 68608K, used 28990K [0x0000000080000000, 0x0000000084300000, 0x00000000d5580000)
  object space 68608K, 42% used [0x0000000080000000,0x0000000081c4fa20,0x0000000084300000)
 Metaspace       used 41452K, committed 42560K, reserved 1114112K
  class space    used 4415K, committed 4928K, reserved 1048576K
GC Heap History (20 events):
Event: 5.802 GC heap after
{Heap after GC invocations=14 (full 1):
 PSYoungGen      total 24064K, used 832K [0x00000000d5580000, 0x00000000d7200000, 0x0000000100000000)
  eden space 22016K, 0% used [0x00000000d5580000,0x00000000d5580000,0x00000000d6b00000)
  from space 2048K, 40% used [0x00000000d6e80000,0x00000000d6f50000,0x00000000d7080000)
  to   space 1536K, 0% used [0x00000000d7080000,0x00000000d7080000,0x00000000d7200000)
 ParOldGen       total 68608K, used 18523K [0x0000000080000000, 0x0000000084300000, 0x00000000d5580000)
  object space 68608K, 26% used [0x0000000080000000,0x0000000081216d90,0x0000000084300000)
 Metaspace       used 31076K, committed 32064K, reserved 1114112K
  class space    used 3088K, committed 3520K, reserved 1048576K
}
Event: 5.919 GC heap before
{Heap before GC invocations=15 (full 1):
 PSYoungGen      total 24064K, used 22848K [0x00000000d5580000, 0x00000000d7200000, 0x0000000100000000)
  eden space 22016K, 100% used [0x00000000d5580000,0x00000000d6b00000,0x00000000d6b00000)
  from space 2048K, 40% used [0x00000000d6e80000,0x00000000d6f50000,0x00000000d7080000)
  to   space 1536K, 0% used [0x00000000d7080000,0x00000000d7080000,0x00000000d7200000)
 ParOldGen       total 68608K, used 18523K [0x0000000080000000, 0x0000000084300000, 0x00000000d5580000)
  object space 68608K, 26% used [0x0000000080000000,0x0000000081216d90,0x0000000084300000)
 Metaspace       used 32709K, committed 33792K, reserved 1114112K
  class space    used 3278K, committed 3776K, reserved 1048576K
}
Event: 5.921 GC heap after
{Heap after GC invocations=15 (full 1):
 PSYoungGen      total 23552K, used 1418K [0x00000000d5580000, 0x00000000d7200000, 0x0000000100000000)
  eden space 22016K, 0% used [0x00000000d5580000,0x00000000d5580000,0x00000000d6b00000)
  from space 1536K, 92% used [0x00000000d7080000,0x00000000d71e2b98,0x00000000d7200000)
  to   space 1536K, 0% used [0x00000000d6f00000,0x00000000d6f00000,0x00000000d7080000)
 ParOldGen       total 68608K, used 19192K [0x0000000080000000, 0x0000000084300000, 0x00000000d5580000)
  object space 68608K, 27% used [0x0000000080000000,0x00000000812be270,0x0000000084300000)
 Metaspace       used 32709K, committed 33792K, reserved 1114112K
  class space    used 3278K, committed 3776K, reserved 1048576K
}
Event: 6.064 GC heap before
{Heap before GC invocations=16 (full 1):
 PSYoungGen      total 23552K, used 23434K [0x00000000d5580000, 0x00000000d7200000, 0x0000000100000000)
  eden space 22016K, 100% used [0x00000000d5580000,0x00000000d6b00000,0x00000000d6b00000)
  from space 1536K, 92% used [0x00000000d7080000,0x00000000d71e2b98,0x00000000d7200000)
  to   space 1536K, 0% used [0x00000000d6f00000,0x00000000d6f00000,0x00000000d7080000)
 ParOldGen       total 68608K, used 19192K [0x0000000080000000, 0x0000000084300000, 0x00000000d5580000)
  object space 68608K, 27% used [0x0000000080000000,0x00000000812be270,0x0000000084300000)
 Metaspace       used 34212K, committed 35264K, reserved 1114112K
  class space    used 3475K, committed 3968K, reserved 1048576K
}
Event: 6.066 GC heap after
{Heap after GC invocations=16 (full 1):
 PSYoungGen      total 22528K, used 416K [0x00000000d5580000, 0x00000000d7100000, 0x0000000100000000)
  eden space 22016K, 0% used [0x00000000d5580000,0x00000000d5580000,0x00000000d6b00000)
  from space 512K, 81% used [0x00000000d6f00000,0x00000000d6f68000,0x00000000d6f80000)
  to   space 1024K, 0% used [0x00000000d7000000,0x00000000d7000000,0x00000000d7100000)
 ParOldGen       total 68608K, used 20368K [0x0000000080000000, 0x0000000084300000, 0x00000000d5580000)
  object space 68608K, 29% used [0x0000000080000000,0x00000000813e41d0,0x0000000084300000)
 Metaspace       used 34212K, committed 35264K, reserved 1114112K
  class space    used 3475K, committed 3968K, reserved 1048576K
}
Event: 6.224 GC heap before
{Heap before GC invocations=17 (full 1):
 PSYoungGen      total 22528K, used 15721K [0x00000000d5580000, 0x00000000d7100000, 0x0000000100000000)
  eden space 22016K, 69% used [0x00000000d5580000,0x00000000d6472710,0x00000000d6b00000)
  from space 512K, 81% used [0x00000000d6f00000,0x00000000d6f68000,0x00000000d6f80000)
  to   space 1024K, 0% used [0x00000000d7000000,0x00000000d7000000,0x00000000d7100000)
 ParOldGen       total 68608K, used 20368K [0x0000000080000000, 0x0000000084300000, 0x00000000d5580000)
  object space 68608K, 29% used [0x0000000080000000,0x00000000813e41d0,0x0000000084300000)
 Metaspace       used 35407K, committed 36416K, reserved 1114112K
  class space    used 3651K, committed 4096K, reserved 1048576K
}
Event: 6.226 GC heap after
{Heap after GC invocations=17 (full 1):
 PSYoungGen      total 23040K, used 1008K [0x00000000d5580000, 0x00000000d7100000, 0x0000000100000000)
  eden space 22016K, 0% used [0x00000000d5580000,0x00000000d5580000,0x00000000d6b00000)
  from space 1024K, 98% used [0x00000000d7000000,0x00000000d70fc010,0x00000000d7100000)
  to   space 2560K, 0% used [0x00000000d6c00000,0x00000000d6c00000,0x00000000d6e80000)
 ParOldGen       total 68608K, used 21592K [0x0000000080000000, 0x0000000084300000, 0x00000000d5580000)
  object space 68608K, 31% used [0x0000000080000000,0x00000000815161d0,0x0000000084300000)
 Metaspace       used 35407K, committed 36416K, reserved 1114112K
  class space    used 3651K, committed 4096K, reserved 1048576K
}
Event: 6.226 GC heap before
{Heap before GC invocations=18 (full 2):
 PSYoungGen      total 23040K, used 1008K [0x00000000d5580000, 0x00000000d7100000, 0x0000000100000000)
  eden space 22016K, 0% used [0x00000000d5580000,0x00000000d5580000,0x00000000d6b00000)
  from space 1024K, 98% used [0x00000000d7000000,0x00000000d70fc010,0x00000000d7100000)
  to   space 2560K, 0% used [0x00000000d6c00000,0x00000000d6c00000,0x00000000d6e80000)
 ParOldGen       total 68608K, used 21592K [0x0000000080000000, 0x0000000084300000, 0x00000000d5580000)
  object space 68608K, 31% used [0x0000000080000000,0x00000000815161d0,0x0000000084300000)
 Metaspace       used 35407K, committed 36416K, reserved 1114112K
  class space    used 3651K, committed 4096K, reserved 1048576K
}
Event: 6.262 GC heap after
{Heap after GC invocations=18 (full 2):
 PSYoungGen      total 23040K, used 0K [0x00000000d5580000, 0x00000000d7100000, 0x0000000100000000)
  eden space 22016K, 0% used [0x00000000d5580000,0x00000000d5580000,0x00000000d6b00000)
  from space 1024K, 0% used [0x00000000d7000000,0x00000000d7000000,0x00000000d7100000)
  to   space 2560K, 0% used [0x00000000d6c00000,0x00000000d6c00000,0x00000000d6e80000)
 ParOldGen       total 68608K, used 21092K [0x0000000080000000, 0x0000000084300000, 0x00000000d5580000)
  object space 68608K, 30% used [0x0000000080000000,0x00000000814992b8,0x0000000084300000)
 Metaspace       used 35384K, committed 36416K, reserved 1114112K
  class space    used 3644K, committed 4096K, reserved 1048576K
}
Event: 7.499 GC heap before
{Heap before GC invocations=19 (full 2):
 PSYoungGen      total 23040K, used 22016K [0x00000000d5580000, 0x00000000d7100000, 0x0000000100000000)
  eden space 22016K, 100% used [0x00000000d5580000,0x00000000d6b00000,0x00000000d6b00000)
  from space 1024K, 0% used [0x00000000d7000000,0x00000000d7000000,0x00000000d7100000)
  to   space 2560K, 0% used [0x00000000d6c00000,0x00000000d6c00000,0x00000000d6e80000)
 ParOldGen       total 68608K, used 21092K [0x0000000080000000, 0x0000000084300000, 0x00000000d5580000)
  object space 68608K, 30% used [0x0000000080000000,0x00000000814992b8,0x0000000084300000)
 Metaspace       used 37635K, committed 38848K, reserved 1114112K
  class space    used 3937K, committed 4480K, reserved 1048576K
}
Event: 7.501 GC heap after
{Heap after GC invocations=19 (full 2):
 PSYoungGen      total 24576K, used 1309K [0x00000000d5580000, 0x00000000d7080000, 0x0000000100000000)
  eden space 22016K, 0% used [0x00000000d5580000,0x00000000d5580000,0x00000000d6b00000)
  from space 2560K, 51% used [0x00000000d6c00000,0x00000000d6d476b0,0x00000000d6e80000)
  to   space 2048K, 0% used [0x00000000d6e80000,0x00000000d6e80000,0x00000000d7080000)
 ParOldGen       total 68608K, used 21100K [0x0000000080000000, 0x0000000084300000, 0x00000000d5580000)
  object space 68608K, 30% used [0x0000000080000000,0x000000008149b2b8,0x0000000084300000)
 Metaspace       used 37635K, committed 38848K, reserved 1114112K
  class space    used 3937K, committed 4480K, reserved 1048576K
}
Event: 7.617 GC heap before
{Heap before GC invocations=20 (full 2):
 PSYoungGen      total 24576K, used 23325K [0x00000000d5580000, 0x00000000d7080000, 0x0000000100000000)
  eden space 22016K, 100% used [0x00000000d5580000,0x00000000d6b00000,0x00000000d6b00000)
  from space 2560K, 51% used [0x00000000d6c00000,0x00000000d6d476b0,0x00000000d6e80000)
  to   space 2048K, 0% used [0x00000000d6e80000,0x00000000d6e80000,0x00000000d7080000)
 ParOldGen       total 68608K, used 21100K [0x0000000080000000, 0x0000000084300000, 0x00000000d5580000)
  object space 68608K, 30% used [0x0000000080000000,0x000000008149b2b8,0x0000000084300000)
 Metaspace       used 39123K, committed 40320K, reserved 1114112K
  class space    used 4110K, committed 4608K, reserved 1048576K
}
Event: 7.619 GC heap after
{Heap after GC invocations=20 (full 2):
 PSYoungGen      total 23552K, used 1456K [0x00000000d5580000, 0x00000000d7000000, 0x0000000100000000)
  eden space 22016K, 0% used [0x00000000d5580000,0x00000000d5580000,0x00000000d6b00000)
  from space 1536K, 94% used [0x00000000d6e80000,0x00000000d6fec030,0x00000000d7000000)
  to   space 1536K, 0% used [0x00000000d6d00000,0x00000000d6d00000,0x00000000d6e80000)
 ParOldGen       total 68608K, used 22114K [0x0000000080000000, 0x0000000084300000, 0x00000000d5580000)
  object space 68608K, 32% used [0x0000000080000000,0x00000000815989e0,0x0000000084300000)
 Metaspace       used 39123K, committed 40320K, reserved 1114112K
  class space    used 4110K, committed 4608K, reserved 1048576K
}
Event: 7.673 GC heap before
{Heap before GC invocations=21 (full 2):
 PSYoungGen      total 23552K, used 23472K [0x00000000d5580000, 0x00000000d7000000, 0x0000000100000000)
  eden space 22016K, 100% used [0x00000000d5580000,0x00000000d6b00000,0x00000000d6b00000)
  from space 1536K, 94% used [0x00000000d6e80000,0x00000000d6fec030,0x00000000d7000000)
  to   space 1536K, 0% used [0x00000000d6d00000,0x00000000d6d00000,0x00000000d6e80000)
 ParOldGen       total 68608K, used 22114K [0x0000000080000000, 0x0000000084300000, 0x00000000d5580000)
  object space 68608K, 32% used [0x0000000080000000,0x00000000815989e0,0x0000000084300000)
 Metaspace       used 39563K, committed 40704K, reserved 1114112K
  class space    used 4173K, committed 4672K, reserved 1048576K
}
Event: 7.676 GC heap after
{Heap after GC invocations=21 (full 2):
 PSYoungGen      total 23552K, used 1504K [0x00000000d5580000, 0x00000000d7200000, 0x0000000100000000)
  eden space 22016K, 0% used [0x00000000d5580000,0x00000000d5580000,0x00000000d6b00000)
  from space 1536K, 97% used [0x00000000d6d00000,0x00000000d6e78010,0x00000000d6e80000)
  to   space 3584K, 0% used [0x00000000d6e80000,0x00000000d6e80000,0x00000000d7200000)
 ParOldGen       total 68608K, used 23759K [0x0000000080000000, 0x0000000084300000, 0x00000000d5580000)
  object space 68608K, 34% used [0x0000000080000000,0x0000000081733d78,0x0000000084300000)
 Metaspace       used 39563K, committed 40704K, reserved 1114112K
  class space    used 4173K, committed 4672K, reserved 1048576K
}
Event: 7.732 GC heap before
{Heap before GC invocations=22 (full 2):
 PSYoungGen      total 23552K, used 23520K [0x00000000d5580000, 0x00000000d7200000, 0x0000000100000000)
  eden space 22016K, 100% used [0x00000000d5580000,0x00000000d6b00000,0x00000000d6b00000)
  from space 1536K, 97% used [0x00000000d6d00000,0x00000000d6e78010,0x00000000d6e80000)
  to   space 3584K, 0% used [0x00000000d6e80000,0x00000000d6e80000,0x00000000d7200000)
 ParOldGen       total 68608K, used 23759K [0x0000000080000000, 0x0000000084300000, 0x00000000d5580000)
  object space 68608K, 34% used [0x0000000080000000,0x0000000081733d78,0x0000000084300000)
 Metaspace       used 40027K, committed 41152K, reserved 1114112K
  class space    used 4221K, committed 4736K, reserved 1048576K
}
Event: 7.735 GC heap after
{Heap after GC invocations=22 (full 2):
 PSYoungGen      total 24064K, used 2030K [0x00000000d5580000, 0x00000000d7080000, 0x0000000100000000)
  eden space 22016K, 0% used [0x00000000d5580000,0x00000000d5580000,0x00000000d6b00000)
  from space 2048K, 99% used [0x00000000d6e80000,0x00000000d707bbe0,0x00000000d7080000)
  to   space 2560K, 0% used [0x00000000d6b80000,0x00000000d6b80000,0x00000000d6e00000)
 ParOldGen       total 68608K, used 25183K [0x0000000080000000, 0x0000000084300000, 0x00000000d5580000)
  object space 68608K, 36% used [0x0000000080000000,0x0000000081897d88,0x0000000084300000)
 Metaspace       used 40027K, committed 41152K, reserved 1114112K
  class space    used 4221K, committed 4736K, reserved 1048576K
}
Event: 7.821 GC heap before
{Heap before GC invocations=23 (full 2):
 PSYoungGen      total 24064K, used 24046K [0x00000000d5580000, 0x00000000d7080000, 0x0000000100000000)
  eden space 22016K, 100% used [0x00000000d5580000,0x00000000d6b00000,0x00000000d6b00000)
  from space 2048K, 99% used [0x00000000d6e80000,0x00000000d707bbe0,0x00000000d7080000)
  to   space 2560K, 0% used [0x00000000d6b80000,0x00000000d6b80000,0x00000000d6e00000)
 ParOldGen       total 68608K, used 25183K [0x0000000080000000, 0x0000000084300000, 0x00000000d5580000)
  object space 68608K, 36% used [0x0000000080000000,0x0000000081897d88,0x0000000084300000)
 Metaspace       used 41036K, committed 42176K, reserved 1114112K
  class space    used 4374K, committed 4928K, reserved 1048576K
}
Event: 7.825 GC heap after
{Heap after GC invocations=23 (full 2):
 PSYoungGen      total 24064K, used 1728K [0x00000000d5580000, 0x00000000d6f00000, 0x0000000100000000)
  eden space 22016K, 0% used [0x00000000d5580000,0x00000000d5580000,0x00000000d6b00000)
  from space 2048K, 84% used [0x00000000d6b80000,0x00000000d6d30020,0x00000000d6d80000)
  to   space 1536K, 0% used [0x00000000d6d80000,0x00000000d6d80000,0x00000000d6f00000)
 ParOldGen       total 68608K, used 27001K [0x0000000080000000, 0x0000000084300000, 0x00000000d5580000)
  object space 68608K, 39% used [0x0000000080000000,0x0000000081a5e588,0x0000000084300000)
 Metaspace       used 41036K, committed 42176K, reserved 1114112K
  class space    used 4374K, committed 4928K, reserved 1048576K
}
Event: 7.879 GC heap before
{Heap before GC invocations=24 (full 2):
 PSYoungGen      total 24064K, used 23744K [0x00000000d5580000, 0x00000000d6f00000, 0x0000000100000000)
  eden space 22016K, 100% used [0x00000000d5580000,0x00000000d6b00000,0x00000000d6b00000)
  from space 2048K, 84% used [0x00000000d6b80000,0x00000000d6d30020,0x00000000d6d80000)
  to   space 1536K, 0% used [0x00000000d6d80000,0x00000000d6d80000,0x00000000d6f00000)
 ParOldGen       total 68608K, used 27001K [0x0000000080000000, 0x0000000084300000, 0x00000000d5580000)
  object space 68608K, 39% used [0x0000000080000000,0x0000000081a5e588,0x0000000084300000)
 Metaspace       used 41452K, committed 42560K, reserved 1114112K
  class space    used 4415K, committed 4928K, reserved 1048576K
}

