# JRE version: OpenJDK Runtime Environment Temurin-21.0.11+10 (21.0.11+10) (build 21.0.11+10-LTS)
# Java VM: OpenJDK 64-Bit Server VM Temurin-21.0.11+10 (21.0.11+10-LTS, mixed mode, sharing, tiered, compressed oops, compressed class ptrs, parallel gc, windows-amd64)
GC Precious Log:
 CardTable entry size: 512
 CPUs: 8 total, 8 available
 Memory: 7914M
 Large Page Support: Disabled
 NUMA Support: Disabled
 Compressed Oops: Enabled (32-bit)
 Alignments: Space 512K, Generation 512K, Heap 2M
 Heap Min Capacity: 100M
 Heap Initial Capacity: 100M
 Heap Max Capacity: 2G
 Pre-touch: Disabled
 Parallel Workers: 8
Heap:
 PSYoungGen      total 11264K, used 1252K [0x00000000d5580000, 0x00000000d6280000, 0x0000000100000000)
  eden space 10240K, 8% used [0x00000000d5580000,0x00000000d565d0a0,0x00000000d5f80000)
  from space 1024K, 35% used [0x00000000d5f80000,0x00000000d5fdc010,0x00000000d6080000)
  to   space 512K, 0% used [0x00000000d6200000,0x00000000d6200000,0x00000000d6280000)
 ParOldGen       total 68608K, used 65387K [0x0000000080000000, 0x0000000084300000, 0x00000000d5580000)
  object space 68608K, 95% used [0x0000000080000000,0x0000000083fdad80,0x0000000084300000)
 Metaspace       used 73545K, committed 75072K, reserved 1114112K
  class space    used 9112K, committed 9792K, reserved 1048576K
GC Heap History (20 events):
Event: 43.208 GC heap after
{Heap after GC invocations=90 (full 3):
 PSYoungGen      total 13312K, used 1024K [0x00000000d5580000, 0x00000000d6400000, 0x0000000100000000)
  eden space 11776K, 0% used [0x00000000d5580000,0x00000000d5580000,0x00000000d6100000)
  from space 1536K, 66% used [0x00000000d6100000,0x00000000d6200000,0x00000000d6280000)
  to   space 1536K, 0% used [0x00000000d6280000,0x00000000d6280000,0x00000000d6400000)
 ParOldGen       total 68608K, used 60826K [0x0000000080000000, 0x0000000084300000, 0x00000000d5580000)
  object space 68608K, 88% used [0x0000000080000000,0x0000000083b66b80,0x0000000084300000)
 Metaspace       used 66701K, committed 68224K, reserved 1114112K
  class space    used 8387K, committed 9024K, reserved 1048576K
}
Event: 43.328 GC heap before
{Heap before GC invocations=91 (full 3):
 PSYoungGen      total 13312K, used 12790K [0x00000000d5580000, 0x00000000d6400000, 0x0000000100000000)
  eden space 11776K, 99% used [0x00000000d5580000,0x00000000d60fdb68,0x00000000d6100000)
  from space 1536K, 66% used [0x00000000d6100000,0x00000000d6200000,0x00000000d6280000)
  to   space 1536K, 0% used [0x00000000d6280000,0x00000000d6280000,0x00000000d6400000)
 ParOldGen       total 68608K, used 60826K [0x0000000080000000, 0x0000000084300000, 0x00000000d5580000)
  object space 68608K, 88% used [0x0000000080000000,0x0000000083b66b80,0x0000000084300000)
 Metaspace       used 67921K, committed 69440K, reserved 1114112K
  class space    used 8557K, committed 9216K, reserved 1048576K
}
Event: 43.331 GC heap after
{Heap after GC invocations=91 (full 3):
 PSYoungGen      total 12800K, used 870K [0x00000000d5580000, 0x00000000d6380000, 0x0000000100000000)
  eden space 11776K, 0% used [0x00000000d5580000,0x00000000d5580000,0x00000000d6100000)
  from space 1024K, 85% used [0x00000000d6280000,0x00000000d63599e8,0x00000000d6380000)
  to   space 1024K, 0% used [0x00000000d6180000,0x00000000d6180000,0x00000000d6280000)
 ParOldGen       total 68608K, used 61807K [0x0000000080000000, 0x0000000084300000, 0x00000000d5580000)
  object space 68608K, 90% used [0x0000000080000000,0x0000000083c5bed8,0x0000000084300000)
 Metaspace       used 67921K, committed 69440K, reserved 1114112K
  class space    used 8557K, committed 9216K, reserved 1048576K
}
Event: 43.483 GC heap before
{Heap before GC invocations=92 (full 3):
 PSYoungGen      total 12800K, used 12646K [0x00000000d5580000, 0x00000000d6380000, 0x0000000100000000)
  eden space 11776K, 100% used [0x00000000d5580000,0x00000000d6100000,0x00000000d6100000)
  from space 1024K, 85% used [0x00000000d6280000,0x00000000d63599e8,0x00000000d6380000)
  to   space 1024K, 0% used [0x00000000d6180000,0x00000000d6180000,0x00000000d6280000)
 ParOldGen       total 68608K, used 61807K [0x0000000080000000, 0x0000000084300000, 0x00000000d5580000)
  object space 68608K, 90% used [0x0000000080000000,0x0000000083c5bed8,0x0000000084300000)
 Metaspace       used 69095K, committed 70592K, reserved 1114112K
  class space    used 8700K, committed 9344K, reserved 1048576K
}
Event: 43.485 GC heap after
{Heap after GC invocations=92 (full 3):
 PSYoungGen      total 12288K, used 472K [0x00000000d5580000, 0x00000000d6300000, 0x0000000100000000)
  eden space 11776K, 0% used [0x00000000d5580000,0x00000000d5580000,0x00000000d6100000)
  from space 512K, 92% used [0x00000000d6180000,0x00000000d61f6350,0x00000000d6200000)
  to   space 1024K, 0% used [0x00000000d6200000,0x00000000d6200000,0x00000000d6300000)
 ParOldGen       total 68608K, used 62352K [0x0000000080000000, 0x0000000084300000, 0x00000000d5580000)
  object space 68608K, 90% used [0x0000000080000000,0x0000000083ce4000,0x0000000084300000)
 Metaspace       used 69095K, committed 70592K, reserved 1114112K
  class space    used 8700K, committed 9344K, reserved 1048576K
}
Event: 43.624 GC heap before
{Heap before GC invocations=93 (full 3):
 PSYoungGen      total 12288K, used 12248K [0x00000000d5580000, 0x00000000d6300000, 0x0000000100000000)
  eden space 11776K, 100% used [0x00000000d5580000,0x00000000d6100000,0x00000000d6100000)
  from space 512K, 92% used [0x00000000d6180000,0x00000000d61f6350,0x00000000d6200000)
  to   space 1024K, 0% used [0x00000000d6200000,0x00000000d6200000,0x00000000d6300000)
 ParOldGen       total 68608K, used 62352K [0x0000000080000000, 0x0000000084300000, 0x00000000d5580000)
  object space 68608K, 90% used [0x0000000080000000,0x0000000083ce4000,0x0000000084300000)
 Metaspace       used 69651K, committed 71168K, reserved 1114112K
  class space    used 8763K, committed 9408K, reserved 1048576K
}
Event: 43.625 GC heap after
{Heap after GC invocations=93 (full 3):
 PSYoungGen      total 12288K, used 288K [0x00000000d5580000, 0x00000000d6280000, 0x0000000100000000)
  eden space 11776K, 0% used [0x00000000d5580000,0x00000000d5580000,0x00000000d6100000)
  from space 512K, 56% used [0x00000000d6200000,0x00000000d6248000,0x00000000d6280000)
  to   space 512K, 0% used [0x00000000d6180000,0x00000000d6180000,0x00000000d6200000)
 ParOldGen       total 68608K, used 62766K [0x0000000080000000, 0x0000000084300000, 0x00000000d5580000)
  object space 68608K, 91% used [0x0000000080000000,0x0000000083d4bb48,0x0000000084300000)
 Metaspace       used 69651K, committed 71168K, reserved 1114112K
  class space    used 8763K, committed 9408K, reserved 1048576K
}
Event: 43.725 GC heap before
{Heap before GC invocations=94 (full 3):
 PSYoungGen      total 12288K, used 12039K [0x00000000d5580000, 0x00000000d6280000, 0x0000000100000000)
  eden space 11776K, 99% used [0x00000000d5580000,0x00000000d60f9c28,0x00000000d6100000)
  from space 512K, 56% used [0x00000000d6200000,0x00000000d6248000,0x00000000d6280000)
  to   space 512K, 0% used [0x00000000d6180000,0x00000000d6180000,0x00000000d6200000)
 ParOldGen       total 68608K, used 62766K [0x0000000080000000, 0x0000000084300000, 0x00000000d5580000)
  object space 68608K, 91% used [0x0000000080000000,0x0000000083d4bb48,0x0000000084300000)
 Metaspace       used 70177K, committed 71744K, reserved 1114112K
  class space    used 8829K, committed 9472K, reserved 1048576K
}
Event: 43.726 GC heap after
{Heap after GC invocations=94 (full 3):
 PSYoungGen      total 12288K, used 288K [0x00000000d5580000, 0x00000000d6280000, 0x0000000100000000)
  eden space 11776K, 0% used [0x00000000d5580000,0x00000000d5580000,0x00000000d6100000)
  from space 512K, 56% used [0x00000000d6180000,0x00000000d61c8000,0x00000000d6200000)
  to   space 512K, 0% used [0x00000000d6200000,0x00000000d6200000,0x00000000d6280000)
 ParOldGen       total 68608K, used 62942K [0x0000000080000000, 0x0000000084300000, 0x00000000d5580000)
  object space 68608K, 91% used [0x0000000080000000,0x0000000083d77b48,0x0000000084300000)
 Metaspace       used 70177K, committed 71744K, reserved 1114112K
  class space    used 8829K, committed 9472K, reserved 1048576K
}
Event: 43.834 GC heap before
{Heap before GC invocations=95 (full 3):
 PSYoungGen      total 12288K, used 12064K [0x00000000d5580000, 0x00000000d6280000, 0x0000000100000000)
  eden space 11776K, 100% used [0x00000000d5580000,0x00000000d6100000,0x00000000d6100000)
  from space 512K, 56% used [0x00000000d6180000,0x00000000d61c8000,0x00000000d6200000)
  to   space 512K, 0% used [0x00000000d6200000,0x00000000d6200000,0x00000000d6280000)
 ParOldGen       total 68608K, used 62942K [0x0000000080000000, 0x0000000084300000, 0x00000000d5580000)
  object space 68608K, 91% used [0x0000000080000000,0x0000000083d77b48,0x0000000084300000)
 Metaspace       used 71569K, committed 73152K, reserved 1114112K
  class space    used 8924K, committed 9600K, reserved 1048576K
}
Event: 43.836 GC heap after
{Heap after GC invocations=95 (full 3):
 PSYoungGen      total 10752K, used 510K [0x00000000d5580000, 0x00000000d6600000, 0x0000000100000000)
  eden space 10240K, 0% used [0x00000000d5580000,0x00000000d5580000,0x00000000d5f80000)
  from space 512K, 99% used [0x00000000d6200000,0x00000000d627fac0,0x00000000d6280000)
  to   space 2560K, 0% used [0x00000000d5f80000,0x00000000d5f80000,0x00000000d6200000)
 ParOldGen       total 68608K, used 64286K [0x0000000080000000, 0x0000000084300000, 0x00000000d5580000)
  object space 68608K, 93% used [0x0000000080000000,0x0000000083ec7a68,0x0000000084300000)
 Metaspace       used 71569K, committed 73152K, reserved 1114112K
  class space    used 8924K, committed 9600K, reserved 1048576K
}
Event: 43.863 GC heap before
{Heap before GC invocations=96 (full 3):
 PSYoungGen      total 10752K, used 10750K [0x00000000d5580000, 0x00000000d6600000, 0x0000000100000000)
  eden space 10240K, 100% used [0x00000000d5580000,0x00000000d5f80000,0x00000000d5f80000)
  from space 512K, 99% used [0x00000000d6200000,0x00000000d627fac0,0x00000000d6280000)
  to   space 2560K, 0% used [0x00000000d5f80000,0x00000000d5f80000,0x00000000d6200000)
 ParOldGen       total 68608K, used 64286K [0x0000000080000000, 0x0000000084300000, 0x00000000d5580000)
  object space 68608K, 93% used [0x0000000080000000,0x0000000083ec7a68,0x0000000084300000)
 Metaspace       used 71582K, committed 73152K, reserved 1114112K
  class space    used 8924K, committed 9600K, reserved 1048576K
}
Event: 43.866 GC heap after
{Heap after GC invocations=96 (full 3):
 PSYoungGen      total 11776K, used 1343K [0x00000000d5580000, 0x00000000d6280000, 0x0000000100000000)
  eden space 10240K, 0% used [0x00000000d5580000,0x00000000d5580000,0x00000000d5f80000)
  from space 1536K, 87% used [0x00000000d5f80000,0x00000000d60cfe60,0x00000000d6100000)
  to   space 1536K, 0% used [0x00000000d6100000,0x00000000d6100000,0x00000000d6280000)
 ParOldGen       total 68608K, used 64731K [0x0000000080000000, 0x0000000084300000, 0x00000000d5580000)
  object space 68608K, 94% used [0x0000000080000000,0x0000000083f36e00,0x0000000084300000)
 Metaspace       used 71582K, committed 73152K, reserved 1114112K
  class space    used 8924K, committed 9600K, reserved 1048576K
}
Event: 43.890 GC heap before
{Heap before GC invocations=97 (full 3):
 PSYoungGen      total 11776K, used 11583K [0x00000000d5580000, 0x00000000d6280000, 0x0000000100000000)
  eden space 10240K, 100% used [0x00000000d5580000,0x00000000d5f80000,0x00000000d5f80000)
  from space 1536K, 87% used [0x00000000d5f80000,0x00000000d60cfe60,0x00000000d6100000)
  to   space 1536K, 0% used [0x00000000d6100000,0x00000000d6100000,0x00000000d6280000)
 ParOldGen       total 68608K, used 64731K [0x0000000080000000, 0x0000000084300000, 0x00000000d5580000)
  object space 68608K, 94% used [0x0000000080000000,0x0000000083f36e00,0x0000000084300000)
 Metaspace       used 71593K, committed 73152K, reserved 1114112K
  class space    used 8924K, committed 9600K, reserved 1048576K
}
Event: 43.890 GC heap after
{Heap after GC invocations=97 (full 3):
 PSYoungGen      total 11264K, used 521K [0x00000000d5580000, 0x00000000d6200000, 0x0000000100000000)
  eden space 10240K, 0% used [0x00000000d5580000,0x00000000d5580000,0x00000000d5f80000)
  from space 1024K, 50% used [0x00000000d6100000,0x00000000d6182700,0x00000000d6200000)
  to   space 1024K, 0% used [0x00000000d6000000,0x00000000d6000000,0x00000000d6100000)
 ParOldGen       total 68608K, used 64933K [0x0000000080000000, 0x0000000084300000, 0x00000000d5580000)
  object space 68608K, 94% used [0x0000000080000000,0x0000000083f69498,0x0000000084300000)
 Metaspace       used 71593K, committed 73152K, reserved 1114112K
  class space    used 8924K, committed 9600K, reserved 1048576K
}
Event: 43.908 GC heap before
{Heap before GC invocations=98 (full 3):
 PSYoungGen      total 11264K, used 10761K [0x00000000d5580000, 0x00000000d6200000, 0x0000000100000000)
  eden space 10240K, 100% used [0x00000000d5580000,0x00000000d5f80000,0x00000000d5f80000)
  from space 1024K, 50% used [0x00000000d6100000,0x00000000d6182700,0x00000000d6200000)
  to   space 1024K, 0% used [0x00000000d6000000,0x00000000d6000000,0x00000000d6100000)
 ParOldGen       total 68608K, used 64933K [0x0000000080000000, 0x0000000084300000, 0x00000000d5580000)
  object space 68608K, 94% used [0x0000000080000000,0x0000000083f69498,0x0000000084300000)
 Metaspace       used 71821K, committed 73408K, reserved 1114112K
  class space    used 8933K, committed 9600K, reserved 1048576K
}
Event: 43.909 GC heap after
{Heap after GC invocations=98 (full 3):
 PSYoungGen      total 11264K, used 224K [0x00000000d5580000, 0x00000000d6180000, 0x0000000100000000)
  eden space 10240K, 0% used [0x00000000d5580000,0x00000000d5580000,0x00000000d5f80000)
  from space 1024K, 21% used [0x00000000d6000000,0x00000000d6038000,0x00000000d6100000)
  to   space 512K, 0% used [0x00000000d6100000,0x00000000d6100000,0x00000000d6180000)
 ParOldGen       total 68608K, used 64949K [0x0000000080000000, 0x0000000084300000, 0x00000000d5580000)
  object space 68608K, 94% used [0x0000000080000000,0x0000000083f6d498,0x0000000084300000)
 Metaspace       used 71821K, committed 73408K, reserved 1114112K
  class space    used 8933K, committed 9600K, reserved 1048576K
}
Event: 44.052 GC heap before
{Heap before GC invocations=99 (full 3):
 PSYoungGen      total 11264K, used 10456K [0x00000000d5580000, 0x00000000d6180000, 0x0000000100000000)
  eden space 10240K, 99% used [0x00000000d5580000,0x00000000d5f7e388,0x00000000d5f80000)
  from space 1024K, 21% used [0x00000000d6000000,0x00000000d6038000,0x00000000d6100000)
  to   space 512K, 0% used [0x00000000d6100000,0x00000000d6100000,0x00000000d6180000)
 ParOldGen       total 68608K, used 64949K [0x0000000080000000, 0x0000000084300000, 0x00000000d5580000)
  object space 68608K, 94% used [0x0000000080000000,0x0000000083f6d498,0x0000000084300000)
 Metaspace       used 73131K, committed 74624K, reserved 1114112K
  class space    used 9070K, committed 9728K, reserved 1048576K
}
Event: 44.054 GC heap after
{Heap after GC invocations=99 (full 3):
 PSYoungGen      total 10752K, used 483K [0x00000000d5580000, 0x00000000d6180000, 0x0000000100000000)
  eden space 10240K, 0% used [0x00000000d5580000,0x00000000d5580000,0x00000000d5f80000)
  from space 512K, 94% used [0x00000000d6100000,0x00000000d6178d88,0x00000000d6180000)
  to   space 1024K, 0% used [0x00000000d5f80000,0x00000000d5f80000,0x00000000d6080000)
 ParOldGen       total 68608K, used 65021K [0x0000000080000000, 0x0000000084300000, 0x00000000d5580000)
  object space 68608K, 94% used [0x0000000080000000,0x0000000083f7f498,0x0000000084300000)
 Metaspace       used 73131K, committed 74624K, reserved 1114112K
  class space    used 9070K, committed 9728K, reserved 1048576K
}
Event: 44.269 GC heap before
{Heap before GC invocations=100 (full 3):
 PSYoungGen      total 10752K, used 10723K [0x00000000d5580000, 0x00000000d6180000, 0x0000000100000000)
  eden space 10240K, 100% used [0x00000000d5580000,0x00000000d5f80000,0x00000000d5f80000)
  from space 512K, 94% used [0x00000000d6100000,0x00000000d6178d88,0x00000000d6180000)
  to   space 1024K, 0% used [0x00000000d5f80000,0x00000000d5f80000,0x00000000d6080000)
 ParOldGen       total 68608K, used 65021K [0x0000000080000000, 0x0000000084300000, 0x00000000d5580000)
  object space 68608K, 94% used [0x0000000080000000,0x0000000083f7f498,0x0000000084300000)
 Metaspace       used 73517K, committed 75008K, reserved 1114112K
  class space    used 9105K, committed 9728K, reserved 1048576K
}

