# JRE version: OpenJDK Runtime Environment Temurin-21.0.11+10 (21.0.11+10) (build 21.0.11+10-LTS)
# Java VM: OpenJDK 64-Bit Server VM Temurin-21.0.11+10 (21.0.11+10-LTS, mixed mode, sharing, tiered, compressed oops, compressed class ptrs, g1 gc, windows-amd64)
GC Precious Log:
 CardTable entry size: 512
 Card Set container configuration: InlinePtr #cards 5 size 8 Array Of Cards #cards 12 size 40 Howl #buckets 4 coarsen threshold 1843 Howl Bitmap #cards 512 size 80 coarsen threshold 460 Card regions per heap region 1 cards per card region 2048
 CPUs: 8 total, 8 available
 Memory: 7914M
 Large Page Support: Disabled
 NUMA Support: Disabled
 Compressed Oops: Enabled (32-bit)
 Heap Region Size: 1M
 Heap Min Capacity: 8M
 Heap Initial Capacity: 124M
 Heap Max Capacity: 2G
 Pre-touch: Disabled
 Parallel Workers: 8
 Concurrent Workers: 2
 Concurrent Refinement Workers: 8
 Periodic GC: Disabled
Heap:
 garbage-first heap   total 190464K, used 140849K [0x0000000080000000, 0x0000000100000000)
  region size 1024K, 42 young (43008K), 8 survivors (8192K)
 Metaspace       used 98332K, committed 100672K, reserved 1179648K
  class space    used 13813K, committed 14976K, reserved 1048576K
GC Heap History (20 events):
Event: 10.703 GC heap before
{Heap before GC invocations=27 (full 0):
 garbage-first heap   total 122880K, used 106235K [0x0000000080000000, 0x0000000100000000)
  region size 1024K, 35 young (35840K), 5 survivors (5120K)
 Metaspace       used 69170K, committed 71232K, reserved 1114112K
  class space    used 9729K, committed 10752K, reserved 1048576K
}
Event: 10.707 GC heap after
{Heap after GC invocations=28 (full 0):
 garbage-first heap   total 147456K, used 78015K [0x0000000080000000, 0x0000000100000000)
  region size 1024K, 4 young (4096K), 4 survivors (4096K)
 Metaspace       used 69170K, committed 71232K, reserved 1114112K
  class space    used 9729K, committed 10752K, reserved 1048576K
}
Event: 11.139 GC heap before
{Heap before GC invocations=29 (full 0):
 garbage-first heap   total 147456K, used 126143K [0x0000000080000000, 0x0000000100000000)
  region size 1024K, 47 young (48128K), 4 survivors (4096K)
 Metaspace       used 71378K, committed 73408K, reserved 1114112K
  class space    used 10065K, committed 11072K, reserved 1048576K
}
Event: 11.144 GC heap after
{Heap after GC invocations=30 (full 0):
 garbage-first heap   total 147456K, used 83724K [0x0000000080000000, 0x0000000100000000)
  region size 1024K, 6 young (6144K), 6 survivors (6144K)
 Metaspace       used 71378K, committed 73408K, reserved 1114112K
  class space    used 10065K, committed 11072K, reserved 1048576K
}
Event: 11.541 GC heap before
{Heap before GC invocations=30 (full 0):
 garbage-first heap   total 147456K, used 125708K [0x0000000080000000, 0x0000000100000000)
  region size 1024K, 47 young (48128K), 6 survivors (6144K)
 Metaspace       used 74855K, committed 76928K, reserved 1179648K
  class space    used 10486K, committed 11520K, reserved 1048576K
}
Event: 11.547 GC heap after
{Heap after GC invocations=31 (full 0):
 garbage-first heap   total 147456K, used 85219K [0x0000000080000000, 0x0000000100000000)
  region size 1024K, 3 young (3072K), 3 survivors (3072K)
 Metaspace       used 74855K, committed 76928K, reserved 1179648K
  class space    used 10486K, committed 11520K, reserved 1048576K
}
Event: 11.780 GC heap before
{Heap before GC invocations=31 (full 0):
 garbage-first heap   total 147456K, used 111843K [0x0000000080000000, 0x0000000100000000)
  region size 1024K, 30 young (30720K), 3 survivors (3072K)
 Metaspace       used 75858K, committed 77952K, reserved 1179648K
  class space    used 10605K, committed 11648K, reserved 1048576K
}
Event: 11.783 GC heap after
{Heap after GC invocations=32 (full 0):
 garbage-first heap   total 147456K, used 88237K [0x0000000080000000, 0x0000000100000000)
  region size 1024K, 6 young (6144K), 6 survivors (6144K)
 Metaspace       used 75858K, committed 77952K, reserved 1179648K
  class space    used 10605K, committed 11648K, reserved 1048576K
}
Event: 12.211 GC heap before
{Heap before GC invocations=33 (full 0):
 garbage-first heap   total 152576K, used 132269K [0x0000000080000000, 0x0000000100000000)
  region size 1024K, 47 young (48128K), 6 survivors (6144K)
 Metaspace       used 79030K, committed 81216K, reserved 1179648K
  class space    used 11044K, committed 12096K, reserved 1048576K
}
Event: 12.215 GC heap after
{Heap after GC invocations=34 (full 0):
 garbage-first heap   total 152576K, used 91798K [0x0000000080000000, 0x0000000100000000)
  region size 1024K, 5 young (5120K), 5 survivors (5120K)
 Metaspace       used 79030K, committed 81216K, reserved 1179648K
  class space    used 11044K, committed 12096K, reserved 1048576K
}
Event: 12.695 GC heap before
{Heap before GC invocations=34 (full 0):
 garbage-first heap   total 152576K, used 136854K [0x0000000080000000, 0x0000000100000000)
  region size 1024K, 49 young (50176K), 5 survivors (5120K)
 Metaspace       used 82296K, committed 84416K, reserved 1179648K
  class space    used 11628K, committed 12672K, reserved 1048576K
}
Event: 12.702 GC heap after
{Heap after GC invocations=35 (full 0):
 garbage-first heap   total 152576K, used 91738K [0x0000000080000000, 0x0000000100000000)
  region size 1024K, 4 young (4096K), 4 survivors (4096K)
 Metaspace       used 82296K, committed 84416K, reserved 1179648K
  class space    used 11628K, committed 12672K, reserved 1048576K
}
Event: 13.180 GC heap before
{Heap before GC invocations=35 (full 0):
 garbage-first heap   total 152576K, used 136794K [0x0000000080000000, 0x0000000100000000)
  region size 1024K, 48 young (49152K), 4 survivors (4096K)
 Metaspace       used 85657K, committed 87872K, reserved 1179648K
  class space    used 12111K, committed 13184K, reserved 1048576K
}
Event: 13.185 GC heap after
{Heap after GC invocations=36 (full 0):
 garbage-first heap   total 152576K, used 93533K [0x0000000080000000, 0x0000000100000000)
  region size 1024K, 5 young (5120K), 5 survivors (5120K)
 Metaspace       used 85657K, committed 87872K, reserved 1179648K
  class space    used 12111K, committed 13184K, reserved 1048576K
}
Event: 13.758 GC heap before
{Heap before GC invocations=37 (full 0):
 garbage-first heap   total 157696K, used 143709K [0x0000000080000000, 0x0000000100000000)
  region size 1024K, 50 young (51200K), 5 survivors (5120K)
 Metaspace       used 89760K, committed 92096K, reserved 1179648K
  class space    used 12616K, committed 13760K, reserved 1048576K
}
Event: 13.766 GC heap after
{Heap after GC invocations=38 (full 0):
 garbage-first heap   total 157696K, used 98416K [0x0000000080000000, 0x0000000100000000)
  region size 1024K, 7 young (7168K), 7 survivors (7168K)
 Metaspace       used 89760K, committed 92096K, reserved 1179648K
  class space    used 12616K, committed 13760K, reserved 1048576K
}
Event: 14.230 GC heap before
{Heap before GC invocations=38 (full 0):
 garbage-first heap   total 157696K, used 144496K [0x0000000080000000, 0x0000000100000000)
  region size 1024K, 51 young (52224K), 7 survivors (7168K)
 Metaspace       used 92036K, committed 94336K, reserved 1179648K
  class space    used 12934K, committed 14080K, reserved 1048576K
}
Event: 14.239 GC heap after
{Heap after GC invocations=39 (full 0):
 garbage-first heap   total 190464K, used 102315K [0x0000000080000000, 0x0000000100000000)
  region size 1024K, 4 young (4096K), 4 survivors (4096K)
 Metaspace       used 92036K, committed 94336K, reserved 1179648K
  class space    used 12934K, committed 14080K, reserved 1048576K
}
Event: 14.840 GC heap before
{Heap before GC invocations=39 (full 0):
 garbage-first heap   total 190464K, used 168875K [0x0000000080000000, 0x0000000100000000)
  region size 1024K, 69 young (70656K), 4 survivors (4096K)
 Metaspace       used 95444K, committed 97792K, reserved 1179648K
  class space    used 13426K, committed 14592K, reserved 1048576K
}
Event: 14.845 GC heap after
{Heap after GC invocations=40 (full 0):
 garbage-first heap   total 190464K, used 107057K [0x0000000080000000, 0x0000000100000000)
  region size 1024K, 8 young (8192K), 8 survivors (8192K)
 Metaspace       used 95444K, committed 97792K, reserved 1179648K
  class space    used 13426K, committed 14592K, reserved 1048576K
}

