# JRE version: OpenJDK Runtime Environment Temurin-21.0.11+10 (21.0.11+10) (build 21.0.11+10-LTS)
# Java VM: OpenJDK 64-Bit Server VM Temurin-21.0.11+10 (21.0.11+10-LTS, mixed mode, sharing, tiered, compressed oops, compressed class ptrs, parallel gc, windows-amd64)
GC Precious Log:
 CardTable entry size: 512
 CPUs: 8 total, 8 available
 Memory: 7914M
 Large Page Support: Disabled
 NUMA Support: Disabled
 Compressed Oops: Enabled (32-bit)
 Alignments: Space 512K, Generation 512K, Heap 2M
 Heap Min Capacity: 100M
 Heap Initial Capacity: 100M
 Heap Max Capacity: 2G
 Pre-touch: Disabled
 Parallel Workers: 8
Heap:
 PSYoungGen      total 16384K, used 4535K [0x00000000d5580000, 0x00000000d6700000, 0x0000000100000000)
  eden space 15872K, 27% used [0x00000000d5580000,0x00000000d59d5c30,0x00000000d6500000)
  from space 512K, 18% used [0x00000000d6600000,0x00000000d6618000,0x00000000d6680000)
  to   space 512K, 0% used [0x00000000d6680000,0x00000000d6680000,0x00000000d6700000)
 ParOldGen       total 83968K, used 83958K [0x0000000080000000, 0x0000000085200000, 0x00000000d5580000)
  object space 83968K, 99% used [0x0000000080000000,0x00000000851fd998,0x0000000085200000)
 Metaspace       used 86494K, committed 88256K, reserved 1179648K
  class space    used 10049K, committed 10816K, reserved 1048576K
GC Heap History (20 events):
Event: 1479.048 GC heap before
{Heap before GC invocations=103 (full 3):
 PSYoungGen      total 16896K, used 16864K [0x00000000d5580000, 0x00000000d6900000, 0x0000000100000000)
  eden space 15872K, 100% used [0x00000000d5580000,0x00000000d6500000,0x00000000d6500000)
  from space 1024K, 96% used [0x00000000d6500000,0x00000000d65f8040,0x00000000d6600000)
  to   space 2048K, 0% used [0x00000000d6700000,0x00000000d6700000,0x00000000d6900000)
 ParOldGen       total 80384K, used 80041K [0x0000000080000000, 0x0000000084e80000, 0x00000000d5580000)
  object space 80384K, 99% used [0x0000000080000000,0x0000000084e2a588,0x0000000084e80000)
 Metaspace       used 86308K, committed 88064K, reserved 1179648K
  class space    used 10043K, committed 10816K, reserved 1048576K
}
Event: 1479.087 GC heap after
{Heap after GC invocations=103 (full 3):
 PSYoungGen      total 16896K, used 544K [0x00000000d5580000, 0x00000000d6800000, 0x0000000100000000)
  eden space 15872K, 0% used [0x00000000d5580000,0x00000000d5580000,0x00000000d6500000)
  from space 1024K, 53% used [0x00000000d6700000,0x00000000d6788000,0x00000000d6800000)
  to   space 1024K, 0% used [0x00000000d6500000,0x00000000d6500000,0x00000000d6600000)
 ParOldGen       total 81408K, used 80998K [0x0000000080000000, 0x0000000084f80000, 0x00000000d5580000)
  object space 81408K, 99% used [0x0000000080000000,0x0000000084f19aa0,0x0000000084f80000)
 Metaspace       used 86308K, committed 88064K, reserved 1179648K
  class space    used 10043K, committed 10816K, reserved 1048576K
}
Event: 1479.660 GC heap before
{Heap before GC invocations=104 (full 3):
 PSYoungGen      total 16896K, used 16416K [0x00000000d5580000, 0x00000000d6800000, 0x0000000100000000)
  eden space 15872K, 100% used [0x00000000d5580000,0x00000000d6500000,0x00000000d6500000)
  from space 1024K, 53% used [0x00000000d6700000,0x00000000d6788000,0x00000000d6800000)
  to   space 1024K, 0% used [0x00000000d6500000,0x00000000d6500000,0x00000000d6600000)
 ParOldGen       total 81408K, used 80998K [0x0000000080000000, 0x0000000084f80000, 0x00000000d5580000)
  object space 81408K, 99% used [0x0000000080000000,0x0000000084f19aa0,0x0000000084f80000)
 Metaspace       used 86308K, committed 88064K, reserved 1179648K
  class space    used 10043K, committed 10816K, reserved 1048576K
}
Event: 1479.662 GC heap after
{Heap after GC invocations=104 (full 3):
 PSYoungGen      total 16896K, used 1024K [0x00000000d5580000, 0x00000000d6800000, 0x0000000100000000)
  eden space 15872K, 0% used [0x00000000d5580000,0x00000000d5580000,0x00000000d6500000)
  from space 1024K, 100% used [0x00000000d6500000,0x00000000d6600000,0x00000000d6600000)
  to   space 1536K, 0% used [0x00000000d6680000,0x00000000d6680000,0x00000000d6800000)
 ParOldGen       total 81408K, used 81198K [0x0000000080000000, 0x0000000084f80000, 0x00000000d5580000)
  object space 81408K, 99% used [0x0000000080000000,0x0000000084f4baa0,0x0000000084f80000)
 Metaspace       used 86308K, committed 88064K, reserved 1179648K
  class space    used 10043K, committed 10816K, reserved 1048576K
}
Event: 1479.965 GC heap before
{Heap before GC invocations=105 (full 3):
 PSYoungGen      total 16896K, used 16896K [0x00000000d5580000, 0x00000000d6800000, 0x0000000100000000)
  eden space 15872K, 100% used [0x00000000d5580000,0x00000000d6500000,0x00000000d6500000)
  from space 1024K, 100% used [0x00000000d6500000,0x00000000d6600000,0x00000000d6600000)
  to   space 1536K, 0% used [0x00000000d6680000,0x00000000d6680000,0x00000000d6800000)
 ParOldGen       total 81408K, used 81198K [0x0000000080000000, 0x0000000084f80000, 0x00000000d5580000)
  object space 81408K, 99% used [0x0000000080000000,0x0000000084f4baa0,0x0000000084f80000)
 Metaspace       used 86312K, committed 88064K, reserved 1179648K
  class space    used 10043K, committed 10816K, reserved 1048576K
}
Event: 1479.966 GC heap after
{Heap after GC invocations=105 (full 3):
 PSYoungGen      total 16896K, used 576K [0x00000000d5580000, 0x00000000d6780000, 0x0000000100000000)
  eden space 15872K, 0% used [0x00000000d5580000,0x00000000d5580000,0x00000000d6500000)
  from space 1024K, 56% used [0x00000000d6680000,0x00000000d6710000,0x00000000d6780000)
  to   space 1024K, 0% used [0x00000000d6500000,0x00000000d6500000,0x00000000d6600000)
 ParOldGen       total 81920K, used 81518K [0x0000000080000000, 0x0000000085000000, 0x00000000d5580000)
  object space 81920K, 99% used [0x0000000080000000,0x0000000084f9baa0,0x0000000085000000)
 Metaspace       used 86312K, committed 88064K, reserved 1179648K
  class space    used 10043K, committed 10816K, reserved 1048576K
}
Event: 1480.350 GC heap before
{Heap before GC invocations=106 (full 3):
 PSYoungGen      total 16896K, used 16448K [0x00000000d5580000, 0x00000000d6780000, 0x0000000100000000)
  eden space 15872K, 100% used [0x00000000d5580000,0x00000000d6500000,0x00000000d6500000)
  from space 1024K, 56% used [0x00000000d6680000,0x00000000d6710000,0x00000000d6780000)
  to   space 1024K, 0% used [0x00000000d6500000,0x00000000d6500000,0x00000000d6600000)
 ParOldGen       total 81920K, used 81518K [0x0000000080000000, 0x0000000085000000, 0x00000000d5580000)
  object space 81920K, 99% used [0x0000000080000000,0x0000000084f9baa0,0x0000000085000000)
 Metaspace       used 86312K, committed 88064K, reserved 1179648K
  class space    used 10043K, committed 10816K, reserved 1048576K
}
Event: 1480.352 GC heap after
{Heap after GC invocations=106 (full 3):
 PSYoungGen      total 16896K, used 608K [0x00000000d5580000, 0x00000000d6700000, 0x0000000100000000)
  eden space 15872K, 0% used [0x00000000d5580000,0x00000000d5580000,0x00000000d6500000)
  from space 1024K, 59% used [0x00000000d6500000,0x00000000d6598000,0x00000000d6600000)
  to   space 1024K, 0% used [0x00000000d6600000,0x00000000d6600000,0x00000000d6700000)
 ParOldGen       total 81920K, used 81630K [0x0000000080000000, 0x0000000085000000, 0x00000000d5580000)
  object space 81920K, 99% used [0x0000000080000000,0x0000000084fb7aa0,0x0000000085000000)
 Metaspace       used 86312K, committed 88064K, reserved 1179648K
  class space    used 10043K, committed 10816K, reserved 1048576K
}
Event: 1480.625 GC heap before
{Heap before GC invocations=107 (full 3):
 PSYoungGen      total 16896K, used 16480K [0x00000000d5580000, 0x00000000d6700000, 0x0000000100000000)
  eden space 15872K, 100% used [0x00000000d5580000,0x00000000d6500000,0x00000000d6500000)
  from space 1024K, 59% used [0x00000000d6500000,0x00000000d6598000,0x00000000d6600000)
  to   space 1024K, 0% used [0x00000000d6600000,0x00000000d6600000,0x00000000d6700000)
 ParOldGen       total 81920K, used 81630K [0x0000000080000000, 0x0000000085000000, 0x00000000d5580000)
  object space 81920K, 99% used [0x0000000080000000,0x0000000084fb7aa0,0x0000000085000000)
 Metaspace       used 86313K, committed 88064K, reserved 1179648K
  class space    used 10043K, committed 10816K, reserved 1048576K
}
Event: 1480.628 GC heap after
{Heap after GC invocations=107 (full 3):
 PSYoungGen      total 16896K, used 576K [0x00000000d5580000, 0x00000000d6700000, 0x0000000100000000)
  eden space 15872K, 0% used [0x00000000d5580000,0x00000000d5580000,0x00000000d6500000)
  from space 1024K, 56% used [0x00000000d6600000,0x00000000d6690000,0x00000000d6700000)
  to   space 1024K, 0% used [0x00000000d6500000,0x00000000d6500000,0x00000000d6600000)
 ParOldGen       total 82432K, used 81977K [0x0000000080000000, 0x0000000085080000, 0x00000000d5580000)
  object space 82432K, 99% used [0x0000000080000000,0x000000008500e610,0x0000000085080000)
 Metaspace       used 86313K, committed 88064K, reserved 1179648K
  class space    used 10043K, committed 10816K, reserved 1048576K
}
Event: 1491.758 GC heap before
{Heap before GC invocations=108 (full 3):
 PSYoungGen      total 16896K, used 16447K [0x00000000d5580000, 0x00000000d6700000, 0x0000000100000000)
  eden space 15872K, 99% used [0x00000000d5580000,0x00000000d64ffff0,0x00000000d6500000)
  from space 1024K, 56% used [0x00000000d6600000,0x00000000d6690000,0x00000000d6700000)
  to   space 1024K, 0% used [0x00000000d6500000,0x00000000d6500000,0x00000000d6600000)
 ParOldGen       total 82432K, used 81977K [0x0000000080000000, 0x0000000085080000, 0x00000000d5580000)
  object space 82432K, 99% used [0x0000000080000000,0x000000008500e610,0x0000000085080000)
 Metaspace       used 86402K, committed 88128K, reserved 1179648K
  class space    used 10044K, committed 10816K, reserved 1048576K
}
Event: 1491.776 GC heap after
{Heap after GC invocations=108 (full 3):
 PSYoungGen      total 16896K, used 992K [0x00000000d5580000, 0x00000000d6800000, 0x0000000100000000)
  eden space 15872K, 0% used [0x00000000d5580000,0x00000000d5580000,0x00000000d6500000)
  from space 1024K, 96% used [0x00000000d6500000,0x00000000d65f8130,0x00000000d6600000)
  to   space 1536K, 0% used [0x00000000d6680000,0x00000000d6680000,0x00000000d6800000)
 ParOldGen       total 82432K, used 82042K [0x0000000080000000, 0x0000000085080000, 0x00000000d5580000)
  object space 82432K, 99% used [0x0000000080000000,0x000000008501e8d8,0x0000000085080000)
 Metaspace       used 86402K, committed 88128K, reserved 1179648K
  class space    used 10044K, committed 10816K, reserved 1048576K
}
Event: 1494.590 GC heap before
{Heap before GC invocations=109 (full 3):
 PSYoungGen      total 16896K, used 16864K [0x00000000d5580000, 0x00000000d6800000, 0x0000000100000000)
  eden space 15872K, 100% used [0x00000000d5580000,0x00000000d6500000,0x00000000d6500000)
  from space 1024K, 96% used [0x00000000d6500000,0x00000000d65f8130,0x00000000d6600000)
  to   space 1536K, 0% used [0x00000000d6680000,0x00000000d6680000,0x00000000d6800000)
 ParOldGen       total 82432K, used 82042K [0x0000000080000000, 0x0000000085080000, 0x00000000d5580000)
  object space 82432K, 99% used [0x0000000080000000,0x000000008501e8d8,0x0000000085080000)
 Metaspace       used 86461K, committed 88256K, reserved 1179648K
  class space    used 10049K, committed 10816K, reserved 1048576K
}
Event: 1494.594 GC heap after
{Heap after GC invocations=109 (full 3):
 PSYoungGen      total 16384K, used 160K [0x00000000d5580000, 0x00000000d6700000, 0x0000000100000000)
  eden space 15872K, 0% used [0x00000000d5580000,0x00000000d5580000,0x00000000d6500000)
  from space 512K, 31% used [0x00000000d6680000,0x00000000d66a8000,0x00000000d6700000)
  to   space 512K, 0% used [0x00000000d6600000,0x00000000d6600000,0x00000000d6680000)
 ParOldGen       total 82944K, used 82916K [0x0000000080000000, 0x0000000085100000, 0x00000000d5580000)
  object space 82944K, 99% used [0x0000000080000000,0x00000000850f93b0,0x0000000085100000)
 Metaspace       used 86461K, committed 88256K, reserved 1179648K
  class space    used 10049K, committed 10816K, reserved 1048576K
}
Event: 1495.089 GC heap before
{Heap before GC invocations=110 (full 3):
 PSYoungGen      total 16384K, used 16032K [0x00000000d5580000, 0x00000000d6700000, 0x0000000100000000)
  eden space 15872K, 100% used [0x00000000d5580000,0x00000000d6500000,0x00000000d6500000)
  from space 512K, 31% used [0x00000000d6680000,0x00000000d66a8000,0x00000000d6700000)
  to   space 512K, 0% used [0x00000000d6600000,0x00000000d6600000,0x00000000d6680000)
 ParOldGen       total 82944K, used 82916K [0x0000000080000000, 0x0000000085100000, 0x00000000d5580000)
  object space 82944K, 99% used [0x0000000080000000,0x00000000850f93b0,0x0000000085100000)
 Metaspace       used 86478K, committed 88256K, reserved 1179648K
  class space    used 10049K, committed 10816K, reserved 1048576K
}
Event: 1495.091 GC heap after
{Heap after GC invocations=110 (full 3):
 PSYoungGen      total 16384K, used 480K [0x00000000d5580000, 0x00000000d6800000, 0x0000000100000000)
  eden space 15872K, 0% used [0x00000000d5580000,0x00000000d5580000,0x00000000d6500000)
  from space 512K, 93% used [0x00000000d6600000,0x00000000d6678020,0x00000000d6680000)
  to   space 1536K, 0% used [0x00000000d6680000,0x00000000d6680000,0x00000000d6800000)
 ParOldGen       total 83456K, used 83428K [0x0000000080000000, 0x0000000085180000, 0x00000000d5580000)
  object space 83456K, 99% used [0x0000000080000000,0x00000000851793e0,0x0000000085180000)
 Metaspace       used 86478K, committed 88256K, reserved 1179648K
  class space    used 10049K, committed 10816K, reserved 1048576K
}
Event: 1495.583 GC heap before
{Heap before GC invocations=111 (full 3):
 PSYoungGen      total 16384K, used 16352K [0x00000000d5580000, 0x00000000d6800000, 0x0000000100000000)
  eden space 15872K, 100% used [0x00000000d5580000,0x00000000d6500000,0x00000000d6500000)
  from space 512K, 93% used [0x00000000d6600000,0x00000000d6678020,0x00000000d6680000)
  to   space 1536K, 0% used [0x00000000d6680000,0x00000000d6680000,0x00000000d6800000)
 ParOldGen       total 83456K, used 83428K [0x0000000080000000, 0x0000000085180000, 0x00000000d5580000)
  object space 83456K, 99% used [0x0000000080000000,0x00000000851793e0,0x0000000085180000)
 Metaspace       used 86489K, committed 88256K, reserved 1179648K
  class space    used 10049K, committed 10816K, reserved 1048576K
}
Event: 1495.587 GC heap after
{Heap after GC invocations=111 (full 3):
 PSYoungGen      total 16384K, used 160K [0x00000000d5580000, 0x00000000d6700000, 0x0000000100000000)
  eden space 15872K, 0% used [0x00000000d5580000,0x00000000d5580000,0x00000000d6500000)
  from space 512K, 31% used [0x00000000d6680000,0x00000000d66a8000,0x00000000d6700000)
  to   space 512K, 0% used [0x00000000d6600000,0x00000000d6600000,0x00000000d6680000)
 ParOldGen       total 83968K, used 83918K [0x0000000080000000, 0x0000000085200000, 0x00000000d5580000)
  object space 83968K, 99% used [0x0000000080000000,0x00000000851f3998,0x0000000085200000)
 Metaspace       used 86489K, committed 88256K, reserved 1179648K
  class space    used 10049K, committed 10816K, reserved 1048576K
}
Event: 1495.859 GC heap before
{Heap before GC invocations=112 (full 3):
 PSYoungGen      total 16384K, used 16032K [0x00000000d5580000, 0x00000000d6700000, 0x0000000100000000)
  eden space 15872K, 100% used [0x00000000d5580000,0x00000000d6500000,0x00000000d6500000)
  from space 512K, 31% used [0x00000000d6680000,0x00000000d66a8000,0x00000000d6700000)
  to   space 512K, 0% used [0x00000000d6600000,0x00000000d6600000,0x00000000d6680000)
 ParOldGen       total 83968K, used 83918K [0x0000000080000000, 0x0000000085200000, 0x00000000d5580000)
  object space 83968K, 99% used [0x0000000080000000,0x00000000851f3998,0x0000000085200000)
 Metaspace       used 86489K, committed 88256K, reserved 1179648K
  class space    used 10049K, committed 10816K, reserved 1048576K
}
Event: 1495.859 GC heap after
{Heap after GC invocations=112 (full 3):
 PSYoungGen      total 16384K, used 96K [0x00000000d5580000, 0x00000000d6700000, 0x0000000100000000)
  eden space 15872K, 0% used [0x00000000d5580000,0x00000000d5580000,0x00000000d6500000)
  from space 512K, 18% used [0x00000000d6600000,0x00000000d6618000,0x00000000d6680000)
  to   space 512K, 0% used [0x00000000d6680000,0x00000000d6680000,0x00000000d6700000)
 ParOldGen       total 83968K, used 83958K [0x0000000080000000, 0x0000000085200000, 0x00000000d5580000)
  object space 83968K, 99% used [0x0000000080000000,0x00000000851fd998,0x0000000085200000)
 Metaspace       used 86489K, committed 88256K, reserved 1179648K
  class space    used 10049K, committed 10816K, reserved 1048576K
}

