# JRE version: OpenJDK Runtime Environment Temurin-21.0.11+10 (21.0.11+10) (build 21.0.11+10-LTS)
# Java VM: OpenJDK 64-Bit Server VM Temurin-21.0.11+10 (21.0.11+10-LTS, mixed mode, sharing, tiered, compressed oops, compressed class ptrs, g1 gc, windows-amd64)
GC Precious Log:
 CardTable entry size: 512
 Card Set container configuration: InlinePtr #cards 5 size 8 Array Of Cards #cards 12 size 40 Howl #buckets 4 coarsen threshold 1843 Howl Bitmap #cards 512 size 80 coarsen threshold 460 Card regions per heap region 1 cards per card region 2048
 CPUs: 8 total, 8 available
 Memory: 7914M
 Large Page Support: Disabled
 NUMA Support: Disabled
 Compressed Oops: Enabled (32-bit)
 Heap Region Size: 1M
 Heap Min Capacity: 8M
 Heap Initial Capacity: 124M
 Heap Max Capacity: 2G
 Pre-touch: Disabled
 Parallel Workers: 8
 Concurrent Workers: 2
 Concurrent Refinement Workers: 8
 Periodic GC: Disabled
Heap:
 garbage-first heap   total 190464K, used 122867K [0x0000000080000000, 0x0000000100000000)
  region size 1024K, 6 young (6144K), 4 survivors (4096K)
 Metaspace       used 118754K, committed 121408K, reserved 1179648K
  class space    used 16191K, committed 17536K, reserved 1048576K
GC Heap History (20 events):
Event: 1019.553 GC heap before
{Heap before GC invocations=28 (full 0):
 garbage-first heap   total 177152K, used 95880K [0x0000000080000000, 0x0000000100000000)
  region size 1024K, 9 young (9216K), 8 survivors (8192K)
 Metaspace       used 103443K, committed 105856K, reserved 1179648K
  class space    used 14312K, committed 15488K, reserved 1048576K
}
Event: 1019.566 GC heap after
{Heap after GC invocations=29 (full 0):
 garbage-first heap   total 177152K, used 95970K [0x0000000080000000, 0x0000000100000000)
  region size 1024K, 1 young (1024K), 1 survivors (1024K)
 Metaspace       used 103443K, committed 105856K, reserved 1179648K
  class space    used 14312K, committed 15488K, reserved 1048576K
}
Event: 1020.470 GC heap before
{Heap before GC invocations=30 (full 0):
 garbage-first heap   total 177152K, used 148194K [0x0000000080000000, 0x0000000100000000)
  region size 1024K, 53 young (54272K), 1 survivors (1024K)
 Metaspace       used 103634K, committed 105984K, reserved 1179648K
  class space    used 14312K, committed 15488K, reserved 1048576K
}
Event: 1020.475 GC heap after
{Heap after GC invocations=31 (full 0):
 garbage-first heap   total 177152K, used 98379K [0x0000000080000000, 0x0000000100000000)
  region size 1024K, 4 young (4096K), 4 survivors (4096K)
 Metaspace       used 103634K, committed 105984K, reserved 1179648K
  class space    used 14312K, committed 15488K, reserved 1048576K
}
Event: 1020.838 GC heap before
{Heap before GC invocations=31 (full 0):
 garbage-first heap   total 177152K, used 162891K [0x0000000080000000, 0x0000000100000000)
  region size 1024K, 68 young (69632K), 4 survivors (4096K)
 Metaspace       used 103658K, committed 105984K, reserved 1179648K
  class space    used 14313K, committed 15488K, reserved 1048576K
}
Event: 1020.847 GC heap after
{Heap after GC invocations=32 (full 0):
 garbage-first heap   total 177152K, used 93665K [0x0000000080000000, 0x0000000100000000)
  region size 1024K, 5 young (5120K), 5 survivors (5120K)
 Metaspace       used 103658K, committed 105984K, reserved 1179648K
  class space    used 14313K, committed 15488K, reserved 1048576K
}
Event: 1042.588 GC heap before
{Heap before GC invocations=32 (full 0):
 garbage-first heap   total 177152K, used 123361K [0x0000000080000000, 0x0000000100000000)
  region size 1024K, 35 young (35840K), 5 survivors (5120K)
 Metaspace       used 103796K, committed 106240K, reserved 1179648K
  class space    used 14334K, committed 15552K, reserved 1048576K
}
Event: 1042.595 GC heap after
{Heap after GC invocations=33 (full 0):
 garbage-first heap   total 177152K, used 95416K [0x0000000080000000, 0x0000000100000000)
  region size 1024K, 5 young (5120K), 5 survivors (5120K)
 Metaspace       used 103796K, committed 106240K, reserved 1179648K
  class space    used 14334K, committed 15552K, reserved 1048576K
}
Event: 1045.743 GC heap before
{Heap before GC invocations=34 (full 0):
 garbage-first heap   total 177152K, used 142520K [0x0000000080000000, 0x0000000100000000)
  region size 1024K, 51 young (52224K), 5 survivors (5120K)
 Metaspace       used 104435K, committed 106880K, reserved 1179648K
  class space    used 14395K, committed 15616K, reserved 1048576K
}
Event: 1045.752 GC heap after
{Heap after GC invocations=35 (full 0):
 garbage-first heap   total 177152K, used 97839K [0x0000000080000000, 0x0000000100000000)
  region size 1024K, 5 young (5120K), 5 survivors (5120K)
 Metaspace       used 104435K, committed 106880K, reserved 1179648K
  class space    used 14395K, committed 15616K, reserved 1048576K
}
Event: 1047.569 GC heap before
{Heap before GC invocations=35 (full 0):
 garbage-first heap   total 177152K, used 171567K [0x0000000080000000, 0x0000000100000000)
  region size 1024K, 68 young (69632K), 5 survivors (5120K)
 Metaspace       used 107203K, committed 109696K, reserved 1179648K
  class space    used 14740K, committed 16000K, reserved 1048576K
}
Event: 1047.583 GC heap after
{Heap after GC invocations=36 (full 0):
 garbage-first heap   total 187392K, used 109502K [0x0000000080000000, 0x0000000100000000)
  region size 1024K, 9 young (9216K), 9 survivors (9216K)
 Metaspace       used 107203K, committed 109696K, reserved 1179648K
  class space    used 14740K, committed 16000K, reserved 1048576K
}
Event: 1047.767 GC heap before
{Heap before GC invocations=36 (full 0):
 garbage-first heap   total 187392K, used 118718K [0x0000000080000000, 0x0000000100000000)
  region size 1024K, 18 young (18432K), 9 survivors (9216K)
 Metaspace       used 108169K, committed 110592K, reserved 1179648K
  class space    used 14818K, committed 16064K, reserved 1048576K
}
Event: 1047.776 GC heap after
{Heap after GC invocations=37 (full 0):
 garbage-first heap   total 187392K, used 111332K [0x0000000080000000, 0x0000000100000000)
  region size 1024K, 2 young (2048K), 2 survivors (2048K)
 Metaspace       used 108169K, committed 110592K, reserved 1179648K
  class space    used 14818K, committed 16064K, reserved 1048576K
}
Event: 1049.378 GC heap before
{Heap before GC invocations=38 (full 0):
 garbage-first heap   total 188416K, used 173796K [0x0000000080000000, 0x0000000100000000)
  region size 1024K, 61 young (62464K), 2 survivors (2048K)
 Metaspace       used 113439K, committed 115968K, reserved 1179648K
  class space    used 15517K, committed 16768K, reserved 1048576K
}
Event: 1049.383 GC heap after
{Heap after GC invocations=39 (full 0):
 garbage-first heap   total 188416K, used 116678K [0x0000000080000000, 0x0000000100000000)
  region size 1024K, 5 young (5120K), 5 survivors (5120K)
 Metaspace       used 113439K, committed 115968K, reserved 1179648K
  class space    used 15517K, committed 16768K, reserved 1048576K
}
Event: 1051.313 GC heap before
{Heap before GC invocations=39 (full 0):
 garbage-first heap   total 188416K, used 177094K [0x0000000080000000, 0x0000000100000000)
  region size 1024K, 60 young (61440K), 5 survivors (5120K)
 Metaspace       used 116706K, committed 119296K, reserved 1179648K
  class space    used 15947K, committed 17280K, reserved 1048576K
}
Event: 1051.323 GC heap after
{Heap after GC invocations=40 (full 0):
 garbage-first heap   total 190464K, used 117231K [0x0000000080000000, 0x0000000100000000)
  region size 1024K, 8 young (8192K), 8 survivors (8192K)
 Metaspace       used 116706K, committed 119296K, reserved 1179648K
  class space    used 15947K, committed 17280K, reserved 1048576K
}
Event: 1052.268 GC heap before
{Heap before GC invocations=40 (full 0):
 garbage-first heap   total 190464K, used 141807K [0x0000000080000000, 0x0000000100000000)
  region size 1024K, 33 young (33792K), 8 survivors (8192K)
 Metaspace       used 118742K, committed 121408K, reserved 1179648K
  class space    used 16189K, committed 17536K, reserved 1048576K
}
Event: 1052.275 GC heap after
{Heap after GC invocations=41 (full 0):
 garbage-first heap   total 190464K, used 120819K [0x0000000080000000, 0x0000000100000000)
  region size 1024K, 4 young (4096K), 4 survivors (4096K)
 Metaspace       used 118742K, committed 121408K, reserved 1179648K
  class space    used 16189K, committed 17536K, reserved 1048576K
}

