# JRE version: OpenJDK Runtime Environment Temurin-21.0.11+10 (21.0.11+10) (build 21.0.11+10-LTS)
# Java VM: OpenJDK 64-Bit Server VM Temurin-21.0.11+10 (21.0.11+10-LTS, mixed mode, sharing, tiered, compressed oops, compressed class ptrs, g1 gc, windows-amd64)
GC Precious Log:
 CardTable entry size: 512
 Card Set container configuration: InlinePtr #cards 5 size 8 Array Of Cards #cards 12 size 40 Howl #buckets 4 coarsen threshold 1843 Howl Bitmap #cards 512 size 80 coarsen threshold 460 Card regions per heap region 1 cards per card region 2048
 CPUs: 8 total, 8 available
 Memory: 7914M
 Large Page Support: Disabled
 NUMA Support: Disabled
 Compressed Oops: Enabled (32-bit)
 Heap Region Size: 1M
 Heap Min Capacity: 8M
 Heap Initial Capacity: 124M
 Heap Max Capacity: 2G
 Pre-touch: Disabled
 Parallel Workers: 8
 Concurrent Workers: 2
 Concurrent Refinement Workers: 8
 Periodic GC: Disabled
Heap:
 garbage-first heap   total 155648K, used 96173K [0x0000000080000000, 0x0000000100000000)
  region size 1024K, 7 young (7168K), 5 survivors (5120K)
 Metaspace       used 85657K, committed 87872K, reserved 1179648K
  class space    used 12099K, committed 13184K, reserved 1048576K
GC Heap History (20 events):
Event: 20.090 GC heap before
{Heap before GC invocations=22 (full 0):
 garbage-first heap   total 103424K, used 92244K [0x0000000080000000, 0x0000000100000000)
  region size 1024K, 37 young (37888K), 3 survivors (3072K)
 Metaspace       used 60390K, committed 62272K, reserved 1114112K
  class space    used 8645K, committed 9536K, reserved 1048576K
}
Event: 20.097 GC heap after
{Heap after GC invocations=23 (full 0):
 garbage-first heap   total 103424K, used 57655K [0x0000000080000000, 0x0000000100000000)
  region size 1024K, 3 young (3072K), 3 survivors (3072K)
 Metaspace       used 60390K, committed 62272K, reserved 1114112K
  class space    used 8645K, committed 9536K, reserved 1048576K
}
Event: 20.924 GC heap before
{Heap before GC invocations=23 (full 0):
 garbage-first heap   total 103424K, used 84279K [0x0000000080000000, 0x0000000100000000)
  region size 1024K, 30 young (30720K), 3 survivors (3072K)
 Metaspace       used 60757K, committed 62656K, reserved 1114112K
  class space    used 8702K, committed 9600K, reserved 1048576K
}
Event: 20.934 GC heap after
{Heap after GC invocations=24 (full 0):
 garbage-first heap   total 124928K, used 58937K [0x0000000080000000, 0x0000000100000000)
  region size 1024K, 5 young (5120K), 5 survivors (5120K)
 Metaspace       used 60757K, committed 62656K, reserved 1114112K
  class space    used 8702K, committed 9600K, reserved 1048576K
}
Event: 22.794 GC heap before
{Heap before GC invocations=25 (full 0):
 garbage-first heap   total 124928K, used 120377K [0x0000000080000000, 0x0000000100000000)
  region size 1024K, 56 young (57344K), 5 survivors (5120K)
 Metaspace       used 64704K, committed 66624K, reserved 1114112K
  class space    used 9144K, committed 10112K, reserved 1048576K
}
Event: 22.809 GC heap after
{Heap after GC invocations=26 (full 0):
 garbage-first heap   total 133120K, used 75262K [0x0000000080000000, 0x0000000100000000)
  region size 1024K, 7 young (7168K), 7 survivors (7168K)
 Metaspace       used 64704K, committed 66624K, reserved 1114112K
  class space    used 9144K, committed 10112K, reserved 1048576K
}
Event: 24.299 GC heap before
{Heap before GC invocations=26 (full 0):
 garbage-first heap   total 133120K, used 121342K [0x0000000080000000, 0x0000000100000000)
  region size 1024K, 51 young (52224K), 7 survivors (7168K)
 Metaspace       used 68942K, committed 70976K, reserved 1114112K
  class space    used 9680K, committed 10688K, reserved 1048576K
}
Event: 24.312 GC heap after
{Heap after GC invocations=27 (full 0):
 garbage-first heap   total 135168K, used 79005K [0x0000000080000000, 0x0000000100000000)
  region size 1024K, 4 young (4096K), 4 survivors (4096K)
 Metaspace       used 68942K, committed 70976K, reserved 1114112K
  class space    used 9680K, committed 10688K, reserved 1048576K
}
Event: 24.734 GC heap before
{Heap before GC invocations=27 (full 0):
 garbage-first heap   total 135168K, used 92317K [0x0000000080000000, 0x0000000100000000)
  region size 1024K, 18 young (18432K), 4 survivors (4096K)
 Metaspace       used 69882K, committed 72000K, reserved 1114112K
  class space    used 9834K, committed 10880K, reserved 1048576K
}
Event: 24.742 GC heap after
{Heap after GC invocations=28 (full 0):
 garbage-first heap   total 135168K, used 80384K [0x0000000080000000, 0x0000000100000000)
  region size 1024K, 5 young (5120K), 5 survivors (5120K)
 Metaspace       used 69882K, committed 72000K, reserved 1114112K
  class space    used 9834K, committed 10880K, reserved 1048576K
}
Event: 25.922 GC heap before
{Heap before GC invocations=29 (full 0):
 garbage-first heap   total 137216K, used 129536K [0x0000000080000000, 0x0000000100000000)
  region size 1024K, 48 young (49152K), 5 survivors (5120K)
 Metaspace       used 72149K, committed 74176K, reserved 1114112K
  class space    used 10156K, committed 11136K, reserved 1048576K
}
Event: 25.933 GC heap after
{Heap after GC invocations=30 (full 0):
 garbage-first heap   total 139264K, used 85340K [0x0000000080000000, 0x0000000100000000)
  region size 1024K, 6 young (6144K), 6 survivors (6144K)
 Metaspace       used 72149K, committed 74176K, reserved 1114112K
  class space    used 10156K, committed 11136K, reserved 1048576K
}
Event: 27.520 GC heap before
{Heap before GC invocations=30 (full 0):
 garbage-first heap   total 139264K, used 126300K [0x0000000080000000, 0x0000000100000000)
  region size 1024K, 47 young (48128K), 6 survivors (6144K)
 Metaspace       used 75594K, committed 77696K, reserved 1179648K
  class space    used 10568K, committed 11584K, reserved 1048576K
}
Event: 27.532 GC heap after
{Heap after GC invocations=31 (full 0):
 garbage-first heap   total 141312K, used 88970K [0x0000000080000000, 0x0000000100000000)
  region size 1024K, 5 young (5120K), 5 survivors (5120K)
 Metaspace       used 75594K, committed 77696K, reserved 1179648K
  class space    used 10568K, committed 11584K, reserved 1048576K
}
Event: 28.302 GC heap before
{Heap before GC invocations=31 (full 0):
 garbage-first heap   total 141312K, used 105354K [0x0000000080000000, 0x0000000100000000)
  region size 1024K, 22 young (22528K), 5 survivors (5120K)
 Metaspace       used 75896K, committed 78080K, reserved 1179648K
  class space    used 10600K, committed 11648K, reserved 1048576K
}
Event: 28.310 GC heap after
{Heap after GC invocations=32 (full 0):
 garbage-first heap   total 141312K, used 90026K [0x0000000080000000, 0x0000000100000000)
  region size 1024K, 3 young (3072K), 3 survivors (3072K)
 Metaspace       used 75896K, committed 78080K, reserved 1179648K
  class space    used 10600K, committed 11648K, reserved 1048576K
}
Event: 29.350 GC heap before
{Heap before GC invocations=33 (full 0):
 garbage-first heap   total 155648K, used 129962K [0x0000000080000000, 0x0000000100000000)
  region size 1024K, 40 young (40960K), 3 survivors (3072K)
 Metaspace       used 78724K, committed 80896K, reserved 1179648K
  class space    used 10985K, committed 12032K, reserved 1048576K
}
Event: 29.357 GC heap after
{Heap after GC invocations=34 (full 0):
 garbage-first heap   total 155648K, used 93315K [0x0000000080000000, 0x0000000100000000)
  region size 1024K, 4 young (4096K), 4 survivors (4096K)
 Metaspace       used 78724K, committed 80896K, reserved 1179648K
  class space    used 10985K, committed 12032K, reserved 1048576K
}
Event: 30.717 GC heap before
{Heap before GC invocations=34 (full 0):
 garbage-first heap   total 155648K, used 140419K [0x0000000080000000, 0x0000000100000000)
  region size 1024K, 49 young (50176K), 4 survivors (4096K)
 Metaspace       used 82178K, committed 84352K, reserved 1179648K
  class space    used 11585K, committed 12608K, reserved 1048576K
}
Event: 30.727 GC heap after
{Heap after GC invocations=35 (full 0):
 garbage-first heap   total 155648K, used 93153K [0x0000000080000000, 0x0000000100000000)
  region size 1024K, 3 young (3072K), 3 survivors (3072K)
 Metaspace       used 82178K, committed 84352K, reserved 1179648K
  class space    used 11585K, committed 12608K, reserved 1048576K
}

