# JRE version: OpenJDK Runtime Environment Temurin-21.0.11+10 (21.0.11+10) (build 21.0.11+10-LTS)
# Java VM: OpenJDK 64-Bit Server VM Temurin-21.0.11+10 (21.0.11+10-LTS, mixed mode, sharing, tiered, compressed oops, compressed class ptrs, parallel gc, windows-amd64)
GC Precious Log:
 CardTable entry size: 512
 CPUs: 8 total, 8 available
 Memory: 7914M
 Large Page Support: Disabled
 NUMA Support: Disabled
 Compressed Oops: Enabled (32-bit)
 Alignments: Space 512K, Generation 512K, Heap 2M
 Heap Min Capacity: 100M
 Heap Initial Capacity: 100M
 Heap Max Capacity: 2G
 Pre-touch: Disabled
 Parallel Workers: 8
Heap:
 PSYoungGen      total 23552K, used 13428K [0x00000000d5580000, 0x00000000d7000000, 0x0000000100000000)
  eden space 22016K, 54% used [0x00000000d5580000,0x00000000d6124a68,0x00000000d6b00000)
  from space 1536K, 98% used [0x00000000d6e00000,0x00000000d6f78918,0x00000000d6f80000)
  to   space 2560K, 0% used [0x00000000d6b00000,0x00000000d6b00000,0x00000000d6d80000)
 ParOldGen       total 68608K, used 21699K [0x0000000080000000, 0x0000000084300000, 0x00000000d5580000)
  object space 68608K, 31% used [0x0000000080000000,0x0000000081530f20,0x0000000084300000)
 Metaspace       used 39554K, committed 40704K, reserved 1114112K
  class space    used 4230K, committed 4736K, reserved 1048576K
GC Heap History (20 events):
Event: 8.218 GC heap before
{Heap before GC invocations=9 (full 1):
 PSYoungGen      total 30208K, used 24576K [0x00000000d5580000, 0x00000000d7980000, 0x0000000100000000)
  eden space 24576K, 100% used [0x00000000d5580000,0x00000000d6d80000,0x00000000d6d80000)
  from space 5632K, 0% used [0x00000000d6d80000,0x00000000d6d80000,0x00000000d7300000)
  to   space 6144K, 0% used [0x00000000d7380000,0x00000000d7380000,0x00000000d7980000)
 ParOldGen       total 68608K, used 14987K [0x0000000080000000, 0x0000000084300000, 0x00000000d5580000)
  object space 68608K, 21% used [0x0000000080000000,0x0000000080ea2c20,0x0000000084300000)
 Metaspace       used 23227K, committed 24064K, reserved 1114112K
  class space    used 2366K, committed 2752K, reserved 1048576K
}
Event: 8.220 GC heap after
{Heap after GC invocations=9 (full 1):
 PSYoungGen      total 25088K, used 887K [0x00000000d5580000, 0x00000000d7480000, 0x0000000100000000)
  eden space 24064K, 0% used [0x00000000d5580000,0x00000000d5580000,0x00000000d6d00000)
  from space 1024K, 86% used [0x00000000d7380000,0x00000000d745dc28,0x00000000d7480000)
  to   space 3072K, 0% used [0x00000000d6e80000,0x00000000d6e80000,0x00000000d7180000)
 ParOldGen       total 68608K, used 14987K [0x0000000080000000, 0x0000000084300000, 0x00000000d5580000)
  object space 68608K, 21% used [0x0000000080000000,0x0000000080ea2c20,0x0000000084300000)
 Metaspace       used 23227K, committed 24064K, reserved 1114112K
  class space    used 2366K, committed 2752K, reserved 1048576K
}
Event: 8.582 GC heap before
{Heap before GC invocations=10 (full 1):
 PSYoungGen      total 25088K, used 24951K [0x00000000d5580000, 0x00000000d7480000, 0x0000000100000000)
  eden space 24064K, 100% used [0x00000000d5580000,0x00000000d6d00000,0x00000000d6d00000)
  from space 1024K, 86% used [0x00000000d7380000,0x00000000d745dc28,0x00000000d7480000)
  to   space 3072K, 0% used [0x00000000d6e80000,0x00000000d6e80000,0x00000000d7180000)
 ParOldGen       total 68608K, used 14987K [0x0000000080000000, 0x0000000084300000, 0x00000000d5580000)
  object space 68608K, 21% used [0x0000000080000000,0x0000000080ea2c20,0x0000000084300000)
 Metaspace       used 26459K, committed 27328K, reserved 1114112K
  class space    used 2612K, committed 3008K, reserved 1048576K
}
Event: 8.584 GC heap after
{Heap after GC invocations=10 (full 1):
 PSYoungGen      total 26112K, used 2511K [0x00000000d5580000, 0x00000000d7400000, 0x0000000100000000)
  eden space 23552K, 0% used [0x00000000d5580000,0x00000000d5580000,0x00000000d6c80000)
  from space 2560K, 98% used [0x00000000d6e80000,0x00000000d70f3f00,0x00000000d7100000)
  to   space 3072K, 0% used [0x00000000d7100000,0x00000000d7100000,0x00000000d7400000)
 ParOldGen       total 68608K, used 14995K [0x0000000080000000, 0x0000000084300000, 0x00000000d5580000)
  object space 68608K, 21% used [0x0000000080000000,0x0000000080ea4c20,0x0000000084300000)
 Metaspace       used 26459K, committed 27328K, reserved 1114112K
  class space    used 2612K, committed 3008K, reserved 1048576K
}
Event: 8.902 GC heap before
{Heap before GC invocations=11 (full 1):
 PSYoungGen      total 26112K, used 26063K [0x00000000d5580000, 0x00000000d7400000, 0x0000000100000000)
  eden space 23552K, 100% used [0x00000000d5580000,0x00000000d6c80000,0x00000000d6c80000)
  from space 2560K, 98% used [0x00000000d6e80000,0x00000000d70f3f00,0x00000000d7100000)
  to   space 3072K, 0% used [0x00000000d7100000,0x00000000d7100000,0x00000000d7400000)
 ParOldGen       total 68608K, used 14995K [0x0000000080000000, 0x0000000084300000, 0x00000000d5580000)
  object space 68608K, 21% used [0x0000000080000000,0x0000000080ea4c40,0x0000000084300000)
 Metaspace       used 28393K, committed 29312K, reserved 1114112K
  class space    used 2805K, committed 3200K, reserved 1048576K
}
Event: 8.905 GC heap after
{Heap after GC invocations=11 (full 1):
 PSYoungGen      total 26624K, used 2948K [0x00000000d5580000, 0x00000000d7400000, 0x0000000100000000)
  eden space 23552K, 0% used [0x00000000d5580000,0x00000000d5580000,0x00000000d6c80000)
  from space 3072K, 95% used [0x00000000d7100000,0x00000000d73e1050,0x00000000d7400000)
  to   space 3584K, 0% used [0x00000000d6d00000,0x00000000d6d00000,0x00000000d7080000)
 ParOldGen       total 68608K, used 15451K [0x0000000080000000, 0x0000000084300000, 0x00000000d5580000)
  object space 68608K, 22% used [0x0000000080000000,0x0000000080f16f48,0x0000000084300000)
 Metaspace       used 28393K, committed 29312K, reserved 1114112K
  class space    used 2805K, committed 3200K, reserved 1048576K
}
Event: 9.466 GC heap before
{Heap before GC invocations=12 (full 1):
 PSYoungGen      total 26624K, used 26500K [0x00000000d5580000, 0x00000000d7400000, 0x0000000100000000)
  eden space 23552K, 100% used [0x00000000d5580000,0x00000000d6c80000,0x00000000d6c80000)
  from space 3072K, 95% used [0x00000000d7100000,0x00000000d73e1050,0x00000000d7400000)
  to   space 3584K, 0% used [0x00000000d6d00000,0x00000000d6d00000,0x00000000d7080000)
 ParOldGen       total 68608K, used 15454K [0x0000000080000000, 0x0000000084300000, 0x00000000d5580000)
  object space 68608K, 22% used [0x0000000080000000,0x0000000080f17a00,0x0000000084300000)
 Metaspace       used 31911K, committed 32960K, reserved 1114112K
  class space    used 3233K, committed 3712K, reserved 1048576K
}
Event: 9.470 GC heap after
{Heap after GC invocations=12 (full 1):
 PSYoungGen      total 24576K, used 1162K [0x00000000d5580000, 0x00000000d7180000, 0x0000000100000000)
  eden space 23040K, 0% used [0x00000000d5580000,0x00000000d5580000,0x00000000d6c00000)
  from space 1536K, 75% used [0x00000000d6d00000,0x00000000d6e22970,0x00000000d6e80000)
  to   space 2048K, 0% used [0x00000000d6f80000,0x00000000d6f80000,0x00000000d7180000)
 ParOldGen       total 68608K, used 18252K [0x0000000080000000, 0x0000000084300000, 0x00000000d5580000)
  object space 68608K, 26% used [0x0000000080000000,0x00000000811d3300,0x0000000084300000)
 Metaspace       used 31911K, committed 32960K, reserved 1114112K
  class space    used 3233K, committed 3712K, reserved 1048576K
}
Event: 9.687 GC heap before
{Heap before GC invocations=13 (full 1):
 PSYoungGen      total 24576K, used 24202K [0x00000000d5580000, 0x00000000d7180000, 0x0000000100000000)
  eden space 23040K, 100% used [0x00000000d5580000,0x00000000d6c00000,0x00000000d6c00000)
  from space 1536K, 75% used [0x00000000d6d00000,0x00000000d6e22970,0x00000000d6e80000)
  to   space 2048K, 0% used [0x00000000d6f80000,0x00000000d6f80000,0x00000000d7180000)
 ParOldGen       total 68608K, used 18252K [0x0000000080000000, 0x0000000084300000, 0x00000000d5580000)
  object space 68608K, 26% used [0x0000000080000000,0x00000000811d3300,0x0000000084300000)
 Metaspace       used 33531K, committed 34560K, reserved 1114112K
  class space    used 3449K, committed 3904K, reserved 1048576K
}
Event: 9.690 GC heap after
{Heap after GC invocations=13 (full 1):
 PSYoungGen      total 24064K, used 1298K [0x00000000d5580000, 0x00000000d7100000, 0x0000000100000000)
  eden space 22528K, 0% used [0x00000000d5580000,0x00000000d5580000,0x00000000d6b80000)
  from space 1536K, 84% used [0x00000000d6f80000,0x00000000d70c4a80,0x00000000d7100000)
  to   space 1536K, 0% used [0x00000000d6e00000,0x00000000d6e00000,0x00000000d6f80000)
 ParOldGen       total 68608K, used 19257K [0x0000000080000000, 0x0000000084300000, 0x00000000d5580000)
  object space 68608K, 28% used [0x0000000080000000,0x00000000812ce4e0,0x0000000084300000)
 Metaspace       used 33531K, committed 34560K, reserved 1114112K
  class space    used 3449K, committed 3904K, reserved 1048576K
}
Event: 9.820 GC heap before
{Heap before GC invocations=14 (full 1):
 PSYoungGen      total 24064K, used 11525K [0x00000000d5580000, 0x00000000d7100000, 0x0000000100000000)
  eden space 22528K, 45% used [0x00000000d5580000,0x00000000d5f7c9e8,0x00000000d6b80000)
  from space 1536K, 84% used [0x00000000d6f80000,0x00000000d70c4a80,0x00000000d7100000)
  to   space 1536K, 0% used [0x00000000d6e00000,0x00000000d6e00000,0x00000000d6f80000)
 ParOldGen       total 68608K, used 19257K [0x0000000080000000, 0x0000000084300000, 0x00000000d5580000)
  object space 68608K, 28% used [0x0000000080000000,0x00000000812ce4e0,0x0000000084300000)
 Metaspace       used 34766K, committed 35904K, reserved 1114112K
  class space    used 3618K, committed 4096K, reserved 1048576K
}
Event: 9.824 GC heap after
{Heap after GC invocations=14 (full 1):
 PSYoungGen      total 23552K, used 544K [0x00000000d5580000, 0x00000000d7000000, 0x0000000100000000)
  eden space 22528K, 0% used [0x00000000d5580000,0x00000000d5580000,0x00000000d6b80000)
  from space 1024K, 53% used [0x00000000d6e00000,0x00000000d6e88000,0x00000000d6f00000)
  to   space 1024K, 0% used [0x00000000d6f00000,0x00000000d6f00000,0x00000000d7000000)
 ParOldGen       total 68608K, used 20373K [0x0000000080000000, 0x0000000084300000, 0x00000000d5580000)
  object space 68608K, 29% used [0x0000000080000000,0x00000000813e5438,0x0000000084300000)
 Metaspace       used 34766K, committed 35904K, reserved 1114112K
  class space    used 3618K, committed 4096K, reserved 1048576K
}
Event: 9.911 GC heap before
{Heap before GC invocations=15 (full 1):
 PSYoungGen      total 23552K, used 5920K [0x00000000d5580000, 0x00000000d7000000, 0x0000000100000000)
  eden space 22528K, 23% used [0x00000000d5580000,0x00000000d5ac0110,0x00000000d6b80000)
  from space 1024K, 53% used [0x00000000d6e00000,0x00000000d6e88000,0x00000000d6f00000)
  to   space 1024K, 0% used [0x00000000d6f00000,0x00000000d6f00000,0x00000000d7000000)
 ParOldGen       total 68608K, used 20373K [0x0000000080000000, 0x0000000084300000, 0x00000000d5580000)
  object space 68608K, 29% used [0x0000000080000000,0x00000000813e5438,0x0000000084300000)
 Metaspace       used 35081K, committed 36160K, reserved 1114112K
  class space    used 3661K, committed 4160K, reserved 1048576K
}
Event: 9.915 GC heap after
{Heap after GC invocations=15 (full 1):
 PSYoungGen      total 23552K, used 1015K [0x00000000d5580000, 0x00000000d7080000, 0x0000000100000000)
  eden space 22528K, 0% used [0x00000000d5580000,0x00000000d5580000,0x00000000d6b80000)
  from space 1024K, 99% used [0x00000000d6f00000,0x00000000d6ffdc18,0x00000000d7000000)
  to   space 2560K, 0% used [0x00000000d6b80000,0x00000000d6b80000,0x00000000d6e00000)
 ParOldGen       total 68608K, used 21245K [0x0000000080000000, 0x0000000084300000, 0x00000000d5580000)
  object space 68608K, 30% used [0x0000000080000000,0x00000000814bf478,0x0000000084300000)
 Metaspace       used 35081K, committed 36160K, reserved 1114112K
  class space    used 3661K, committed 4160K, reserved 1048576K
}
Event: 9.915 GC heap before
{Heap before GC invocations=16 (full 2):
 PSYoungGen      total 23552K, used 1015K [0x00000000d5580000, 0x00000000d7080000, 0x0000000100000000)
  eden space 22528K, 0% used [0x00000000d5580000,0x00000000d5580000,0x00000000d6b80000)
  from space 1024K, 99% used [0x00000000d6f00000,0x00000000d6ffdc18,0x00000000d7000000)
  to   space 2560K, 0% used [0x00000000d6b80000,0x00000000d6b80000,0x00000000d6e00000)
 ParOldGen       total 68608K, used 21245K [0x0000000080000000, 0x0000000084300000, 0x00000000d5580000)
  object space 68608K, 30% used [0x0000000080000000,0x00000000814bf478,0x0000000084300000)
 Metaspace       used 35081K, committed 36160K, reserved 1114112K
  class space    used 3661K, committed 4160K, reserved 1048576K
}
Event: 9.974 GC heap after
{Heap after GC invocations=16 (full 2):
 PSYoungGen      total 23552K, used 0K [0x00000000d5580000, 0x00000000d7080000, 0x0000000100000000)
  eden space 22528K, 0% used [0x00000000d5580000,0x00000000d5580000,0x00000000d6b80000)
  from space 1024K, 0% used [0x00000000d6f00000,0x00000000d6f00000,0x00000000d7000000)
  to   space 2560K, 0% used [0x00000000d6b80000,0x00000000d6b80000,0x00000000d6e00000)
 ParOldGen       total 68608K, used 20955K [0x0000000080000000, 0x0000000084300000, 0x00000000d5580000)
  object space 68608K, 30% used [0x0000000080000000,0x0000000081476f20,0x0000000084300000)
 Metaspace       used 35065K, committed 36160K, reserved 1114112K
  class space    used 3656K, committed 4160K, reserved 1048576K
}
Event: 10.472 GC heap before
{Heap before GC invocations=17 (full 2):
 PSYoungGen      total 23552K, used 22525K [0x00000000d5580000, 0x00000000d7080000, 0x0000000100000000)
  eden space 22528K, 99% used [0x00000000d5580000,0x00000000d6b7f6f8,0x00000000d6b80000)
  from space 1024K, 0% used [0x00000000d6f00000,0x00000000d6f00000,0x00000000d7000000)
  to   space 2560K, 0% used [0x00000000d6b80000,0x00000000d6b80000,0x00000000d6e00000)
 ParOldGen       total 68608K, used 20955K [0x0000000080000000, 0x0000000084300000, 0x00000000d5580000)
  object space 68608K, 30% used [0x0000000080000000,0x0000000081476f20,0x0000000084300000)
 Metaspace       used 36802K, committed 37952K, reserved 1114112K
  class space    used 3893K, committed 4352K, reserved 1048576K
}
Event: 10.474 GC heap after
{Heap after GC invocations=17 (full 2):
 PSYoungGen      total 24576K, used 960K [0x00000000d5580000, 0x00000000d6f80000, 0x0000000100000000)
  eden space 22016K, 0% used [0x00000000d5580000,0x00000000d5580000,0x00000000d6b00000)
  from space 2560K, 37% used [0x00000000d6b80000,0x00000000d6c70000,0x00000000d6e00000)
  to   space 1536K, 0% used [0x00000000d6e00000,0x00000000d6e00000,0x00000000d6f80000)
 ParOldGen       total 68608K, used 20963K [0x0000000080000000, 0x0000000084300000, 0x00000000d5580000)
  object space 68608K, 30% used [0x0000000080000000,0x0000000081478f20,0x0000000084300000)
 Metaspace       used 36802K, committed 37952K, reserved 1114112K
  class space    used 3893K, committed 4352K, reserved 1048576K
}
Event: 11.179 GC heap before
{Heap before GC invocations=18 (full 2):
 PSYoungGen      total 24576K, used 22976K [0x00000000d5580000, 0x00000000d6f80000, 0x0000000100000000)
  eden space 22016K, 100% used [0x00000000d5580000,0x00000000d6b00000,0x00000000d6b00000)
  from space 2560K, 37% used [0x00000000d6b80000,0x00000000d6c70000,0x00000000d6e00000)
  to   space 1536K, 0% used [0x00000000d6e00000,0x00000000d6e00000,0x00000000d6f80000)
 ParOldGen       total 68608K, used 20963K [0x0000000080000000, 0x0000000084300000, 0x00000000d5580000)
  object space 68608K, 30% used [0x0000000080000000,0x0000000081478f20,0x0000000084300000)
 Metaspace       used 38558K, committed 39744K, reserved 1114112K
  class space    used 4100K, committed 4608K, reserved 1048576K
}
Event: 11.182 GC heap after
{Heap after GC invocations=18 (full 2):
 PSYoungGen      total 23552K, used 1506K [0x00000000d5580000, 0x00000000d7000000, 0x0000000100000000)
  eden space 22016K, 0% used [0x00000000d5580000,0x00000000d5580000,0x00000000d6b00000)
  from space 1536K, 98% used [0x00000000d6e00000,0x00000000d6f78918,0x00000000d6f80000)
  to   space 2560K, 0% used [0x00000000d6b00000,0x00000000d6b00000,0x00000000d6d80000)
 ParOldGen       total 68608K, used 21699K [0x0000000080000000, 0x0000000084300000, 0x00000000d5580000)
  object space 68608K, 31% used [0x0000000080000000,0x0000000081530f20,0x0000000084300000)
 Metaspace       used 38558K, committed 39744K, reserved 1114112K
  class space    used 4100K, committed 4608K, reserved 1048576K
}

