# JRE version: OpenJDK Runtime Environment Temurin-21.0.11+10 (21.0.11+10) (build 21.0.11+10-LTS)
# Java VM: OpenJDK 64-Bit Server VM Temurin-21.0.11+10 (21.0.11+10-LTS, mixed mode, sharing, tiered, compressed oops, compressed class ptrs, parallel gc, windows-amd64)
GC Precious Log:
 CardTable entry size: 512
 CPUs: 8 total, 8 available
 Memory: 7914M
 Large Page Support: Disabled
 NUMA Support: Disabled
 Compressed Oops: Enabled (32-bit)
 Alignments: Space 512K, Generation 512K, Heap 2M
 Heap Min Capacity: 100M
 Heap Initial Capacity: 100M
 Heap Max Capacity: 2G
 Pre-touch: Disabled
 Parallel Workers: 8
Heap:
 PSYoungGen      total 17920K, used 12004K [0x00000000d5580000, 0x00000000d6b00000, 0x0000000100000000)
  eden space 16896K, 64% used [0x00000000d5580000,0x00000000d60391d8,0x00000000d6600000)
  from space 1024K, 100% used [0x00000000d6980000,0x00000000d6a80000,0x00000000d6a80000)
  to   space 512K, 0% used [0x00000000d6a80000,0x00000000d6a80000,0x00000000d6b00000)
 ParOldGen       total 68608K, used 56186K [0x0000000080000000, 0x0000000084300000, 0x00000000d5580000)
  object space 68608K, 81% used [0x0000000080000000,0x00000000836debe0,0x0000000084300000)
 Metaspace       used 55699K, committed 56960K, reserved 1114112K
  class space    used 6504K, committed 7040K, reserved 1048576K
GC Heap History (20 events):
Event: 12.034 GC heap before
{Heap before GC invocations=32 (full 2):
 PSYoungGen      total 20480K, used 20160K [0x00000000d5580000, 0x00000000d6a80000, 0x0000000100000000)
  eden space 19456K, 100% used [0x00000000d5580000,0x00000000d6880000,0x00000000d6880000)
  from space 1024K, 68% used [0x00000000d6880000,0x00000000d6930000,0x00000000d6980000)
  to   space 1024K, 0% used [0x00000000d6980000,0x00000000d6980000,0x00000000d6a80000)
 ParOldGen       total 68608K, used 39904K [0x0000000080000000, 0x0000000084300000, 0x00000000d5580000)
  object space 68608K, 58% used [0x0000000080000000,0x00000000826f83a0,0x0000000084300000)
 Metaspace       used 50442K, committed 51712K, reserved 1114112K
  class space    used 5580K, committed 6144K, reserved 1048576K
}
Event: 12.036 GC heap after
{Heap after GC invocations=32 (full 2):
 PSYoungGen      total 17920K, used 1004K [0x00000000d5580000, 0x00000000d6f80000, 0x0000000100000000)
  eden space 16896K, 0% used [0x00000000d5580000,0x00000000d5580000,0x00000000d6600000)
  from space 1024K, 98% used [0x00000000d6980000,0x00000000d6a7b0f0,0x00000000d6a80000)
  to   space 3584K, 0% used [0x00000000d6600000,0x00000000d6600000,0x00000000d6980000)
 ParOldGen       total 68608K, used 42003K [0x0000000080000000, 0x0000000084300000, 0x00000000d5580000)
  object space 68608K, 61% used [0x0000000080000000,0x0000000082904e70,0x0000000084300000)
 Metaspace       used 50442K, committed 51712K, reserved 1114112K
  class space    used 5580K, committed 6144K, reserved 1048576K
}
Event: 12.352 GC heap before
{Heap before GC invocations=33 (full 2):
 PSYoungGen      total 17920K, used 17900K [0x00000000d5580000, 0x00000000d6f80000, 0x0000000100000000)
  eden space 16896K, 100% used [0x00000000d5580000,0x00000000d6600000,0x00000000d6600000)
  from space 1024K, 98% used [0x00000000d6980000,0x00000000d6a7b0f0,0x00000000d6a80000)
  to   space 3584K, 0% used [0x00000000d6600000,0x00000000d6600000,0x00000000d6980000)
 ParOldGen       total 68608K, used 42003K [0x0000000080000000, 0x0000000084300000, 0x00000000d5580000)
  object space 68608K, 61% used [0x0000000080000000,0x0000000082904e70,0x0000000084300000)
 Metaspace       used 51393K, committed 52736K, reserved 1114112K
  class space    used 5748K, committed 6336K, reserved 1048576K
}
Event: 12.355 GC heap after
{Heap after GC invocations=33 (full 2):
 PSYoungGen      total 20480K, used 3450K [0x00000000d5580000, 0x00000000d6e00000, 0x0000000100000000)
  eden space 16896K, 0% used [0x00000000d5580000,0x00000000d5580000,0x00000000d6600000)
  from space 3584K, 96% used [0x00000000d6600000,0x00000000d695e8d0,0x00000000d6980000)
  to   space 4096K, 0% used [0x00000000d6a00000,0x00000000d6a00000,0x00000000d6e00000)
 ParOldGen       total 68608K, used 46059K [0x0000000080000000, 0x0000000084300000, 0x00000000d5580000)
  object space 68608K, 67% used [0x0000000080000000,0x0000000082cfaed8,0x0000000084300000)
 Metaspace       used 51393K, committed 52736K, reserved 1114112K
  class space    used 5748K, committed 6336K, reserved 1048576K
}
Event: 12.719 GC heap before
{Heap before GC invocations=34 (full 2):
 PSYoungGen      total 20480K, used 20346K [0x00000000d5580000, 0x00000000d6e00000, 0x0000000100000000)
  eden space 16896K, 100% used [0x00000000d5580000,0x00000000d6600000,0x00000000d6600000)
  from space 3584K, 96% used [0x00000000d6600000,0x00000000d695e8d0,0x00000000d6980000)
  to   space 4096K, 0% used [0x00000000d6a00000,0x00000000d6a00000,0x00000000d6e00000)
 ParOldGen       total 68608K, used 46059K [0x0000000080000000, 0x0000000084300000, 0x00000000d5580000)
  object space 68608K, 67% used [0x0000000080000000,0x0000000082cfaed8,0x0000000084300000)
 Metaspace       used 52612K, committed 53888K, reserved 1114112K
  class space    used 5958K, committed 6528K, reserved 1048576K
}
Event: 12.722 GC heap after
{Heap after GC invocations=34 (full 2):
 PSYoungGen      total 17920K, used 832K [0x00000000d5580000, 0x00000000d6b00000, 0x0000000100000000)
  eden space 16896K, 0% used [0x00000000d5580000,0x00000000d5580000,0x00000000d6600000)
  from space 1024K, 81% used [0x00000000d6a00000,0x00000000d6ad0000,0x00000000d6b00000)
  to   space 2048K, 0% used [0x00000000d6700000,0x00000000d6700000,0x00000000d6900000)
 ParOldGen       total 68608K, used 49409K [0x0000000080000000, 0x0000000084300000, 0x00000000d5580000)
  object space 68608K, 72% used [0x0000000080000000,0x0000000083040560,0x0000000084300000)
 Metaspace       used 52612K, committed 53888K, reserved 1114112K
  class space    used 5958K, committed 6528K, reserved 1048576K
}
Event: 12.924 GC heap before
{Heap before GC invocations=35 (full 2):
 PSYoungGen      total 17920K, used 17728K [0x00000000d5580000, 0x00000000d6b00000, 0x0000000100000000)
  eden space 16896K, 100% used [0x00000000d5580000,0x00000000d6600000,0x00000000d6600000)
  from space 1024K, 81% used [0x00000000d6a00000,0x00000000d6ad0000,0x00000000d6b00000)
  to   space 2048K, 0% used [0x00000000d6700000,0x00000000d6700000,0x00000000d6900000)
 ParOldGen       total 68608K, used 49409K [0x0000000080000000, 0x0000000084300000, 0x00000000d5580000)
  object space 68608K, 72% used [0x0000000080000000,0x0000000083040560,0x0000000084300000)
 Metaspace       used 52650K, committed 53952K, reserved 1114112K
  class space    used 5959K, committed 6528K, reserved 1048576K
}
Event: 12.926 GC heap after
{Heap after GC invocations=35 (full 2):
 PSYoungGen      total 18944K, used 416K [0x00000000d5580000, 0x00000000d6a80000, 0x0000000100000000)
  eden space 16896K, 0% used [0x00000000d5580000,0x00000000d5580000,0x00000000d6600000)
  from space 2048K, 20% used [0x00000000d6700000,0x00000000d6768000,0x00000000d6900000)
  to   space 1024K, 0% used [0x00000000d6980000,0x00000000d6980000,0x00000000d6a80000)
 ParOldGen       total 68608K, used 50098K [0x0000000080000000, 0x0000000084300000, 0x00000000d5580000)
  object space 68608K, 73% used [0x0000000080000000,0x00000000830ec910,0x0000000084300000)
 Metaspace       used 52650K, committed 53952K, reserved 1114112K
  class space    used 5959K, committed 6528K, reserved 1048576K
}
Event: 13.188 GC heap before
{Heap before GC invocations=36 (full 2):
 PSYoungGen      total 18944K, used 17312K [0x00000000d5580000, 0x00000000d6a80000, 0x0000000100000000)
  eden space 16896K, 100% used [0x00000000d5580000,0x00000000d6600000,0x00000000d6600000)
  from space 2048K, 20% used [0x00000000d6700000,0x00000000d6768000,0x00000000d6900000)
  to   space 1024K, 0% used [0x00000000d6980000,0x00000000d6980000,0x00000000d6a80000)
 ParOldGen       total 68608K, used 50098K [0x0000000080000000, 0x0000000084300000, 0x00000000d5580000)
  object space 68608K, 73% used [0x0000000080000000,0x00000000830ec910,0x0000000084300000)
 Metaspace       used 52654K, committed 53952K, reserved 1114112K
  class space    used 5959K, committed 6528K, reserved 1048576K
}
Event: 13.189 GC heap after
{Heap after GC invocations=36 (full 2):
 PSYoungGen      total 17920K, used 672K [0x00000000d5580000, 0x00000000d6a80000, 0x0000000100000000)
  eden space 16896K, 0% used [0x00000000d5580000,0x00000000d5580000,0x00000000d6600000)
  from space 1024K, 65% used [0x00000000d6980000,0x00000000d6a28000,0x00000000d6a80000)
  to   space 1024K, 0% used [0x00000000d6880000,0x00000000d6880000,0x00000000d6980000)
 ParOldGen       total 68608K, used 50458K [0x0000000080000000, 0x0000000084300000, 0x00000000d5580000)
  object space 68608K, 73% used [0x0000000080000000,0x0000000083146910,0x0000000084300000)
 Metaspace       used 52654K, committed 53952K, reserved 1114112K
  class space    used 5959K, committed 6528K, reserved 1048576K
}
Event: 13.390 GC heap before
{Heap before GC invocations=37 (full 2):
 PSYoungGen      total 17920K, used 17568K [0x00000000d5580000, 0x00000000d6a80000, 0x0000000100000000)
  eden space 16896K, 100% used [0x00000000d5580000,0x00000000d6600000,0x00000000d6600000)
  from space 1024K, 65% used [0x00000000d6980000,0x00000000d6a28000,0x00000000d6a80000)
  to   space 1024K, 0% used [0x00000000d6880000,0x00000000d6880000,0x00000000d6980000)
 ParOldGen       total 68608K, used 50458K [0x0000000080000000, 0x0000000084300000, 0x00000000d5580000)
  object space 68608K, 73% used [0x0000000080000000,0x0000000083146910,0x0000000084300000)
 Metaspace       used 52667K, committed 53952K, reserved 1114112K
  class space    used 5960K, committed 6528K, reserved 1048576K
}
Event: 14.393 GC heap after
{Heap after GC invocations=37 (full 2):
 PSYoungGen      total 17920K, used 1023K [0x00000000d5580000, 0x00000000d7000000, 0x0000000100000000)
  eden space 16896K, 0% used [0x00000000d5580000,0x00000000d5580000,0x00000000d6600000)
  from space 1024K, 99% used [0x00000000d6880000,0x00000000d697ff98,0x00000000d6980000)
  to   space 5120K, 0% used [0x00000000d6b00000,0x00000000d6b00000,0x00000000d7000000)
 ParOldGen       total 68608K, used 53760K [0x0000000080000000, 0x0000000084300000, 0x00000000d5580000)
  object space 68608K, 78% used [0x0000000080000000,0x00000000834801d8,0x0000000084300000)
 Metaspace       used 52667K, committed 53952K, reserved 1114112K
  class space    used 5960K, committed 6528K, reserved 1048576K
}
Event: 14.688 GC heap before
{Heap before GC invocations=38 (full 2):
 PSYoungGen      total 17920K, used 17919K [0x00000000d5580000, 0x00000000d7000000, 0x0000000100000000)
  eden space 16896K, 100% used [0x00000000d5580000,0x00000000d6600000,0x00000000d6600000)
  from space 1024K, 99% used [0x00000000d6880000,0x00000000d697ff98,0x00000000d6980000)
  to   space 5120K, 0% used [0x00000000d6b00000,0x00000000d6b00000,0x00000000d7000000)
 ParOldGen       total 68608K, used 53760K [0x0000000080000000, 0x0000000084300000, 0x00000000d5580000)
  object space 68608K, 78% used [0x0000000080000000,0x00000000834801d8,0x0000000084300000)
 Metaspace       used 53370K, committed 54720K, reserved 1114112K
  class space    used 6112K, committed 6720K, reserved 1048576K
}
Event: 14.690 GC heap after
{Heap after GC invocations=38 (full 2):
 PSYoungGen      total 17920K, used 864K [0x00000000d5580000, 0x00000000d6c00000, 0x0000000100000000)
  eden space 16896K, 0% used [0x00000000d5580000,0x00000000d5580000,0x00000000d6600000)
  from space 1024K, 84% used [0x00000000d6b00000,0x00000000d6bd8010,0x00000000d6c00000)
  to   space 2560K, 0% used [0x00000000d6700000,0x00000000d6700000,0x00000000d6980000)
 ParOldGen       total 68608K, used 54742K [0x0000000080000000, 0x0000000084300000, 0x00000000d5580000)
  object space 68608K, 79% used [0x0000000080000000,0x0000000083575848,0x0000000084300000)
 Metaspace       used 53370K, committed 54720K, reserved 1114112K
  class space    used 6112K, committed 6720K, reserved 1048576K
}
Event: 14.969 GC heap before
{Heap before GC invocations=39 (full 2):
 PSYoungGen      total 17920K, used 17760K [0x00000000d5580000, 0x00000000d6c00000, 0x0000000100000000)
  eden space 16896K, 100% used [0x00000000d5580000,0x00000000d6600000,0x00000000d6600000)
  from space 1024K, 84% used [0x00000000d6b00000,0x00000000d6bd8010,0x00000000d6c00000)
  to   space 2560K, 0% used [0x00000000d6700000,0x00000000d6700000,0x00000000d6980000)
 ParOldGen       total 68608K, used 54742K [0x0000000080000000, 0x0000000084300000, 0x00000000d5580000)
  object space 68608K, 79% used [0x0000000080000000,0x0000000083575848,0x0000000084300000)
 Metaspace       used 55289K, committed 56640K, reserved 1114112K
  class space    used 6444K, committed 7040K, reserved 1048576K
}
Event: 14.970 GC heap after
{Heap after GC invocations=39 (full 2):
 PSYoungGen      total 19456K, used 672K [0x00000000d5580000, 0x00000000d6b80000, 0x0000000100000000)
  eden space 16896K, 0% used [0x00000000d5580000,0x00000000d5580000,0x00000000d6600000)
  from space 2560K, 26% used [0x00000000d6700000,0x00000000d67a8020,0x00000000d6980000)
  to   space 1024K, 0% used [0x00000000d6a80000,0x00000000d6a80000,0x00000000d6b80000)
 ParOldGen       total 68608K, used 55462K [0x0000000080000000, 0x0000000084300000, 0x00000000d5580000)
  object space 68608K, 80% used [0x0000000080000000,0x0000000083629868,0x0000000084300000)
 Metaspace       used 55289K, committed 56640K, reserved 1114112K
  class space    used 6444K, committed 7040K, reserved 1048576K
}
Event: 17.185 GC heap before
{Heap before GC invocations=40 (full 2):
 PSYoungGen      total 19456K, used 17568K [0x00000000d5580000, 0x00000000d6b80000, 0x0000000100000000)
  eden space 16896K, 100% used [0x00000000d5580000,0x00000000d6600000,0x00000000d6600000)
  from space 2560K, 26% used [0x00000000d6700000,0x00000000d67a8020,0x00000000d6980000)
  to   space 1024K, 0% used [0x00000000d6a80000,0x00000000d6a80000,0x00000000d6b80000)
 ParOldGen       total 68608K, used 55462K [0x0000000080000000, 0x0000000084300000, 0x00000000d5580000)
  object space 68608K, 80% used [0x0000000080000000,0x0000000083629868,0x0000000084300000)
 Metaspace       used 55690K, committed 56960K, reserved 1114112K
  class space    used 6504K, committed 7040K, reserved 1048576K
}
Event: 17.188 GC heap after
{Heap after GC invocations=40 (full 2):
 PSYoungGen      total 17920K, used 640K [0x00000000d5580000, 0x00000000d6b80000, 0x0000000100000000)
  eden space 16896K, 0% used [0x00000000d5580000,0x00000000d5580000,0x00000000d6600000)
  from space 1024K, 62% used [0x00000000d6a80000,0x00000000d6b20000,0x00000000d6b80000)
  to   space 1024K, 0% used [0x00000000d6980000,0x00000000d6980000,0x00000000d6a80000)
 ParOldGen       total 68608K, used 55954K [0x0000000080000000, 0x0000000084300000, 0x00000000d5580000)
  object space 68608K, 81% used [0x0000000080000000,0x00000000836a4be0,0x0000000084300000)
 Metaspace       used 55690K, committed 56960K, reserved 1114112K
  class space    used 6504K, committed 7040K, reserved 1048576K
}
Event: 17.835 GC heap before
{Heap before GC invocations=41 (full 2):
 PSYoungGen      total 17920K, used 17536K [0x00000000d5580000, 0x00000000d6b80000, 0x0000000100000000)
  eden space 16896K, 100% used [0x00000000d5580000,0x00000000d6600000,0x00000000d6600000)
  from space 1024K, 62% used [0x00000000d6a80000,0x00000000d6b20000,0x00000000d6b80000)
  to   space 1024K, 0% used [0x00000000d6980000,0x00000000d6980000,0x00000000d6a80000)
 ParOldGen       total 68608K, used 55954K [0x0000000080000000, 0x0000000084300000, 0x00000000d5580000)
  object space 68608K, 81% used [0x0000000080000000,0x00000000836a4be0,0x0000000084300000)
 Metaspace       used 55692K, committed 56960K, reserved 1114112K
  class space    used 6504K, committed 7040K, reserved 1048576K
}
Event: 17.838 GC heap after
{Heap after GC invocations=41 (full 2):
 PSYoungGen      total 17920K, used 1024K [0x00000000d5580000, 0x00000000d6b00000, 0x0000000100000000)
  eden space 16896K, 0% used [0x00000000d5580000,0x00000000d5580000,0x00000000d6600000)
  from space 1024K, 100% used [0x00000000d6980000,0x00000000d6a80000,0x00000000d6a80000)
  to   space 512K, 0% used [0x00000000d6a80000,0x00000000d6a80000,0x00000000d6b00000)
 ParOldGen       total 68608K, used 56186K [0x0000000080000000, 0x0000000084300000, 0x00000000d5580000)
  object space 68608K, 81% used [0x0000000080000000,0x00000000836debe0,0x0000000084300000)
 Metaspace       used 55692K, committed 56960K, reserved 1114112K
  class space    used 6504K, committed 7040K, reserved 1048576K
}

