# JRE version: OpenJDK Runtime Environment Temurin-21.0.11+10 (21.0.11+10) (build 21.0.11+10-LTS)
# Java VM: OpenJDK 64-Bit Server VM Temurin-21.0.11+10 (21.0.11+10-LTS, mixed mode, sharing, tiered, compressed oops, compressed class ptrs, g1 gc, windows-amd64)
GC Precious Log:
 CardTable entry size: 512
 Card Set container configuration: InlinePtr #cards 5 size 8 Array Of Cards #cards 12 size 40 Howl #buckets 4 coarsen threshold 1843 Howl Bitmap #cards 512 size 80 coarsen threshold 460 Card regions per heap region 1 cards per card region 2048
 CPUs: 8 total, 8 available
 Memory: 7914M
 Large Page Support: Disabled
 NUMA Support: Disabled
 Compressed Oops: Enabled (32-bit)
 Heap Region Size: 1M
 Heap Min Capacity: 8M
 Heap Initial Capacity: 124M
 Heap Max Capacity: 2G
 Pre-touch: Disabled
 Parallel Workers: 8
 Concurrent Workers: 2
 Concurrent Refinement Workers: 8
 Periodic GC: Disabled
Heap:
 garbage-first heap   total 157696K, used 102851K [0x0000000080000000, 0x0000000100000000)
  region size 1024K, 13 young (13312K), 7 survivors (7168K)
 Metaspace       used 89801K, committed 92160K, reserved 1179648K
  class space    used 12609K, committed 13760K, reserved 1048576K
GC Heap History (20 events):
Event: 21.629 GC heap before
{Heap before GC invocations=29 (full 0):
 garbage-first heap   total 120832K, used 115823K [0x0000000080000000, 0x0000000100000000)
  region size 1024K, 49 young (50176K), 1 survivors (1024K)
 Metaspace       used 64430K, committed 66432K, reserved 1114112K
  class space    used 9115K, committed 10112K, reserved 1048576K
}
Event: 21.634 GC heap after
{Heap after GC invocations=30 (full 0):
 garbage-first heap   total 124928K, used 73990K [0x0000000080000000, 0x0000000100000000)
  region size 1024K, 7 young (7168K), 7 survivors (7168K)
 Metaspace       used 64430K, committed 66432K, reserved 1114112K
  class space    used 9115K, committed 10112K, reserved 1048576K
}
Event: 22.275 GC heap before
{Heap before GC invocations=30 (full 0):
 garbage-first heap   total 124928K, used 115974K [0x0000000080000000, 0x0000000100000000)
  region size 1024K, 47 young (48128K), 7 survivors (7168K)
 Metaspace       used 68224K, committed 70208K, reserved 1114112K
  class space    used 9544K, committed 10496K, reserved 1048576K
}
Event: 22.282 GC heap after
{Heap after GC invocations=31 (full 0):
 garbage-first heap   total 129024K, used 76790K [0x0000000080000000, 0x0000000100000000)
  region size 1024K, 3 young (3072K), 3 survivors (3072K)
 Metaspace       used 68224K, committed 70208K, reserved 1114112K
  class space    used 9544K, committed 10496K, reserved 1048576K
}
Event: 22.666 GC heap before
{Heap before GC invocations=31 (full 0):
 garbage-first heap   total 129024K, used 96246K [0x0000000080000000, 0x0000000100000000)
  region size 1024K, 24 young (24576K), 3 survivors (3072K)
 Metaspace       used 69941K, committed 72000K, reserved 1114112K
  class space    used 9845K, committed 10816K, reserved 1048576K
}
Event: 22.670 GC heap after
{Heap after GC invocations=32 (full 0):
 garbage-first heap   total 129024K, used 78768K [0x0000000080000000, 0x0000000100000000)
  region size 1024K, 5 young (5120K), 5 survivors (5120K)
 Metaspace       used 69941K, committed 72000K, reserved 1114112K
  class space    used 9845K, committed 10816K, reserved 1048576K
}
Event: 23.906 GC heap before
{Heap before GC invocations=33 (full 0):
 garbage-first heap   total 140288K, used 123824K [0x0000000080000000, 0x0000000100000000)
  region size 1024K, 44 young (45056K), 5 survivors (5120K)
 Metaspace       used 71909K, committed 74048K, reserved 1114112K
  class space    used 10130K, committed 11136K, reserved 1048576K
}
Event: 23.917 GC heap after
{Heap after GC invocations=34 (full 0):
 garbage-first heap   total 140288K, used 83378K [0x0000000080000000, 0x0000000100000000)
  region size 1024K, 6 young (6144K), 6 survivors (6144K)
 Metaspace       used 71909K, committed 74048K, reserved 1114112K
  class space    used 10130K, committed 11136K, reserved 1048576K
}
Event: 27.243 GC heap before
{Heap before GC invocations=34 (full 0):
 garbage-first heap   total 140288K, used 124338K [0x0000000080000000, 0x0000000100000000)
  region size 1024K, 47 young (48128K), 6 survivors (6144K)
 Metaspace       used 75667K, committed 77824K, reserved 1179648K
  class space    used 10579K, committed 11584K, reserved 1048576K
}
Event: 27.258 GC heap after
{Heap after GC invocations=35 (full 0):
 garbage-first heap   total 140288K, used 85559K [0x0000000080000000, 0x0000000100000000)
  region size 1024K, 3 young (3072K), 3 survivors (3072K)
 Metaspace       used 75667K, committed 77824K, reserved 1179648K
  class space    used 10579K, committed 11584K, reserved 1048576K
}
Event: 27.870 GC heap before
{Heap before GC invocations=35 (full 0):
 garbage-first heap   total 140288K, used 106039K [0x0000000080000000, 0x0000000100000000)
  region size 1024K, 24 young (24576K), 3 survivors (3072K)
 Metaspace       used 75968K, committed 78080K, reserved 1179648K
  class space    used 10614K, committed 11584K, reserved 1048576K
}
Event: 27.880 GC heap after
{Heap after GC invocations=36 (full 0):
 garbage-first heap   total 140288K, used 87801K [0x0000000080000000, 0x0000000100000000)
  region size 1024K, 5 young (5120K), 5 survivors (5120K)
 Metaspace       used 75968K, committed 78080K, reserved 1179648K
  class space    used 10614K, committed 11584K, reserved 1048576K
}
Event: 29.129 GC heap before
{Heap before GC invocations=37 (full 0):
 garbage-first heap   total 150528K, used 128761K [0x0000000080000000, 0x0000000100000000)
  region size 1024K, 43 young (44032K), 5 survivors (5120K)
 Metaspace       used 78864K, committed 81024K, reserved 1179648K
  class space    used 11009K, committed 12032K, reserved 1048576K
}
Event: 29.137 GC heap after
{Heap after GC invocations=38 (full 0):
 garbage-first heap   total 150528K, used 91510K [0x0000000080000000, 0x0000000100000000)
  region size 1024K, 5 young (5120K), 5 survivors (5120K)
 Metaspace       used 78864K, committed 81024K, reserved 1179648K
  class space    used 11009K, committed 12032K, reserved 1048576K
}
Event: 30.376 GC heap before
{Heap before GC invocations=38 (full 0):
 garbage-first heap   total 150528K, used 135542K [0x0000000080000000, 0x0000000100000000)
  region size 1024K, 47 young (48128K), 5 survivors (5120K)
 Metaspace       used 82084K, committed 84288K, reserved 1179648K
  class space    used 11561K, committed 12608K, reserved 1048576K
}
Event: 30.386 GC heap after
{Heap after GC invocations=39 (full 0):
 garbage-first heap   total 150528K, used 91156K [0x0000000080000000, 0x0000000100000000)
  region size 1024K, 3 young (3072K), 3 survivors (3072K)
 Metaspace       used 82084K, committed 84288K, reserved 1179648K
  class space    used 11561K, committed 12608K, reserved 1048576K
}
Event: 31.499 GC heap before
{Heap before GC invocations=39 (full 0):
 garbage-first heap   total 150528K, used 136212K [0x0000000080000000, 0x0000000100000000)
  region size 1024K, 47 young (48128K), 3 survivors (3072K)
 Metaspace       used 85308K, committed 87488K, reserved 1179648K
  class space    used 12053K, committed 13120K, reserved 1048576K
}
Event: 31.504 GC heap after
{Heap after GC invocations=40 (full 0):
 garbage-first heap   total 150528K, used 93185K [0x0000000080000000, 0x0000000100000000)
  region size 1024K, 5 young (5120K), 5 survivors (5120K)
 Metaspace       used 85308K, committed 87488K, reserved 1179648K
  class space    used 12053K, committed 13120K, reserved 1048576K
}
Event: 32.756 GC heap before
{Heap before GC invocations=41 (full 0):
 garbage-first heap   total 157696K, used 142337K [0x0000000080000000, 0x0000000100000000)
  region size 1024K, 49 young (50176K), 5 survivors (5120K)
 Metaspace       used 89338K, committed 91648K, reserved 1179648K
  class space    used 12542K, committed 13696K, reserved 1048576K
}
Event: 32.770 GC heap after
{Heap after GC invocations=42 (full 0):
 garbage-first heap   total 157696K, used 97731K [0x0000000080000000, 0x0000000100000000)
  region size 1024K, 7 young (7168K), 7 survivors (7168K)
 Metaspace       used 89338K, committed 91648K, reserved 1179648K
  class space    used 12542K, committed 13696K, reserved 1048576K
}

