# JRE version: OpenJDK Runtime Environment Temurin-21.0.11+10 (21.0.11+10) (build 21.0.11+10-LTS)
# Java VM: OpenJDK 64-Bit Server VM Temurin-21.0.11+10 (21.0.11+10-LTS, mixed mode, sharing, tiered, compressed oops, compressed class ptrs, parallel gc, windows-amd64)
GC Precious Log:
 CardTable entry size: 512
 CPUs: 8 total, 8 available
 Memory: 7914M
 Large Page Support: Disabled
 NUMA Support: Disabled
 Compressed Oops: Enabled (32-bit)
 Alignments: Space 512K, Generation 512K, Heap 2M
 Heap Min Capacity: 100M
 Heap Initial Capacity: 100M
 Heap Max Capacity: 2G
 Pre-touch: Disabled
 Parallel Workers: 8
Heap:
 PSYoungGen      total 12800K, used 5738K [0x00000000d5580000, 0x00000000d6400000, 0x0000000100000000)
  eden space 12288K, 44% used [0x00000000d5580000,0x00000000d5ae2aa0,0x00000000d6180000)
  from space 512K, 43% used [0x00000000d6380000,0x00000000d63b8000,0x00000000d6400000)
  to   space 512K, 0% used [0x00000000d6300000,0x00000000d6300000,0x00000000d6380000)
 ParOldGen       total 68608K, used 46881K [0x0000000080000000, 0x0000000084300000, 0x00000000d5580000)
  object space 68608K, 68% used [0x0000000080000000,0x0000000082dc87b8,0x0000000084300000)
 Metaspace       used 63645K, committed 65088K, reserved 1114112K
  class space    used 8026K, committed 8704K, reserved 1048576K
GC Heap History (20 events):
Event: 18.309 GC heap before
{Heap before GC invocations=62 (full 3):
 PSYoungGen      total 12800K, used 12798K [0x00000000d5580000, 0x00000000d6480000, 0x0000000100000000)
  eden space 12288K, 100% used [0x00000000d5580000,0x00000000d6180000,0x00000000d6180000)
  from space 512K, 99% used [0x00000000d6400000,0x00000000d647f8f0,0x00000000d6480000)
  to   space 1536K, 0% used [0x00000000d6180000,0x00000000d6180000,0x00000000d6300000)
 ParOldGen       total 68608K, used 44045K [0x0000000080000000, 0x0000000084300000, 0x00000000d5580000)
  object space 68608K, 64% used [0x0000000080000000,0x0000000082b03458,0x0000000084300000)
 Metaspace       used 60215K, committed 61504K, reserved 1114112K
  class space    used 7542K, committed 8128K, reserved 1048576K
}
Event: 18.311 GC heap after
{Heap after GC invocations=62 (full 3):
 PSYoungGen      total 13824K, used 192K [0x00000000d5580000, 0x00000000d6480000, 0x0000000100000000)
  eden space 12288K, 0% used [0x00000000d5580000,0x00000000d5580000,0x00000000d6180000)
  from space 1536K, 12% used [0x00000000d6180000,0x00000000d61b0000,0x00000000d6300000)
  to   space 512K, 0% used [0x00000000d6400000,0x00000000d6400000,0x00000000d6480000)
 ParOldGen       total 68608K, used 44242K [0x0000000080000000, 0x0000000084300000, 0x00000000d5580000)
  object space 68608K, 64% used [0x0000000080000000,0x0000000082b349d0,0x0000000084300000)
 Metaspace       used 60215K, committed 61504K, reserved 1114112K
  class space    used 7542K, committed 8128K, reserved 1048576K
}
Event: 18.446 GC heap before
{Heap before GC invocations=63 (full 3):
 PSYoungGen      total 13824K, used 12480K [0x00000000d5580000, 0x00000000d6480000, 0x0000000100000000)
  eden space 12288K, 100% used [0x00000000d5580000,0x00000000d6180000,0x00000000d6180000)
  from space 1536K, 12% used [0x00000000d6180000,0x00000000d61b0000,0x00000000d6300000)
  to   space 512K, 0% used [0x00000000d6400000,0x00000000d6400000,0x00000000d6480000)
 ParOldGen       total 68608K, used 44242K [0x0000000080000000, 0x0000000084300000, 0x00000000d5580000)
  object space 68608K, 64% used [0x0000000080000000,0x0000000082b349d0,0x0000000084300000)
 Metaspace       used 60215K, committed 61504K, reserved 1114112K
  class space    used 7542K, committed 8128K, reserved 1048576K
}
Event: 18.447 GC heap after
{Heap after GC invocations=63 (full 3):
 PSYoungGen      total 12800K, used 492K [0x00000000d5580000, 0x00000000d6480000, 0x0000000100000000)
  eden space 12288K, 0% used [0x00000000d5580000,0x00000000d5580000,0x00000000d6180000)
  from space 512K, 96% used [0x00000000d6400000,0x00000000d647b080,0x00000000d6480000)
  to   space 1536K, 0% used [0x00000000d6180000,0x00000000d6180000,0x00000000d6300000)
 ParOldGen       total 68608K, used 44651K [0x0000000080000000, 0x0000000084300000, 0x00000000d5580000)
  object space 68608K, 65% used [0x0000000080000000,0x0000000082b9ad80,0x0000000084300000)
 Metaspace       used 60215K, committed 61504K, reserved 1114112K
  class space    used 7542K, committed 8128K, reserved 1048576K
}
Event: 18.563 GC heap before
{Heap before GC invocations=64 (full 3):
 PSYoungGen      total 12800K, used 12780K [0x00000000d5580000, 0x00000000d6480000, 0x0000000100000000)
  eden space 12288K, 100% used [0x00000000d5580000,0x00000000d6180000,0x00000000d6180000)
  from space 512K, 96% used [0x00000000d6400000,0x00000000d647b080,0x00000000d6480000)
  to   space 1536K, 0% used [0x00000000d6180000,0x00000000d6180000,0x00000000d6300000)
 ParOldGen       total 68608K, used 44651K [0x0000000080000000, 0x0000000084300000, 0x00000000d5580000)
  object space 68608K, 65% used [0x0000000080000000,0x0000000082b9ad80,0x0000000084300000)
 Metaspace       used 60215K, committed 61504K, reserved 1114112K
  class space    used 7542K, committed 8128K, reserved 1048576K
}
Event: 18.563 GC heap after
{Heap after GC invocations=64 (full 3):
 PSYoungGen      total 13824K, used 192K [0x00000000d5580000, 0x00000000d6480000, 0x0000000100000000)
  eden space 12288K, 0% used [0x00000000d5580000,0x00000000d5580000,0x00000000d6180000)
  from space 1536K, 12% used [0x00000000d6180000,0x00000000d61b0000,0x00000000d6300000)
  to   space 512K, 0% used [0x00000000d6400000,0x00000000d6400000,0x00000000d6480000)
 ParOldGen       total 68608K, used 44707K [0x0000000080000000, 0x0000000084300000, 0x00000000d5580000)
  object space 68608K, 65% used [0x0000000080000000,0x0000000082ba8d80,0x0000000084300000)
 Metaspace       used 60215K, committed 61504K, reserved 1114112K
  class space    used 7542K, committed 8128K, reserved 1048576K
}
Event: 18.668 GC heap before
{Heap before GC invocations=65 (full 3):
 PSYoungGen      total 13824K, used 12480K [0x00000000d5580000, 0x00000000d6480000, 0x0000000100000000)
  eden space 12288K, 100% used [0x00000000d5580000,0x00000000d6180000,0x00000000d6180000)
  from space 1536K, 12% used [0x00000000d6180000,0x00000000d61b0000,0x00000000d6300000)
  to   space 512K, 0% used [0x00000000d6400000,0x00000000d6400000,0x00000000d6480000)
 ParOldGen       total 68608K, used 44707K [0x0000000080000000, 0x0000000084300000, 0x00000000d5580000)
  object space 68608K, 65% used [0x0000000080000000,0x0000000082ba8d80,0x0000000084300000)
 Metaspace       used 60215K, committed 61504K, reserved 1114112K
  class space    used 7542K, committed 8128K, reserved 1048576K
}
Event: 18.669 GC heap after
{Heap after GC invocations=65 (full 3):
 PSYoungGen      total 12800K, used 511K [0x00000000d5580000, 0x00000000d6480000, 0x0000000100000000)
  eden space 12288K, 0% used [0x00000000d5580000,0x00000000d5580000,0x00000000d6180000)
  from space 512K, 99% used [0x00000000d6400000,0x00000000d647ff50,0x00000000d6480000)
  to   space 1536K, 0% used [0x00000000d6180000,0x00000000d6180000,0x00000000d6300000)
 ParOldGen       total 68608K, used 45482K [0x0000000080000000, 0x0000000084300000, 0x00000000d5580000)
  object space 68608K, 66% used [0x0000000080000000,0x0000000082c6aa88,0x0000000084300000)
 Metaspace       used 60215K, committed 61504K, reserved 1114112K
  class space    used 7542K, committed 8128K, reserved 1048576K
}
Event: 18.777 GC heap before
{Heap before GC invocations=66 (full 3):
 PSYoungGen      total 12800K, used 12799K [0x00000000d5580000, 0x00000000d6480000, 0x0000000100000000)
  eden space 12288K, 100% used [0x00000000d5580000,0x00000000d6180000,0x00000000d6180000)
  from space 512K, 99% used [0x00000000d6400000,0x00000000d647ff50,0x00000000d6480000)
  to   space 1536K, 0% used [0x00000000d6180000,0x00000000d6180000,0x00000000d6300000)
 ParOldGen       total 68608K, used 45482K [0x0000000080000000, 0x0000000084300000, 0x00000000d5580000)
  object space 68608K, 66% used [0x0000000080000000,0x0000000082c6aa88,0x0000000084300000)
 Metaspace       used 60230K, committed 61504K, reserved 1114112K
  class space    used 7546K, committed 8128K, reserved 1048576K
}
Event: 18.778 GC heap after
{Heap after GC invocations=66 (full 3):
 PSYoungGen      total 13824K, used 288K [0x00000000d5580000, 0x00000000d6480000, 0x0000000100000000)
  eden space 12288K, 0% used [0x00000000d5580000,0x00000000d5580000,0x00000000d6180000)
  from space 1536K, 18% used [0x00000000d6180000,0x00000000d61c8000,0x00000000d6300000)
  to   space 1024K, 0% used [0x00000000d6380000,0x00000000d6380000,0x00000000d6480000)
 ParOldGen       total 68608K, used 45522K [0x0000000080000000, 0x0000000084300000, 0x00000000d5580000)
  object space 68608K, 66% used [0x0000000080000000,0x0000000082c74a88,0x0000000084300000)
 Metaspace       used 60230K, committed 61504K, reserved 1114112K
  class space    used 7546K, committed 8128K, reserved 1048576K
}
Event: 19.192 GC heap before
{Heap before GC invocations=67 (full 3):
 PSYoungGen      total 13824K, used 12576K [0x00000000d5580000, 0x00000000d6480000, 0x0000000100000000)
  eden space 12288K, 100% used [0x00000000d5580000,0x00000000d6180000,0x00000000d6180000)
  from space 1536K, 18% used [0x00000000d6180000,0x00000000d61c8000,0x00000000d6300000)
  to   space 1024K, 0% used [0x00000000d6380000,0x00000000d6380000,0x00000000d6480000)
 ParOldGen       total 68608K, used 45522K [0x0000000080000000, 0x0000000084300000, 0x00000000d5580000)
  object space 68608K, 66% used [0x0000000080000000,0x0000000082c74a88,0x0000000084300000)
 Metaspace       used 61682K, committed 63040K, reserved 1114112K
  class space    used 7766K, committed 8384K, reserved 1048576K
}
Event: 19.193 GC heap after
{Heap after GC invocations=67 (full 3):
 PSYoungGen      total 13312K, used 576K [0x00000000d5580000, 0x00000000d6480000, 0x0000000100000000)
  eden space 12288K, 0% used [0x00000000d5580000,0x00000000d5580000,0x00000000d6180000)
  from space 1024K, 56% used [0x00000000d6380000,0x00000000d6410000,0x00000000d6480000)
  to   space 1024K, 0% used [0x00000000d6280000,0x00000000d6280000,0x00000000d6380000)
 ParOldGen       total 68608K, used 45634K [0x0000000080000000, 0x0000000084300000, 0x00000000d5580000)
  object space 68608K, 66% used [0x0000000080000000,0x0000000082c90a88,0x0000000084300000)
 Metaspace       used 61682K, committed 63040K, reserved 1114112K
  class space    used 7766K, committed 8384K, reserved 1048576K
}
Event: 19.663 GC heap before
{Heap before GC invocations=68 (full 3):
 PSYoungGen      total 13312K, used 12864K [0x00000000d5580000, 0x00000000d6480000, 0x0000000100000000)
  eden space 12288K, 100% used [0x00000000d5580000,0x00000000d6180000,0x00000000d6180000)
  from space 1024K, 56% used [0x00000000d6380000,0x00000000d6410000,0x00000000d6480000)
  to   space 1024K, 0% used [0x00000000d6280000,0x00000000d6280000,0x00000000d6380000)
 ParOldGen       total 68608K, used 45634K [0x0000000080000000, 0x0000000084300000, 0x00000000d5580000)
  object space 68608K, 66% used [0x0000000080000000,0x0000000082c90a88,0x0000000084300000)
 Metaspace       used 63169K, committed 64640K, reserved 1114112K
  class space    used 8007K, committed 8704K, reserved 1048576K
}
Event: 19.666 GC heap after
{Heap after GC invocations=68 (full 3):
 PSYoungGen      total 13312K, used 800K [0x00000000d5580000, 0x00000000d6400000, 0x0000000100000000)
  eden space 12288K, 0% used [0x00000000d5580000,0x00000000d5580000,0x00000000d6180000)
  from space 1024K, 78% used [0x00000000d6280000,0x00000000d6348000,0x00000000d6380000)
  to   space 512K, 0% used [0x00000000d6380000,0x00000000d6380000,0x00000000d6400000)
 ParOldGen       total 68608K, used 46097K [0x0000000080000000, 0x0000000084300000, 0x00000000d5580000)
  object space 68608K, 67% used [0x0000000080000000,0x0000000082d04798,0x0000000084300000)
 Metaspace       used 63169K, committed 64640K, reserved 1114112K
  class space    used 8007K, committed 8704K, reserved 1048576K
}
Event: 23.179 GC heap before
{Heap before GC invocations=69 (full 3):
 PSYoungGen      total 13312K, used 13088K [0x00000000d5580000, 0x00000000d6400000, 0x0000000100000000)
  eden space 12288K, 100% used [0x00000000d5580000,0x00000000d6180000,0x00000000d6180000)
  from space 1024K, 78% used [0x00000000d6280000,0x00000000d6348000,0x00000000d6380000)
  to   space 512K, 0% used [0x00000000d6380000,0x00000000d6380000,0x00000000d6400000)
 ParOldGen       total 68608K, used 46097K [0x0000000080000000, 0x0000000084300000, 0x00000000d5580000)
  object space 68608K, 67% used [0x0000000080000000,0x0000000082d04798,0x0000000084300000)
 Metaspace       used 63453K, committed 64896K, reserved 1114112K
  class space    used 8012K, committed 8704K, reserved 1048576K
}
Event: 23.181 GC heap after
{Heap after GC invocations=69 (full 3):
 PSYoungGen      total 12800K, used 224K [0x00000000d5580000, 0x00000000d6400000, 0x0000000100000000)
  eden space 12288K, 0% used [0x00000000d5580000,0x00000000d5580000,0x00000000d6180000)
  from space 512K, 43% used [0x00000000d6380000,0x00000000d63b8000,0x00000000d6400000)
  to   space 512K, 0% used [0x00000000d6300000,0x00000000d6300000,0x00000000d6380000)
 ParOldGen       total 68608K, used 46785K [0x0000000080000000, 0x0000000084300000, 0x00000000d5580000)
  object space 68608K, 68% used [0x0000000080000000,0x0000000082db07b8,0x0000000084300000)
 Metaspace       used 63453K, committed 64896K, reserved 1114112K
  class space    used 8012K, committed 8704K, reserved 1048576K
}
Event: 23.297 GC heap before
{Heap before GC invocations=70 (full 3):
 PSYoungGen      total 12800K, used 12512K [0x00000000d5580000, 0x00000000d6400000, 0x0000000100000000)
  eden space 12288K, 100% used [0x00000000d5580000,0x00000000d6180000,0x00000000d6180000)
  from space 512K, 43% used [0x00000000d6380000,0x00000000d63b8000,0x00000000d6400000)
  to   space 512K, 0% used [0x00000000d6300000,0x00000000d6300000,0x00000000d6380000)
 ParOldGen       total 68608K, used 46785K [0x0000000080000000, 0x0000000084300000, 0x00000000d5580000)
  object space 68608K, 68% used [0x0000000080000000,0x0000000082db07b8,0x0000000084300000)
 Metaspace       used 63460K, committed 64896K, reserved 1114112K
  class space    used 8012K, committed 8704K, reserved 1048576K
}
Event: 23.298 GC heap after
{Heap after GC invocations=70 (full 3):
 PSYoungGen      total 12800K, used 224K [0x00000000d5580000, 0x00000000d6400000, 0x0000000100000000)
  eden space 12288K, 0% used [0x00000000d5580000,0x00000000d5580000,0x00000000d6180000)
  from space 512K, 43% used [0x00000000d6300000,0x00000000d6338000,0x00000000d6380000)
  to   space 512K, 0% used [0x00000000d6380000,0x00000000d6380000,0x00000000d6400000)
 ParOldGen       total 68608K, used 46857K [0x0000000080000000, 0x0000000084300000, 0x00000000d5580000)
  object space 68608K, 68% used [0x0000000080000000,0x0000000082dc27b8,0x0000000084300000)
 Metaspace       used 63460K, committed 64896K, reserved 1114112K
  class space    used 8012K, committed 8704K, reserved 1048576K
}
Event: 28.805 GC heap before
{Heap before GC invocations=71 (full 3):
 PSYoungGen      total 12800K, used 12512K [0x00000000d5580000, 0x00000000d6400000, 0x0000000100000000)
  eden space 12288K, 100% used [0x00000000d5580000,0x00000000d6180000,0x00000000d6180000)
  from space 512K, 43% used [0x00000000d6300000,0x00000000d6338000,0x00000000d6380000)
  to   space 512K, 0% used [0x00000000d6380000,0x00000000d6380000,0x00000000d6400000)
 ParOldGen       total 68608K, used 46857K [0x0000000080000000, 0x0000000084300000, 0x00000000d5580000)
  object space 68608K, 68% used [0x0000000080000000,0x0000000082dc27b8,0x0000000084300000)
 Metaspace       used 63504K, committed 64960K, reserved 1114112K
  class space    used 8019K, committed 8704K, reserved 1048576K
}
Event: 28.807 GC heap after
{Heap after GC invocations=71 (full 3):
 PSYoungGen      total 12800K, used 224K [0x00000000d5580000, 0x00000000d6400000, 0x0000000100000000)
  eden space 12288K, 0% used [0x00000000d5580000,0x00000000d5580000,0x00000000d6180000)
  from space 512K, 43% used [0x00000000d6380000,0x00000000d63b8000,0x00000000d6400000)
  to   space 512K, 0% used [0x00000000d6300000,0x00000000d6300000,0x00000000d6380000)
 ParOldGen       total 68608K, used 46881K [0x0000000080000000, 0x0000000084300000, 0x00000000d5580000)
  object space 68608K, 68% used [0x0000000080000000,0x0000000082dc87b8,0x0000000084300000)
 Metaspace       used 63504K, committed 64960K, reserved 1114112K
  class space    used 8019K, committed 8704K, reserved 1048576K
}

