# JRE version: OpenJDK Runtime Environment Temurin-21.0.11+10 (21.0.11+10) (build 21.0.11+10-LTS)
# Java VM: OpenJDK 64-Bit Server VM Temurin-21.0.11+10 (21.0.11+10-LTS, mixed mode, sharing, tiered, compressed oops, compressed class ptrs, g1 gc, windows-amd64)
GC Precious Log:
 CardTable entry size: 512
 Card Set container configuration: InlinePtr #cards 5 size 8 Array Of Cards #cards 12 size 40 Howl #buckets 4 coarsen threshold 1843 Howl Bitmap #cards 512 size 80 coarsen threshold 460 Card regions per heap region 1 cards per card region 2048
 CPUs: 8 total, 8 available
 Memory: 7914M
 Large Page Support: Disabled
 NUMA Support: Disabled
 Compressed Oops: Enabled (32-bit)
 Heap Region Size: 1M
 Heap Min Capacity: 8M
 Heap Initial Capacity: 124M
 Heap Max Capacity: 2G
 Pre-touch: Disabled
 Parallel Workers: 8
 Concurrent Workers: 2
 Concurrent Refinement Workers: 8
 Periodic GC: Disabled
Heap:
 garbage-first heap   total 193536K, used 135434K [0x0000000080000000, 0x0000000100000000)
  region size 1024K, 29 young (29696K), 8 survivors (8192K)
 Metaspace       used 104431K, committed 106816K, reserved 1179648K
  class space    used 14377K, committed 15552K, reserved 1048576K
GC Heap History (20 events):
Event: 11.644 GC heap before
{Heap before GC invocations=29 (full 0):
 garbage-first heap   total 153600K, used 104575K [0x0000000080000000, 0x0000000100000000)
  region size 1024K, 24 young (24576K), 6 survivors (6144K)
 Metaspace       used 76027K, committed 78080K, reserved 1179648K
  class space    used 10644K, committed 11648K, reserved 1048576K
}
Event: 11.648 GC heap after
{Heap after GC invocations=30 (full 0):
 garbage-first heap   total 153600K, used 88463K [0x0000000080000000, 0x0000000100000000)
  region size 1024K, 3 young (3072K), 3 survivors (3072K)
 Metaspace       used 76027K, committed 78080K, reserved 1179648K
  class space    used 10644K, committed 11648K, reserved 1048576K
}
Event: 12.405 GC heap before
{Heap before GC invocations=31 (full 0):
 garbage-first heap   total 153600K, used 131471K [0x0000000080000000, 0x0000000100000000)
  region size 1024K, 43 young (44032K), 3 survivors (3072K)
 Metaspace       used 79115K, committed 81216K, reserved 1179648K
  class space    used 11070K, committed 12096K, reserved 1048576K
}
Event: 12.410 GC heap after
{Heap after GC invocations=32 (full 0):
 garbage-first heap   total 153600K, used 91859K [0x0000000080000000, 0x0000000100000000)
  region size 1024K, 4 young (4096K), 4 survivors (4096K)
 Metaspace       used 79115K, committed 81216K, reserved 1179648K
  class space    used 11070K, committed 12096K, reserved 1048576K
}
Event: 13.102 GC heap before
{Heap before GC invocations=32 (full 0):
 garbage-first heap   total 153600K, used 134867K [0x0000000080000000, 0x0000000100000000)
  region size 1024K, 45 young (46080K), 4 survivors (4096K)
 Metaspace       used 82276K, committed 84416K, reserved 1179648K
  class space    used 11622K, committed 12672K, reserved 1048576K
}
Event: 13.108 GC heap after
{Heap after GC invocations=33 (full 0):
 garbage-first heap   total 153600K, used 91555K [0x0000000080000000, 0x0000000100000000)
  region size 1024K, 3 young (3072K), 3 survivors (3072K)
 Metaspace       used 82276K, committed 84416K, reserved 1179648K
  class space    used 11622K, committed 12672K, reserved 1048576K
}
Event: 13.841 GC heap before
{Heap before GC invocations=33 (full 0):
 garbage-first heap   total 153600K, used 135587K [0x0000000080000000, 0x0000000100000000)
  region size 1024K, 46 young (47104K), 3 survivors (3072K)
 Metaspace       used 85412K, committed 87616K, reserved 1179648K
  class space    used 12096K, committed 13184K, reserved 1048576K
}
Event: 13.846 GC heap after
{Heap after GC invocations=34 (full 0):
 garbage-first heap   total 153600K, used 93391K [0x0000000080000000, 0x0000000100000000)
  region size 1024K, 5 young (5120K), 5 survivors (5120K)
 Metaspace       used 85412K, committed 87616K, reserved 1179648K
  class space    used 12096K, committed 13184K, reserved 1048576K
}
Event: 14.748 GC heap before
{Heap before GC invocations=35 (full 0):
 garbage-first heap   total 157696K, used 143567K [0x0000000080000000, 0x0000000100000000)
  region size 1024K, 49 young (50176K), 5 survivors (5120K)
 Metaspace       used 88662K, committed 90944K, reserved 1179648K
  class space    used 12417K, committed 13568K, reserved 1048576K
}
Event: 14.756 GC heap after
{Heap after GC invocations=36 (full 0):
 garbage-first heap   total 157696K, used 99541K [0x0000000080000000, 0x0000000100000000)
  region size 1024K, 7 young (7168K), 7 survivors (7168K)
 Metaspace       used 88662K, committed 90944K, reserved 1179648K
  class space    used 12417K, committed 13568K, reserved 1048576K
}
Event: 15.306 GC heap before
{Heap before GC invocations=36 (full 0):
 garbage-first heap   total 157696K, used 141525K [0x0000000080000000, 0x0000000100000000)
  region size 1024K, 48 young (49152K), 7 survivors (7168K)
 Metaspace       used 90858K, committed 93120K, reserved 1179648K
  class space    used 12715K, committed 13824K, reserved 1048576K
}
Event: 15.317 GC heap after
{Heap after GC invocations=37 (full 0):
 garbage-first heap   total 157696K, used 101465K [0x0000000080000000, 0x0000000100000000)
  region size 1024K, 3 young (3072K), 3 survivors (3072K)
 Metaspace       used 90858K, committed 93120K, reserved 1179648K
  class space    used 12715K, committed 13824K, reserved 1048576K
}
Event: 16.111 GC heap before
{Heap before GC invocations=37 (full 0):
 garbage-first heap   total 157696K, used 143449K [0x0000000080000000, 0x0000000100000000)
  region size 1024K, 44 young (45056K), 3 survivors (3072K)
 Metaspace       used 92829K, committed 95104K, reserved 1179648K
  class space    used 13003K, committed 14144K, reserved 1048576K
}
Event: 16.118 GC heap after
{Heap after GC invocations=38 (full 0):
 garbage-first heap   total 189440K, used 104901K [0x0000000080000000, 0x0000000100000000)
  region size 1024K, 6 young (6144K), 6 survivors (6144K)
 Metaspace       used 92829K, committed 95104K, reserved 1179648K
  class space    used 13003K, committed 14144K, reserved 1048576K
}
Event: 17.893 GC heap before
{Heap before GC invocations=39 (full 0):
 garbage-first heap   total 189440K, used 169413K [0x0000000080000000, 0x0000000100000000)
  region size 1024K, 70 young (71680K), 6 survivors (6144K)
 Metaspace       used 98011K, committed 100352K, reserved 1179648K
  class space    used 13732K, committed 14912K, reserved 1048576K
}
Event: 17.904 GC heap after
{Heap after GC invocations=40 (full 0):
 garbage-first heap   total 189440K, used 108290K [0x0000000080000000, 0x0000000100000000)
  region size 1024K, 7 young (7168K), 7 survivors (7168K)
 Metaspace       used 98011K, committed 100352K, reserved 1179648K
  class space    used 13732K, committed 14912K, reserved 1048576K
}
Event: 21.670 GC heap before
{Heap before GC invocations=40 (full 0):
 garbage-first heap   total 189440K, used 171778K [0x0000000080000000, 0x0000000100000000)
  region size 1024K, 70 young (71680K), 7 survivors (7168K)
 Metaspace       used 102704K, committed 105024K, reserved 1179648K
  class space    used 14163K, committed 15296K, reserved 1048576K
}
Event: 21.679 GC heap after
{Heap after GC invocations=41 (full 0):
 garbage-first heap   total 189440K, used 109725K [0x0000000080000000, 0x0000000100000000)
  region size 1024K, 6 young (6144K), 6 survivors (6144K)
 Metaspace       used 102704K, committed 105024K, reserved 1179648K
  class space    used 14163K, committed 15296K, reserved 1048576K
}
Event: 22.609 GC heap before
{Heap before GC invocations=41 (full 0):
 garbage-first heap   total 189440K, used 173213K [0x0000000080000000, 0x0000000100000000)
  region size 1024K, 69 young (70656K), 6 survivors (6144K)
 Metaspace       used 104085K, committed 106496K, reserved 1179648K
  class space    used 14324K, committed 15488K, reserved 1048576K
}
Event: 22.619 GC heap after
{Heap after GC invocations=42 (full 0):
 garbage-first heap   total 189440K, used 114954K [0x0000000080000000, 0x0000000100000000)
  region size 1024K, 8 young (8192K), 8 survivors (8192K)
 Metaspace       used 104085K, committed 106496K, reserved 1179648K
  class space    used 14324K, committed 15488K, reserved 1048576K
}

